============================= test session starts =============================
platform win32 -- Python 3.11.1, pytest-8.4.1, pluggy-1.6.0
rootdir: C:\final\backend
configfile: pytest.ini
plugins: anyio-4.10.0, asyncio-1.1.0
asyncio: mode=Mode.STRICT, asyncio_default_fixture_loop_scope=None, asyncio_default_test_loop_scope=function
collected 261 items

tests\integration\test_api_integration.py ...                            [  1%]
tests\integration\test_e2e_clinic.py .                                   [  1%]
tests\integration\test_e2e_doctor_visit.py ............                  [  6%]
tests\integration\test_e2e_migration_flow.py FFFFF                       [  8%]
tests\integration\test_e2e_patient_flow.py EEEEEEEEFF                    [ 11%]
tests\integration\test_e2e_payment_flow.py E..EE...F                     [ 15%]
tests\integration\test_e2e_visit_flow.py EFFFFFF                         [ 18%]
tests\integration\test_migration_management_api.py ....F.......F.....F   [ 25%]
tests\integration\test_online_queue_scenarios.py ......                  [ 27%]
tests\integration\test_queue_batch_api.py EEEEEEEEEEEEEEFE               [ 33%]
tests\integration\test_rbac_matrix.py ...................                [ 40%]
tests\integration\test_server_integration.py FFF                         [ 42%]
tests\integration\test_visit_confirmation_api.py F.FFFFFF...FFFF.        [ 48%]
tests\test_2fa_enforcement.py FF...                                      [ 50%]
tests\test_api_responses.py ....................                         [ 57%]
tests\test_audit_logs.py .............                                   [ 62%]
tests\test_file_security.py FF.FF                                        [ 64%]
tests\test_payment_model.py .                                            [ 65%]
tests\test_security_middleware.py FFFF.FF....F                           [ 69%]
tests\test_settings.py ........                                          [ 72%]
tests\test_validators.py ................................                [ 85%]
tests\unit\test_confirmation_security.py F.FFF..........                 [ 90%]
tests\unit\test_migration_service.py ....F..FFFF...F.....                [ 98%]
tests\unit\test_simple.py ....                                           [100%]

=================================== ERRORS ====================================
____ ERROR at setup of TestPatientFlow.test_patient_can_view_appointments _____

db_session = <sqlalchemy.orm.session.Session object at 0x0000020703625950>

    @pytest.fixture
    def patient_user_with_data(db_session):
        """╤ючфрхЄ ярЎшхэЄр ё чряшё ьш ш Ёхчєы№ЄрЄрьш"""
        # ╤ючфрхь яюы№чютрЄхы -ярЎшхэЄр (phone эх эєцхэ т User)
        user = db_session.query(User).filter(User.username == "e2e_patient").first()
        if not user:
            user = User(
                username="e2e_patient",
                email="e2e_patient@test.com",
                full_name="╥хёЄ ╧рЎшхэЄют",
                hashed_password=get_password_hash("patient123"),
                role="Patient",
                is_active=True,
            )
            db_session.add(user)
            db_session.commit()
            db_session.refresh(user)
    
        # ╤ючфрхь чряшё№ ярЎшхэЄр
        patient = db_session.query(Patient).filter(Patient.phone == "+998901112233").first()
        if not patient:
>           patient = Patient(
                first_name="╥хёЄ",
                last_name="╧рЎшхэЄют",
                middle_name="╥хёЄютшў",
                phone="+998901112233",
                email="e2e_patient@test.com",
                birth_date=date(1990, 5, 15),
            )

tests\integration\test_e2e_patient_flow.py:52: 
_ _ _ _ _ _ _ _ _ _ _ _ _ _ _ _ _ _ _ _ _ _ _ _ _ _ _ _ _ _ _ _ _ _ _ _ _ _ _ _
<string>:4: in __init__
    ???
C:\Program Files\Python311\Lib\site-packages\sqlalchemy\orm\state.py:571: in _initialize_instance
    with util.safe_reraise():
C:\Program Files\Python311\Lib\site-packages\sqlalchemy\util\langhelpers.py:224: in __exit__
    raise exc_value.with_traceback(exc_tb)
C:\Program Files\Python311\Lib\site-packages\sqlalchemy\orm\state.py:569: in _initialize_instance
    manager.original_init(*mixed[1:], **kwargs)
_ _ _ _ _ _ _ _ _ _ _ _ _ _ _ _ _ _ _ _ _ _ _ _ _ _ _ _ _ _ _ _ _ _ _ _ _ _ _ _

self = <app.models.patient.Patient object at 0x000002070368F210>
kwargs = {'birth_date': datetime.date(1990, 5, 15), 'email': 'e2e_patient@test.com', 'first_name': '╥хёЄ', 'last_name': '╧рЎшхэЄют', ...}
cls_ = <class 'app.models.patient.Patient'>, k = 'email'

    def _declarative_constructor(self: Any, **kwargs: Any) -> None:
        """A simple constructor that allows initialization from kwargs.
    
        Sets attributes on the constructed instance using the names and
        values in ``kwargs``.
    
        Only keys that are present as
        attributes of the instance's class are allowed. These could be,
        for example, any mapped columns or relationships.
        """
        cls_ = type(self)
        for k in kwargs:
            if not hasattr(cls_, k):
>               raise TypeError(
                    "%r is an invalid keyword argument for %s" % (k, cls_.__name__)
                )
E               TypeError: 'email' is an invalid keyword argument for Patient

C:\Program Files\Python311\Lib\site-packages\sqlalchemy\orm\decl_base.py:2179: TypeError
_ ERROR at setup of TestPatientFlow.test_patient_can_view_single_appointment __

db_session = <sqlalchemy.orm.session.Session object at 0x00000207036658D0>

    @pytest.fixture
    def patient_user_with_data(db_session):
        """╤ючфрхЄ ярЎшхэЄр ё чряшё ьш ш Ёхчєы№ЄрЄрьш"""
        # ╤ючфрхь яюы№чютрЄхы -ярЎшхэЄр (phone эх эєцхэ т User)
        user = db_session.query(User).filter(User.username == "e2e_patient").first()
        if not user:
            user = User(
                username="e2e_patient",
                email="e2e_patient@test.com",
                full_name="╥хёЄ ╧рЎшхэЄют",
                hashed_password=get_password_hash("patient123"),
                role="Patient",
                is_active=True,
            )
            db_session.add(user)
            db_session.commit()
            db_session.refresh(user)
    
        # ╤ючфрхь чряшё№ ярЎшхэЄр
        patient = db_session.query(Patient).filter(Patient.phone == "+998901112233").first()
        if not patient:
>           patient = Patient(
                first_name="╥хёЄ",
                last_name="╧рЎшхэЄют",
                middle_name="╥хёЄютшў",
                phone="+998901112233",
                email="e2e_patient@test.com",
                birth_date=date(1990, 5, 15),
            )

tests\integration\test_e2e_patient_flow.py:52: 
_ _ _ _ _ _ _ _ _ _ _ _ _ _ _ _ _ _ _ _ _ _ _ _ _ _ _ _ _ _ _ _ _ _ _ _ _ _ _ _
<string>:4: in __init__
    ???
C:\Program Files\Python311\Lib\site-packages\sqlalchemy\orm\state.py:571: in _initialize_instance
    with util.safe_reraise():
C:\Program Files\Python311\Lib\site-packages\sqlalchemy\util\langhelpers.py:224: in __exit__
    raise exc_value.with_traceback(exc_tb)
C:\Program Files\Python311\Lib\site-packages\sqlalchemy\orm\state.py:569: in _initialize_instance
    manager.original_init(*mixed[1:], **kwargs)
_ _ _ _ _ _ _ _ _ _ _ _ _ _ _ _ _ _ _ _ _ _ _ _ _ _ _ _ _ _ _ _ _ _ _ _ _ _ _ _

self = <app.models.patient.Patient object at 0x00000207037EEC50>
kwargs = {'birth_date': datetime.date(1990, 5, 15), 'email': 'e2e_patient@test.com', 'first_name': '╥хёЄ', 'last_name': '╧рЎшхэЄют', ...}
cls_ = <class 'app.models.patient.Patient'>, k = 'email'

    def _declarative_constructor(self: Any, **kwargs: Any) -> None:
        """A simple constructor that allows initialization from kwargs.
    
        Sets attributes on the constructed instance using the names and
        values in ``kwargs``.
    
        Only keys that are present as
        attributes of the instance's class are allowed. These could be,
        for example, any mapped columns or relationships.
        """
        cls_ = type(self)
        for k in kwargs:
            if not hasattr(cls_, k):
>               raise TypeError(
                    "%r is an invalid keyword argument for %s" % (k, cls_.__name__)
                )
E               TypeError: 'email' is an invalid keyword argument for Patient

C:\Program Files\Python311\Lib\site-packages\sqlalchemy\orm\decl_base.py:2179: TypeError
_ ERROR at setup of TestPatientFlow.test_patient_can_cancel_future_appointment _

db_session = <sqlalchemy.orm.session.Session object at 0x000002070362E350>

    @pytest.fixture
    def patient_user_with_data(db_session):
        """╤ючфрхЄ ярЎшхэЄр ё чряшё ьш ш Ёхчєы№ЄрЄрьш"""
        # ╤ючфрхь яюы№чютрЄхы -ярЎшхэЄр (phone эх эєцхэ т User)
        user = db_session.query(User).filter(User.username == "e2e_patient").first()
        if not user:
            user = User(
                username="e2e_patient",
                email="e2e_patient@test.com",
                full_name="╥хёЄ ╧рЎшхэЄют",
                hashed_password=get_password_hash("patient123"),
                role="Patient",
                is_active=True,
            )
            db_session.add(user)
            db_session.commit()
            db_session.refresh(user)
    
        # ╤ючфрхь чряшё№ ярЎшхэЄр
        patient = db_session.query(Patient).filter(Patient.phone == "+998901112233").first()
        if not patient:
>           patient = Patient(
                first_name="╥хёЄ",
                last_name="╧рЎшхэЄют",
                middle_name="╥хёЄютшў",
                phone="+998901112233",
                email="e2e_patient@test.com",
                birth_date=date(1990, 5, 15),
            )

tests\integration\test_e2e_patient_flow.py:52: 
_ _ _ _ _ _ _ _ _ _ _ _ _ _ _ _ _ _ _ _ _ _ _ _ _ _ _ _ _ _ _ _ _ _ _ _ _ _ _ _
<string>:4: in __init__
    ???
C:\Program Files\Python311\Lib\site-packages\sqlalchemy\orm\state.py:571: in _initialize_instance
    with util.safe_reraise():
C:\Program Files\Python311\Lib\site-packages\sqlalchemy\util\langhelpers.py:224: in __exit__
    raise exc_value.with_traceback(exc_tb)
C:\Program Files\Python311\Lib\site-packages\sqlalchemy\orm\state.py:569: in _initialize_instance
    manager.original_init(*mixed[1:], **kwargs)
_ _ _ _ _ _ _ _ _ _ _ _ _ _ _ _ _ _ _ _ _ _ _ _ _ _ _ _ _ _ _ _ _ _ _ _ _ _ _ _

self = <app.models.patient.Patient object at 0x0000020701972B90>
kwargs = {'birth_date': datetime.date(1990, 5, 15), 'email': 'e2e_patient@test.com', 'first_name': '╥хёЄ', 'last_name': '╧рЎшхэЄют', ...}
cls_ = <class 'app.models.patient.Patient'>, k = 'email'

    def _declarative_constructor(self: Any, **kwargs: Any) -> None:
        """A simple constructor that allows initialization from kwargs.
    
        Sets attributes on the constructed instance using the names and
        values in ``kwargs``.
    
        Only keys that are present as
        attributes of the instance's class are allowed. These could be,
        for example, any mapped columns or relationships.
        """
        cls_ = type(self)
        for k in kwargs:
            if not hasattr(cls_, k):
>               raise TypeError(
                    "%r is an invalid keyword argument for %s" % (k, cls_.__name__)
                )
E               TypeError: 'email' is an invalid keyword argument for Patient

C:\Program Files\Python311\Lib\site-packages\sqlalchemy\orm\decl_base.py:2179: TypeError
_ ERROR at setup of TestPatientFlow.test_patient_cannot_cancel_soon_appointment _

db_session = <sqlalchemy.orm.session.Session object at 0x0000020703833210>

    @pytest.fixture
    def patient_user_with_data(db_session):
        """╤ючфрхЄ ярЎшхэЄр ё чряшё ьш ш Ёхчєы№ЄрЄрьш"""
        # ╤ючфрхь яюы№чютрЄхы -ярЎшхэЄр (phone эх эєцхэ т User)
        user = db_session.query(User).filter(User.username == "e2e_patient").first()
        if not user:
            user = User(
                username="e2e_patient",
                email="e2e_patient@test.com",
                full_name="╥хёЄ ╧рЎшхэЄют",
                hashed_password=get_password_hash("patient123"),
                role="Patient",
                is_active=True,
            )
            db_session.add(user)
            db_session.commit()
            db_session.refresh(user)
    
        # ╤ючфрхь чряшё№ ярЎшхэЄр
        patient = db_session.query(Patient).filter(Patient.phone == "+998901112233").first()
        if not patient:
>           patient = Patient(
                first_name="╥хёЄ",
                last_name="╧рЎшхэЄют",
                middle_name="╥хёЄютшў",
                phone="+998901112233",
                email="e2e_patient@test.com",
                birth_date=date(1990, 5, 15),
            )

tests\integration\test_e2e_patient_flow.py:52: 
_ _ _ _ _ _ _ _ _ _ _ _ _ _ _ _ _ _ _ _ _ _ _ _ _ _ _ _ _ _ _ _ _ _ _ _ _ _ _ _
<string>:4: in __init__
    ???
C:\Program Files\Python311\Lib\site-packages\sqlalchemy\orm\state.py:571: in _initialize_instance
    with util.safe_reraise():
C:\Program Files\Python311\Lib\site-packages\sqlalchemy\util\langhelpers.py:224: in __exit__
    raise exc_value.with_traceback(exc_tb)
C:\Program Files\Python311\Lib\site-packages\sqlalchemy\orm\state.py:569: in _initialize_instance
    manager.original_init(*mixed[1:], **kwargs)
_ _ _ _ _ _ _ _ _ _ _ _ _ _ _ _ _ _ _ _ _ _ _ _ _ _ _ _ _ _ _ _ _ _ _ _ _ _ _ _

self = <app.models.patient.Patient object at 0x0000020703320390>
kwargs = {'birth_date': datetime.date(1990, 5, 15), 'email': 'e2e_patient@test.com', 'first_name': '╥хёЄ', 'last_name': '╧рЎшхэЄют', ...}
cls_ = <class 'app.models.patient.Patient'>, k = 'email'

    def _declarative_constructor(self: Any, **kwargs: Any) -> None:
        """A simple constructor that allows initialization from kwargs.
    
        Sets attributes on the constructed instance using the names and
        values in ``kwargs``.
    
        Only keys that are present as
        attributes of the instance's class are allowed. These could be,
        for example, any mapped columns or relationships.
        """
        cls_ = type(self)
        for k in kwargs:
            if not hasattr(cls_, k):
>               raise TypeError(
                    "%r is an invalid keyword argument for %s" % (k, cls_.__name__)
                )
E               TypeError: 'email' is an invalid keyword argument for Patient

C:\Program Files\Python311\Lib\site-packages\sqlalchemy\orm\decl_base.py:2179: TypeError
__ ERROR at setup of TestPatientFlow.test_patient_can_reschedule_appointment __

db_session = <sqlalchemy.orm.session.Session object at 0x0000020703627A90>

    @pytest.fixture
    def patient_user_with_data(db_session):
        """╤ючфрхЄ ярЎшхэЄр ё чряшё ьш ш Ёхчєы№ЄрЄрьш"""
        # ╤ючфрхь яюы№чютрЄхы -ярЎшхэЄр (phone эх эєцхэ т User)
        user = db_session.query(User).filter(User.username == "e2e_patient").first()
        if not user:
            user = User(
                username="e2e_patient",
                email="e2e_patient@test.com",
                full_name="╥хёЄ ╧рЎшхэЄют",
                hashed_password=get_password_hash("patient123"),
                role="Patient",
                is_active=True,
            )
            db_session.add(user)
            db_session.commit()
            db_session.refresh(user)
    
        # ╤ючфрхь чряшё№ ярЎшхэЄр
        patient = db_session.query(Patient).filter(Patient.phone == "+998901112233").first()
        if not patient:
>           patient = Patient(
                first_name="╥хёЄ",
                last_name="╧рЎшхэЄют",
                middle_name="╥хёЄютшў",
                phone="+998901112233",
                email="e2e_patient@test.com",
                birth_date=date(1990, 5, 15),
            )

tests\integration\test_e2e_patient_flow.py:52: 
_ _ _ _ _ _ _ _ _ _ _ _ _ _ _ _ _ _ _ _ _ _ _ _ _ _ _ _ _ _ _ _ _ _ _ _ _ _ _ _
<string>:4: in __init__
    ???
C:\Program Files\Python311\Lib\site-packages\sqlalchemy\orm\state.py:571: in _initialize_instance
    with util.safe_reraise():
C:\Program Files\Python311\Lib\site-packages\sqlalchemy\util\langhelpers.py:224: in __exit__
    raise exc_value.with_traceback(exc_tb)
C:\Program Files\Python311\Lib\site-packages\sqlalchemy\orm\state.py:569: in _initialize_instance
    manager.original_init(*mixed[1:], **kwargs)
_ _ _ _ _ _ _ _ _ _ _ _ _ _ _ _ _ _ _ _ _ _ _ _ _ _ _ _ _ _ _ _ _ _ _ _ _ _ _ _

self = <app.models.patient.Patient object at 0x00000207015E8C10>
kwargs = {'birth_date': datetime.date(1990, 5, 15), 'email': 'e2e_patient@test.com', 'first_name': '╥хёЄ', 'last_name': '╧рЎшхэЄют', ...}
cls_ = <class 'app.models.patient.Patient'>, k = 'email'

    def _declarative_constructor(self: Any, **kwargs: Any) -> None:
        """A simple constructor that allows initialization from kwargs.
    
        Sets attributes on the constructed instance using the names and
        values in ``kwargs``.
    
        Only keys that are present as
        attributes of the instance's class are allowed. These could be,
        for example, any mapped columns or relationships.
        """
        cls_ = type(self)
        for k in kwargs:
            if not hasattr(cls_, k):
>               raise TypeError(
                    "%r is an invalid keyword argument for %s" % (k, cls_.__name__)
                )
E               TypeError: 'email' is an invalid keyword argument for Patient

C:\Program Files\Python311\Lib\site-packages\sqlalchemy\orm\decl_base.py:2179: TypeError
___ ERROR at setup of TestPatientFlow.test_patient_can_get_available_slots ____

db_session = <sqlalchemy.orm.session.Session object at 0x0000020703831DD0>

    @pytest.fixture
    def patient_user_with_data(db_session):
        """╤ючфрхЄ ярЎшхэЄр ё чряшё ьш ш Ёхчєы№ЄрЄрьш"""
        # ╤ючфрхь яюы№чютрЄхы -ярЎшхэЄр (phone эх эєцхэ т User)
        user = db_session.query(User).filter(User.username == "e2e_patient").first()
        if not user:
            user = User(
                username="e2e_patient",
                email="e2e_patient@test.com",
                full_name="╥хёЄ ╧рЎшхэЄют",
                hashed_password=get_password_hash("patient123"),
                role="Patient",
                is_active=True,
            )
            db_session.add(user)
            db_session.commit()
            db_session.refresh(user)
    
        # ╤ючфрхь чряшё№ ярЎшхэЄр
        patient = db_session.query(Patient).filter(Patient.phone == "+998901112233").first()
        if not patient:
>           patient = Patient(
                first_name="╥хёЄ",
                last_name="╧рЎшхэЄют",
                middle_name="╥хёЄютшў",
                phone="+998901112233",
                email="e2e_patient@test.com",
                birth_date=date(1990, 5, 15),
            )

tests\integration\test_e2e_patient_flow.py:52: 
_ _ _ _ _ _ _ _ _ _ _ _ _ _ _ _ _ _ _ _ _ _ _ _ _ _ _ _ _ _ _ _ _ _ _ _ _ _ _ _
<string>:4: in __init__
    ???
C:\Program Files\Python311\Lib\site-packages\sqlalchemy\orm\state.py:571: in _initialize_instance
    with util.safe_reraise():
C:\Program Files\Python311\Lib\site-packages\sqlalchemy\util\langhelpers.py:224: in __exit__
    raise exc_value.with_traceback(exc_tb)
C:\Program Files\Python311\Lib\site-packages\sqlalchemy\orm\state.py:569: in _initialize_instance
    manager.original_init(*mixed[1:], **kwargs)
_ _ _ _ _ _ _ _ _ _ _ _ _ _ _ _ _ _ _ _ _ _ _ _ _ _ _ _ _ _ _ _ _ _ _ _ _ _ _ _

self = <app.models.patient.Patient object at 0x0000020703833050>
kwargs = {'birth_date': datetime.date(1990, 5, 15), 'email': 'e2e_patient@test.com', 'first_name': '╥хёЄ', 'last_name': '╧рЎшхэЄют', ...}
cls_ = <class 'app.models.patient.Patient'>, k = 'email'

    def _declarative_constructor(self: Any, **kwargs: Any) -> None:
        """A simple constructor that allows initialization from kwargs.
    
        Sets attributes on the constructed instance using the names and
        values in ``kwargs``.
    
        Only keys that are present as
        attributes of the instance's class are allowed. These could be,
        for example, any mapped columns or relationships.
        """
        cls_ = type(self)
        for k in kwargs:
            if not hasattr(cls_, k):
>               raise TypeError(
                    "%r is an invalid keyword argument for %s" % (k, cls_.__name__)
                )
E               TypeError: 'email' is an invalid keyword argument for Patient

C:\Program Files\Python311\Lib\site-packages\sqlalchemy\orm\decl_base.py:2179: TypeError
_______ ERROR at setup of TestPatientFlow.test_patient_can_view_results _______

db_session = <sqlalchemy.orm.session.Session object at 0x000002070179EDD0>

    @pytest.fixture
    def patient_user_with_data(db_session):
        """╤ючфрхЄ ярЎшхэЄр ё чряшё ьш ш Ёхчєы№ЄрЄрьш"""
        # ╤ючфрхь яюы№чютрЄхы -ярЎшхэЄр (phone эх эєцхэ т User)
        user = db_session.query(User).filter(User.username == "e2e_patient").first()
        if not user:
            user = User(
                username="e2e_patient",
                email="e2e_patient@test.com",
                full_name="╥хёЄ ╧рЎшхэЄют",
                hashed_password=get_password_hash("patient123"),
                role="Patient",
                is_active=True,
            )
            db_session.add(user)
            db_session.commit()
            db_session.refresh(user)
    
        # ╤ючфрхь чряшё№ ярЎшхэЄр
        patient = db_session.query(Patient).filter(Patient.phone == "+998901112233").first()
        if not patient:
>           patient = Patient(
                first_name="╥хёЄ",
                last_name="╧рЎшхэЄют",
                middle_name="╥хёЄютшў",
                phone="+998901112233",
                email="e2e_patient@test.com",
                birth_date=date(1990, 5, 15),
            )

tests\integration\test_e2e_patient_flow.py:52: 
_ _ _ _ _ _ _ _ _ _ _ _ _ _ _ _ _ _ _ _ _ _ _ _ _ _ _ _ _ _ _ _ _ _ _ _ _ _ _ _
<string>:4: in __init__
    ???
C:\Program Files\Python311\Lib\site-packages\sqlalchemy\orm\state.py:571: in _initialize_instance
    with util.safe_reraise():
C:\Program Files\Python311\Lib\site-packages\sqlalchemy\util\langhelpers.py:224: in __exit__
    raise exc_value.with_traceback(exc_tb)
C:\Program Files\Python311\Lib\site-packages\sqlalchemy\orm\state.py:569: in _initialize_instance
    manager.original_init(*mixed[1:], **kwargs)
_ _ _ _ _ _ _ _ _ _ _ _ _ _ _ _ _ _ _ _ _ _ _ _ _ _ _ _ _ _ _ _ _ _ _ _ _ _ _ _

self = <app.models.patient.Patient object at 0x000002070344A2D0>
kwargs = {'birth_date': datetime.date(1990, 5, 15), 'email': 'e2e_patient@test.com', 'first_name': '╥хёЄ', 'last_name': '╧рЎшхэЄют', ...}
cls_ = <class 'app.models.patient.Patient'>, k = 'email'

    def _declarative_constructor(self: Any, **kwargs: Any) -> None:
        """A simple constructor that allows initialization from kwargs.
    
        Sets attributes on the constructed instance using the names and
        values in ``kwargs``.
    
        Only keys that are present as
        attributes of the instance's class are allowed. These could be,
        for example, any mapped columns or relationships.
        """
        cls_ = type(self)
        for k in kwargs:
            if not hasattr(cls_, k):
>               raise TypeError(
                    "%r is an invalid keyword argument for %s" % (k, cls_.__name__)
                )
E               TypeError: 'email' is an invalid keyword argument for Patient

C:\Program Files\Python311\Lib\site-packages\sqlalchemy\orm\decl_base.py:2179: TypeError
_ ERROR at setup of TestPatientFlow.test_patient_cannot_view_others_appointments _

db_session = <sqlalchemy.orm.session.Session object at 0x00000207033DB150>

    @pytest.fixture
    def patient_user_with_data(db_session):
        """╤ючфрхЄ ярЎшхэЄр ё чряшё ьш ш Ёхчєы№ЄрЄрьш"""
        # ╤ючфрхь яюы№чютрЄхы -ярЎшхэЄр (phone эх эєцхэ т User)
        user = db_session.query(User).filter(User.username == "e2e_patient").first()
        if not user:
            user = User(
                username="e2e_patient",
                email="e2e_patient@test.com",
                full_name="╥хёЄ ╧рЎшхэЄют",
                hashed_password=get_password_hash("patient123"),
                role="Patient",
                is_active=True,
            )
            db_session.add(user)
            db_session.commit()
            db_session.refresh(user)
    
        # ╤ючфрхь чряшё№ ярЎшхэЄр
        patient = db_session.query(Patient).filter(Patient.phone == "+998901112233").first()
        if not patient:
>           patient = Patient(
                first_name="╥хёЄ",
                last_name="╧рЎшхэЄют",
                middle_name="╥хёЄютшў",
                phone="+998901112233",
                email="e2e_patient@test.com",
                birth_date=date(1990, 5, 15),
            )

tests\integration\test_e2e_patient_flow.py:52: 
_ _ _ _ _ _ _ _ _ _ _ _ _ _ _ _ _ _ _ _ _ _ _ _ _ _ _ _ _ _ _ _ _ _ _ _ _ _ _ _
<string>:4: in __init__
    ???
C:\Program Files\Python311\Lib\site-packages\sqlalchemy\orm\state.py:571: in _initialize_instance
    with util.safe_reraise():
C:\Program Files\Python311\Lib\site-packages\sqlalchemy\util\langhelpers.py:224: in __exit__
    raise exc_value.with_traceback(exc_tb)
C:\Program Files\Python311\Lib\site-packages\sqlalchemy\orm\state.py:569: in _initialize_instance
    manager.original_init(*mixed[1:], **kwargs)
_ _ _ _ _ _ _ _ _ _ _ _ _ _ _ _ _ _ _ _ _ _ _ _ _ _ _ _ _ _ _ _ _ _ _ _ _ _ _ _

self = <app.models.patient.Patient object at 0x0000020703414ED0>
kwargs = {'birth_date': datetime.date(1990, 5, 15), 'email': 'e2e_patient@test.com', 'first_name': '╥хёЄ', 'last_name': '╧рЎшхэЄют', ...}
cls_ = <class 'app.models.patient.Patient'>, k = 'email'

    def _declarative_constructor(self: Any, **kwargs: Any) -> None:
        """A simple constructor that allows initialization from kwargs.
    
        Sets attributes on the constructed instance using the names and
        values in ``kwargs``.
    
        Only keys that are present as
        attributes of the instance's class are allowed. These could be,
        for example, any mapped columns or relationships.
        """
        cls_ = type(self)
        for k in kwargs:
            if not hasattr(cls_, k):
>               raise TypeError(
                    "%r is an invalid keyword argument for %s" % (k, cls_.__name__)
                )
E               TypeError: 'email' is an invalid keyword argument for Patient

C:\Program Files\Python311\Lib\site-packages\sqlalchemy\orm\decl_base.py:2179: TypeError
_______ ERROR at setup of TestPaymentFlow.test_create_payment_for_visit _______

db_session = <sqlalchemy.orm.session.Session object at 0x000002070368F3D0>

    @pytest.fixture
    def payment_test_data(db_session):
        """╤ючфрхЄ ЄхёЄют√х фрээ√х фы  яюЄюър юяырЄ√"""
        # ╧рЎшхэЄ
        patient = db_session.query(Patient).filter(Patient.phone == "+998901234999").first()
        if not patient:
>           patient = Patient(
                first_name="╬яырЄр",
                last_name="╥хёЄют",
                middle_name="╥хёЄютшў",
                phone="+998901234999",
                email="payment_test@test.com",
                birth_date=date(1995, 3, 20),
            )

tests\integration\test_e2e_payment_flow.py:40: 
_ _ _ _ _ _ _ _ _ _ _ _ _ _ _ _ _ _ _ _ _ _ _ _ _ _ _ _ _ _ _ _ _ _ _ _ _ _ _ _
<string>:4: in __init__
    ???
C:\Program Files\Python311\Lib\site-packages\sqlalchemy\orm\state.py:571: in _initialize_instance
    with util.safe_reraise():
C:\Program Files\Python311\Lib\site-packages\sqlalchemy\util\langhelpers.py:224: in __exit__
    raise exc_value.with_traceback(exc_tb)
C:\Program Files\Python311\Lib\site-packages\sqlalchemy\orm\state.py:569: in _initialize_instance
    manager.original_init(*mixed[1:], **kwargs)
_ _ _ _ _ _ _ _ _ _ _ _ _ _ _ _ _ _ _ _ _ _ _ _ _ _ _ _ _ _ _ _ _ _ _ _ _ _ _ _

self = <app.models.patient.Patient object at 0x000002070165C090>
kwargs = {'birth_date': datetime.date(1995, 3, 20), 'email': 'payment_test@test.com', 'first_name': '╬яырЄр', 'last_name': '╥хёЄют', ...}
cls_ = <class 'app.models.patient.Patient'>, k = 'email'

    def _declarative_constructor(self: Any, **kwargs: Any) -> None:
        """A simple constructor that allows initialization from kwargs.
    
        Sets attributes on the constructed instance using the names and
        values in ``kwargs``.
    
        Only keys that are present as
        attributes of the instance's class are allowed. These could be,
        for example, any mapped columns or relationships.
        """
        cls_ = type(self)
        for k in kwargs:
            if not hasattr(cls_, k):
>               raise TypeError(
                    "%r is an invalid keyword argument for %s" % (k, cls_.__name__)
                )
E               TypeError: 'email' is an invalid keyword argument for Patient

C:\Program Files\Python311\Lib\site-packages\sqlalchemy\orm\decl_base.py:2179: TypeError
---------------------------- Captured stdout setup ----------------------------
DEBUG: Login endpoint called with username=test_admin
DEBUG: IP=testclient, UserAgent=testclient
DEBUG: Service obtained: <app.services.authentication_service.AuthenticationService object at 0x00000207593D1F10>
DEBUG: login_user result: {'success': True, 'message': '╙ёях°э√щ тїюф', 'user': {'id': 4, 'username': 'test_admin', 'full_name': 'Test Admin', 'email': 'admin@test.com', 'role': 'Admin', 'is_active': True, 'is_superuser': True}, 'tokens': {'access_token': 'eyJhbGciOiJIUzI1NiIsInR5cCI6IkpXVCJ9.eyJzdWIiOiI0IiwidXNlcm5hbWUiOiJ0ZXN0X2FkbWluIiwicm9sZSI6IkFkbWluIiwiaXNfYWN0aXZlIjp0cnVlLCJpc19zdXBlcnVzZXIiOnRydWUsImV4cCI6MTc2NTc3Mzg4OCwidHlwZSI6ImFjY2VzcyJ9.yhPXe6Mcrs8D6w9rd6x7XY6n6dB1yhn9Z-e9bTiRZ9Y', 'refresh_token': 'eyJhbGciOiJIUzI1NiIsInR5cCI6IkpXVCJ9.eyJ1c2VyX2lkIjo0LCJqdGkiOiI4NzVkOWEyYy01YjVlLTQ1NTItYjZlMS02YzMwZjQ1YTk2NTAiLCJ0eXBlIjoicmVmcmVzaCIsImV4cCI6MTc2ODM2NDA4OH0.XsC4OsiNR6l6jsGqaK_VSpuqn9RhtMV392LXapD05gw', 'token_type': 'bearer', 'expires_in': 1800}, 'requires_2fa': False, 'two_factor_method': None}
__________ ERROR at setup of TestPaymentFlow.test_get_payment_status __________

db_session = <sqlalchemy.orm.session.Session object at 0x0000020703625450>

    @pytest.fixture
    def payment_test_data(db_session):
        """╤ючфрхЄ ЄхёЄют√х фрээ√х фы  яюЄюър юяырЄ√"""
        # ╧рЎшхэЄ
        patient = db_session.query(Patient).filter(Patient.phone == "+998901234999").first()
        if not patient:
>           patient = Patient(
                first_name="╬яырЄр",
                last_name="╥хёЄют",
                middle_name="╥хёЄютшў",
                phone="+998901234999",
                email="payment_test@test.com",
                birth_date=date(1995, 3, 20),
            )

tests\integration\test_e2e_payment_flow.py:40: 
_ _ _ _ _ _ _ _ _ _ _ _ _ _ _ _ _ _ _ _ _ _ _ _ _ _ _ _ _ _ _ _ _ _ _ _ _ _ _ _
<string>:4: in __init__
    ???
C:\Program Files\Python311\Lib\site-packages\sqlalchemy\orm\state.py:571: in _initialize_instance
    with util.safe_reraise():
C:\Program Files\Python311\Lib\site-packages\sqlalchemy\util\langhelpers.py:224: in __exit__
    raise exc_value.with_traceback(exc_tb)
C:\Program Files\Python311\Lib\site-packages\sqlalchemy\orm\state.py:569: in _initialize_instance
    manager.original_init(*mixed[1:], **kwargs)
_ _ _ _ _ _ _ _ _ _ _ _ _ _ _ _ _ _ _ _ _ _ _ _ _ _ _ _ _ _ _ _ _ _ _ _ _ _ _ _

self = <app.models.patient.Patient object at 0x00000207037EC410>
kwargs = {'birth_date': datetime.date(1995, 3, 20), 'email': 'payment_test@test.com', 'first_name': '╬яырЄр', 'last_name': '╥хёЄют', ...}
cls_ = <class 'app.models.patient.Patient'>, k = 'email'

    def _declarative_constructor(self: Any, **kwargs: Any) -> None:
        """A simple constructor that allows initialization from kwargs.
    
        Sets attributes on the constructed instance using the names and
        values in ``kwargs``.
    
        Only keys that are present as
        attributes of the instance's class are allowed. These could be,
        for example, any mapped columns or relationships.
        """
        cls_ = type(self)
        for k in kwargs:
            if not hasattr(cls_, k):
>               raise TypeError(
                    "%r is an invalid keyword argument for %s" % (k, cls_.__name__)
                )
E               TypeError: 'email' is an invalid keyword argument for Patient

C:\Program Files\Python311\Lib\site-packages\sqlalchemy\orm\decl_base.py:2179: TypeError
---------------------------- Captured stdout setup ----------------------------
DEBUG: Login endpoint called with username=test_admin
DEBUG: IP=testclient, UserAgent=testclient
DEBUG: Service obtained: <app.services.authentication_service.AuthenticationService object at 0x00000207593D1F10>
DEBUG: login_user result: {'success': True, 'message': '╙ёях°э√щ тїюф', 'user': {'id': 4, 'username': 'test_admin', 'full_name': 'Test Admin', 'email': 'admin@test.com', 'role': 'Admin', 'is_active': True, 'is_superuser': True}, 'tokens': {'access_token': 'eyJhbGciOiJIUzI1NiIsInR5cCI6IkpXVCJ9.eyJzdWIiOiI0IiwidXNlcm5hbWUiOiJ0ZXN0X2FkbWluIiwicm9sZSI6IkFkbWluIiwiaXNfYWN0aXZlIjp0cnVlLCJpc19zdXBlcnVzZXIiOnRydWUsImV4cCI6MTc2NTc3Mzg4OCwidHlwZSI6ImFjY2VzcyJ9.yhPXe6Mcrs8D6w9rd6x7XY6n6dB1yhn9Z-e9bTiRZ9Y', 'refresh_token': 'eyJhbGciOiJIUzI1NiIsInR5cCI6IkpXVCJ9.eyJ1c2VyX2lkIjo0LCJqdGkiOiJjMWIwN2JjMC0zODBkLTRjZDQtOTUwYi02NGEyN2U3NmRiOTgiLCJ0eXBlIjoicmVmcmVzaCIsImV4cCI6MTc2ODM2NDA4OH0.XJbdyC6xsXHOLt1X9Utdsg56XZBma9xsj-1rywBrinY', 'token_type': 'bearer', 'expires_in': 1800}, 'requires_2fa': False, 'two_factor_method': None}
______ ERROR at setup of TestPaymentFlow.test_payment_receipt_generation ______

db_session = <sqlalchemy.orm.session.Session object at 0x000002070172D3D0>

    @pytest.fixture
    def payment_test_data(db_session):
        """╤ючфрхЄ ЄхёЄют√х фрээ√х фы  яюЄюър юяырЄ√"""
        # ╧рЎшхэЄ
        patient = db_session.query(Patient).filter(Patient.phone == "+998901234999").first()
        if not patient:
>           patient = Patient(
                first_name="╬яырЄр",
                last_name="╥хёЄют",
                middle_name="╥хёЄютшў",
                phone="+998901234999",
                email="payment_test@test.com",
                birth_date=date(1995, 3, 20),
            )

tests\integration\test_e2e_payment_flow.py:40: 
_ _ _ _ _ _ _ _ _ _ _ _ _ _ _ _ _ _ _ _ _ _ _ _ _ _ _ _ _ _ _ _ _ _ _ _ _ _ _ _
<string>:4: in __init__
    ???
C:\Program Files\Python311\Lib\site-packages\sqlalchemy\orm\state.py:571: in _initialize_instance
    with util.safe_reraise():
C:\Program Files\Python311\Lib\site-packages\sqlalchemy\util\langhelpers.py:224: in __exit__
    raise exc_value.with_traceback(exc_tb)
C:\Program Files\Python311\Lib\site-packages\sqlalchemy\orm\state.py:569: in _initialize_instance
    manager.original_init(*mixed[1:], **kwargs)
_ _ _ _ _ _ _ _ _ _ _ _ _ _ _ _ _ _ _ _ _ _ _ _ _ _ _ _ _ _ _ _ _ _ _ _ _ _ _ _

self = <app.models.patient.Patient object at 0x00000207032DE1D0>
kwargs = {'birth_date': datetime.date(1995, 3, 20), 'email': 'payment_test@test.com', 'first_name': '╬яырЄр', 'last_name': '╥хёЄют', ...}
cls_ = <class 'app.models.patient.Patient'>, k = 'email'

    def _declarative_constructor(self: Any, **kwargs: Any) -> None:
        """A simple constructor that allows initialization from kwargs.
    
        Sets attributes on the constructed instance using the names and
        values in ``kwargs``.
    
        Only keys that are present as
        attributes of the instance's class are allowed. These could be,
        for example, any mapped columns or relationships.
        """
        cls_ = type(self)
        for k in kwargs:
            if not hasattr(cls_, k):
>               raise TypeError(
                    "%r is an invalid keyword argument for %s" % (k, cls_.__name__)
                )
E               TypeError: 'email' is an invalid keyword argument for Patient

C:\Program Files\Python311\Lib\site-packages\sqlalchemy\orm\decl_base.py:2179: TypeError
---------------------------- Captured stdout setup ----------------------------
DEBUG: Login endpoint called with username=test_admin
DEBUG: IP=testclient, UserAgent=testclient
DEBUG: Service obtained: <app.services.authentication_service.AuthenticationService object at 0x00000207593D1F10>
DEBUG: login_user result: {'success': True, 'message': '╙ёях°э√щ тїюф', 'user': {'id': 4, 'username': 'test_admin', 'full_name': 'Test Admin', 'email': 'admin@test.com', 'role': 'Admin', 'is_active': True, 'is_superuser': True}, 'tokens': {'access_token': 'eyJhbGciOiJIUzI1NiIsInR5cCI6IkpXVCJ9.eyJzdWIiOiI0IiwidXNlcm5hbWUiOiJ0ZXN0X2FkbWluIiwicm9sZSI6IkFkbWluIiwiaXNfYWN0aXZlIjp0cnVlLCJpc19zdXBlcnVzZXIiOnRydWUsImV4cCI6MTc2NTc3Mzg4OCwidHlwZSI6ImFjY2VzcyJ9.yhPXe6Mcrs8D6w9rd6x7XY6n6dB1yhn9Z-e9bTiRZ9Y', 'refresh_token': 'eyJhbGciOiJIUzI1NiIsInR5cCI6IkpXVCJ9.eyJ1c2VyX2lkIjo0LCJqdGkiOiI3MzRkZjcyMS0xODdhLTRlOWQtOTNkOS00ZDY5NzRjZGQ4NzgiLCJ0eXBlIjoicmVmcmVzaCIsImV4cCI6MTc2ODM2NDA4OH0.v3127qv-8jkFZcq5PoO5xnx_MOwiFD7rCPlb6aMGR14', 'token_type': 'bearer', 'expires_in': 1800}, 'requires_2fa': False, 'two_factor_method': None}
______ ERROR at setup of TestE2EVisitFlow.test_complete_visit_flow_today ______

fixturedef = <FixtureDef argname='test_service' scope='function' baseid='tests'>
request = <SubRequest 'test_service' for <Function test_complete_visit_flow_today>>

    @pytest.hookimpl(wrapper=True)
    def pytest_fixture_setup(fixturedef: FixtureDef, request) -> object | None:
        asyncio_mode = _get_asyncio_mode(request.config)
        if not _is_asyncio_fixture_function(fixturedef.func):
            if asyncio_mode == Mode.STRICT:
                # Ignore async fixtures without explicit asyncio mark in strict mode
                # This applies to pytest_trio fixtures, for example
>               return (yield)
                        ^^^^^

C:\Program Files\Python311\Lib\site-packages\pytest_asyncio\plugin.py:681: 
_ _ _ _ _ _ _ _ _ _ _ _ _ _ _ _ _ _ _ _ _ _ _ _ _ _ _ _ _ _ _ _ _ _ _ _ _ _ _ _
tests\conftest.py:246: in test_service
    service = Service(
C:\Program Files\Python311\Lib\site-packages\sqlalchemy\orm\state.py:571: in _initialize_instance
    with util.safe_reraise():
C:\Program Files\Python311\Lib\site-packages\sqlalchemy\util\langhelpers.py:224: in __exit__
    raise exc_value.with_traceback(exc_tb)
C:\Program Files\Python311\Lib\site-packages\sqlalchemy\orm\state.py:569: in _initialize_instance
    manager.original_init(*mixed[1:], **kwargs)
_ _ _ _ _ _ _ _ _ _ _ _ _ _ _ _ _ _ _ _ _ _ _ _ _ _ _ _ _ _ _ _ _ _ _ _ _ _ _ _

self = <app.models.service.Service object at 0x0000020704092B50>
kwargs = {'allow_doctor_price_override': False, 'code': 'TEST_CONS', 'description': '╥хёЄютр  ъюэёєы№ЄрЎш  ърЁфшюыюур', 'duration_minutes': 30, ...}
cls_ = <class 'app.models.service.Service'>, k = 'description'

    def _declarative_constructor(self: Any, **kwargs: Any) -> None:
        """A simple constructor that allows initialization from kwargs.
    
        Sets attributes on the constructed instance using the names and
        values in ``kwargs``.
    
        Only keys that are present as
        attributes of the instance's class are allowed. These could be,
        for example, any mapped columns or relationships.
        """
        cls_ = type(self)
        for k in kwargs:
            if not hasattr(cls_, k):
>               raise TypeError(
                    "%r is an invalid keyword argument for %s" % (k, cls_.__name__)
                )
E               TypeError: 'description' is an invalid keyword argument for Service

C:\Program Files\Python311\Lib\site-packages\sqlalchemy\orm\decl_base.py:2179: TypeError
---------------------------- Captured stdout setup ----------------------------
DEBUG: Login endpoint called with username=test_admin
DEBUG: IP=testclient, UserAgent=testclient
DEBUG: Service obtained: <app.services.authentication_service.AuthenticationService object at 0x00000207593D1F10>
DEBUG: login_user result: {'success': True, 'message': '╙ёях°э√щ тїюф', 'user': {'id': 4, 'username': 'test_admin', 'full_name': 'Test Admin', 'email': 'admin@test.com', 'role': 'Admin', 'is_active': True, 'is_superuser': True}, 'tokens': {'access_token': 'eyJhbGciOiJIUzI1NiIsInR5cCI6IkpXVCJ9.eyJzdWIiOiI0IiwidXNlcm5hbWUiOiJ0ZXN0X2FkbWluIiwicm9sZSI6IkFkbWluIiwiaXNfYWN0aXZlIjp0cnVlLCJpc19zdXBlcnVzZXIiOnRydWUsImV4cCI6MTc2NTc3Mzg4OSwidHlwZSI6ImFjY2VzcyJ9.E0lFbh9uIcR4inRTv7PDsxGuQ6bJZbfPn7X9fBU-Kgk', 'refresh_token': 'eyJhbGciOiJIUzI1NiIsInR5cCI6IkpXVCJ9.eyJ1c2VyX2lkIjo0LCJqdGkiOiI0MWZlNDU2NC1hZGQ4LTQwNmUtOGI2OC0wOGVlNmY1ZjJkOTQiLCJ0eXBlIjoicmVmcmVzaCIsImV4cCI6MTc2ODM2NDA4OX0.ZkpheDbg6Pmzq2wpFke3E6_08odjQBTds3HumiJcwRg', 'token_type': 'bearer', 'expires_in': 1800}, 'requires_2fa': False, 'two_factor_method': None}
_ ERROR at setup of TestQueueBatchAPI.test_create_single_queue_entry_success __

db_session = <sqlalchemy.orm.session.Session object at 0x00000207036CA150>

    @pytest.fixture(scope="function")
    def test_services(db_session):
        """╤ючфрхЄ ЄхёЄют√х єёыєуш"""
        services = []
    
        # ╙ёыєур 1: ╩юэёєы№ЄрЎш  ърЁфшюыюур
>       service1 = Service(
            code="CARDIO_CONS",
            name="╩юэёєы№ЄрЎш  ърЁфшюыюур",
            price=150000.00,
            duration_minutes=30,
            is_active=True,
            requires_doctor=True,
            queue_tag="cardiology_common",
            is_consultation=True
        )

tests\integration\test_queue_batch_api.py:31: 
_ _ _ _ _ _ _ _ _ _ _ _ _ _ _ _ _ _ _ _ _ _ _ _ _ _ _ _ _ _ _ _ _ _ _ _ _ _ _ _
<string>:4: in __init__
    ???
C:\Program Files\Python311\Lib\site-packages\sqlalchemy\orm\state.py:571: in _initialize_instance
    with util.safe_reraise():
C:\Program Files\Python311\Lib\site-packages\sqlalchemy\util\langhelpers.py:224: in __exit__
    raise exc_value.with_traceback(exc_tb)
C:\Program Files\Python311\Lib\site-packages\sqlalchemy\orm\state.py:569: in _initialize_instance
    manager.original_init(*mixed[1:], **kwargs)
_ _ _ _ _ _ _ _ _ _ _ _ _ _ _ _ _ _ _ _ _ _ _ _ _ _ _ _ _ _ _ _ _ _ _ _ _ _ _ _

self = <app.models.service.Service object at 0x0000020702166390>
kwargs = {'code': 'CARDIO_CONS', 'duration_minutes': 30, 'is_active': True, 'is_consultation': True, ...}
cls_ = <class 'app.models.service.Service'>, k = 'is_active'

    def _declarative_constructor(self: Any, **kwargs: Any) -> None:
        """A simple constructor that allows initialization from kwargs.
    
        Sets attributes on the constructed instance using the names and
        values in ``kwargs``.
    
        Only keys that are present as
        attributes of the instance's class are allowed. These could be,
        for example, any mapped columns or relationships.
        """
        cls_ = type(self)
        for k in kwargs:
            if not hasattr(cls_, k):
>               raise TypeError(
                    "%r is an invalid keyword argument for %s" % (k, cls_.__name__)
                )
E               TypeError: 'is_active' is an invalid keyword argument for Service

C:\Program Files\Python311\Lib\site-packages\sqlalchemy\orm\decl_base.py:2179: TypeError
---------------------------- Captured stdout setup ----------------------------
DEBUG: Login endpoint called with username=test_registrar
DEBUG: IP=testclient, UserAgent=testclient
DEBUG: Service obtained: <app.services.authentication_service.AuthenticationService object at 0x00000207593D1F10>
DEBUG: login_user result: {'success': True, 'message': '╙ёях°э√щ тїюф', 'user': {'id': 10, 'username': 'test_registrar', 'full_name': 'Test Registrar', 'email': 'registrar@test.com', 'role': 'Registrar', 'is_active': True, 'is_superuser': False}, 'tokens': {'access_token': 'eyJhbGciOiJIUzI1NiIsInR5cCI6IkpXVCJ9.eyJzdWIiOiIxMCIsInVzZXJuYW1lIjoidGVzdF9yZWdpc3RyYXIiLCJyb2xlIjoiUmVnaXN0cmFyIiwiaXNfYWN0aXZlIjp0cnVlLCJpc19zdXBlcnVzZXIiOmZhbHNlLCJleHAiOjE3NjU3NzM4OTIsInR5cGUiOiJhY2Nlc3MifQ.ktstDDdGmaH8KJjSsHGLPfsea1U2fikJKVGUeZq5EPw', 'refresh_token': 'eyJhbGciOiJIUzI1NiIsInR5cCI6IkpXVCJ9.eyJ1c2VyX2lkIjoxMCwianRpIjoiODJhYWJjOGItZjk2Yy00MzhhLTg5MzQtZmU4MTEyZTNmMTEyIiwidHlwZSI6InJlZnJlc2giLCJleHAiOjE3NjgzNjQwOTJ9.sbi4o1Y2IYtm6jwPMb7VSha-TXB-Lp281u6udsPOPkg', 'token_type': 'bearer', 'expires_in': 1800}, 'requires_2fa': False, 'two_factor_method': None}
_ ERROR at setup of TestQueueBatchAPI.test_create_multiple_queue_entries_different_specialists _

self = <sqlalchemy.engine.base.Connection object at 0x0000020703975C10>
dialect = <sqlalchemy.dialects.sqlite.pysqlite.SQLiteDialect_pysqlite object at 0x000002070179ED10>
context = <sqlalchemy.dialects.sqlite.base.SQLiteExecutionContext object at 0x00000207036D3310>

    def _exec_insertmany_context(
        self,
        dialect: Dialect,
        context: ExecutionContext,
    ) -> CursorResult[Any]:
        """continue the _execute_context() method for an "insertmanyvalues"
        operation, which will invoke DBAPI
        cursor.execute() one or more times with individual log and
        event hook calls.
    
        """
    
        if dialect.bind_typing is BindTyping.SETINPUTSIZES:
            generic_setinputsizes = context._prepare_set_input_sizes()
        else:
            generic_setinputsizes = None
    
        cursor, str_statement, parameters = (
            context.cursor,
            context.statement,
            context.parameters,
        )
    
        effective_parameters = parameters
    
        engine_events = self._has_events or self.engine._has_events
        if self.dialect._has_events:
            do_execute_dispatch: Iterable[Any] = (
                self.dialect.dispatch.do_execute
            )
        else:
            do_execute_dispatch = ()
    
        if self._echo:
            stats = context._get_cache_stats() + " (insertmanyvalues)"
    
        preserve_rowcount = context.execution_options.get(
            "preserve_rowcount", False
        )
        rowcount = 0
    
        for imv_batch in dialect._deliver_insertmanyvalues_batches(
            self,
            cursor,
            str_statement,
            effective_parameters,
            generic_setinputsizes,
            context,
        ):
            if imv_batch.processed_setinputsizes:
                try:
                    dialect.do_set_input_sizes(
                        context.cursor,
                        imv_batch.processed_setinputsizes,
                        context,
                    )
                except BaseException as e:
                    self._handle_dbapi_exception(
                        e,
                        sql_util._long_statement(imv_batch.replaced_statement),
                        imv_batch.replaced_parameters,
                        None,
                        context,
                        is_sub_exec=True,
                    )
    
            sub_stmt = imv_batch.replaced_statement
            sub_params = imv_batch.replaced_parameters
    
            if engine_events:
                for fn in self.dispatch.before_cursor_execute:
                    sub_stmt, sub_params = fn(
                        self,
                        cursor,
                        sub_stmt,
                        sub_params,
                        context,
                        True,
                    )
    
            if self._echo:
                self._log_info(sql_util._long_statement(sub_stmt))
    
                imv_stats = f""" {imv_batch.batchnum}/{
                            imv_batch.total_batches
                } ({
                    'ordered'
                    if imv_batch.rows_sorted else 'unordered'
                }{
                    '; batch not supported'
                    if imv_batch.is_downgraded
                    else ''
                })"""
    
                if imv_batch.batchnum == 1:
                    stats += imv_stats
                else:
                    stats = f"insertmanyvalues{imv_stats}"
    
                if not self.engine.hide_parameters:
                    self._log_info(
                        "[%s] %r",
                        stats,
                        sql_util._repr_params(
                            sub_params,
                            batches=10,
                            ismulti=False,
                        ),
                    )
                else:
                    self._log_info(
                        "[%s] [SQL parameters hidden due to "
                        "hide_parameters=True]",
                        stats,
                    )
    
            try:
                for fn in do_execute_dispatch:
                    if fn(
                        cursor,
                        sub_stmt,
                        sub_params,
                        context,
                    ):
                        break
                else:
>                   dialect.do_execute(
                        cursor,
                        sub_stmt,
                        sub_params,
                        context,
                    )

C:\Program Files\Python311\Lib\site-packages\sqlalchemy\engine\base.py:2118: 
_ _ _ _ _ _ _ _ _ _ _ _ _ _ _ _ _ _ _ _ _ _ _ _ _ _ _ _ _ _ _ _ _ _ _ _ _ _ _ _

self = <sqlalchemy.dialects.sqlite.pysqlite.SQLiteDialect_pysqlite object at 0x000002070179ED10>
cursor = <sqlite3.Cursor object at 0x0000020703B51340>
statement = 'INSERT INTO users (username, full_name, email, hashed_password, role, is_active, is_superuser) VALUES (?, ?, ?, ?, ?, ?, ?) RETURNING id, created_at, updated_at'
parameters = ('cardio_specialist', '╩рЁфшюыюу ╚трэют', 'cardio@clinic.com', 'hashed', 'cardio', 1, ...)
context = <sqlalchemy.dialects.sqlite.base.SQLiteExecutionContext object at 0x00000207036D3310>

    def do_execute(self, cursor, statement, parameters, context=None):
>       cursor.execute(statement, parameters)
E       sqlite3.IntegrityError: UNIQUE constraint failed: users.username

C:\Program Files\Python311\Lib\site-packages\sqlalchemy\engine\default.py:951: IntegrityError

The above exception was the direct cause of the following exception:

db_session = <sqlalchemy.orm.session.Session object at 0x000002070362E350>

    @pytest.fixture(scope="function")
    def test_specialists(db_session):
        """╤ючфрхЄ ЄхёЄют√ї ёяхЎшрышёЄют"""
        specialists = []
    
        # ╤яхЎшрышёЄ 1: ╩рЁфшюыюу
        cardio = User(
            username="cardio_specialist",
            email="cardio@clinic.com",
            full_name="╩рЁфшюыюу ╚трэют",
            hashed_password="hashed",
            role="cardio",
            is_active=True
        )
        db_session.add(cardio)
        specialists.append(cardio)
    
        # ╤яхЎшрышёЄ 2: ╦рсюЁрэЄ
        lab = User(
            username="lab_specialist",
            email="lab@clinic.com",
            full_name="╦рсюЁрэЄ ╧хЄЁютр",
            hashed_password="hashed",
            role="Lab",
            is_active=True
        )
        db_session.add(lab)
        specialists.append(lab)
    
>       db_session.commit()

tests\integration\test_queue_batch_api.py:108: 
_ _ _ _ _ _ _ _ _ _ _ _ _ _ _ _ _ _ _ _ _ _ _ _ _ _ _ _ _ _ _ _ _ _ _ _ _ _ _ _
C:\Program Files\Python311\Lib\site-packages\sqlalchemy\orm\session.py:2032: in commit
    trans.commit(_to_root=True)
<string>:2: in commit
    ???
C:\Program Files\Python311\Lib\site-packages\sqlalchemy\orm\state_changes.py:137: in _go
    ret_value = fn(self, *arg, **kw)
                ^^^^^^^^^^^^^^^^^^^^
C:\Program Files\Python311\Lib\site-packages\sqlalchemy\orm\session.py:1313: in commit
    self._prepare_impl()
<string>:2: in _prepare_impl
    ???
C:\Program Files\Python311\Lib\site-packages\sqlalchemy\orm\state_changes.py:137: in _go
    ret_value = fn(self, *arg, **kw)
                ^^^^^^^^^^^^^^^^^^^^
C:\Program Files\Python311\Lib\site-packages\sqlalchemy\orm\session.py:1288: in _prepare_impl
    self.session.flush()
C:\Program Files\Python311\Lib\site-packages\sqlalchemy\orm\session.py:4345: in flush
    self._flush(objects)
C:\Program Files\Python311\Lib\site-packages\sqlalchemy\orm\session.py:4480: in _flush
    with util.safe_reraise():
C:\Program Files\Python311\Lib\site-packages\sqlalchemy\util\langhelpers.py:224: in __exit__
    raise exc_value.with_traceback(exc_tb)
C:\Program Files\Python311\Lib\site-packages\sqlalchemy\orm\session.py:4441: in _flush
    flush_context.execute()
C:\Program Files\Python311\Lib\site-packages\sqlalchemy\orm\unitofwork.py:466: in execute
    rec.execute(self)
C:\Program Files\Python311\Lib\site-packages\sqlalchemy\orm\unitofwork.py:642: in execute
    util.preloaded.orm_persistence.save_obj(
C:\Program Files\Python311\Lib\site-packages\sqlalchemy\orm\persistence.py:93: in save_obj
    _emit_insert_statements(
C:\Program Files\Python311\Lib\site-packages\sqlalchemy\orm\persistence.py:1143: in _emit_insert_statements
    result = connection.execute(
C:\Program Files\Python311\Lib\site-packages\sqlalchemy\engine\base.py:1419: in execute
    return meth(
C:\Program Files\Python311\Lib\site-packages\sqlalchemy\sql\elements.py:526: in _execute_on_connection
    return connection._execute_clauseelement(
C:\Program Files\Python311\Lib\site-packages\sqlalchemy\engine\base.py:1641: in _execute_clauseelement
    ret = self._execute_context(
C:\Program Files\Python311\Lib\site-packages\sqlalchemy\engine\base.py:1844: in _execute_context
    return self._exec_insertmany_context(dialect, context)
           ^^^^^^^^^^^^^^^^^^^^^^^^^^^^^^^^^^^^^^^^^^^^^^^
C:\Program Files\Python311\Lib\site-packages\sqlalchemy\engine\base.py:2126: in _exec_insertmany_context
    self._handle_dbapi_exception(
C:\Program Files\Python311\Lib\site-packages\sqlalchemy\engine\base.py:2355: in _handle_dbapi_exception
    raise sqlalchemy_exception.with_traceback(exc_info[2]) from e
C:\Program Files\Python311\Lib\site-packages\sqlalchemy\engine\base.py:2118: in _exec_insertmany_context
    dialect.do_execute(
_ _ _ _ _ _ _ _ _ _ _ _ _ _ _ _ _ _ _ _ _ _ _ _ _ _ _ _ _ _ _ _ _ _ _ _ _ _ _ _

self = <sqlalchemy.dialects.sqlite.pysqlite.SQLiteDialect_pysqlite object at 0x000002070179ED10>
cursor = <sqlite3.Cursor object at 0x0000020703B51340>
statement = 'INSERT INTO users (username, full_name, email, hashed_password, role, is_active, is_superuser) VALUES (?, ?, ?, ?, ?, ?, ?) RETURNING id, created_at, updated_at'
parameters = ('cardio_specialist', '╩рЁфшюыюу ╚трэют', 'cardio@clinic.com', 'hashed', 'cardio', 1, ...)
context = <sqlalchemy.dialects.sqlite.base.SQLiteExecutionContext object at 0x00000207036D3310>

    def do_execute(self, cursor, statement, parameters, context=None):
>       cursor.execute(statement, parameters)
E       sqlalchemy.exc.IntegrityError: (sqlite3.IntegrityError) UNIQUE constraint failed: users.username
E       [SQL: INSERT INTO users (username, full_name, email, hashed_password, role, is_active, is_superuser) VALUES (?, ?, ?, ?, ?, ?, ?) RETURNING id, created_at, updated_at]
E       [parameters: ('cardio_specialist', '╩рЁфшюыюу ╚трэют', 'cardio@clinic.com', 'hashed', 'cardio', 1, 0)]
E       (Background on this error at: https://sqlalche.me/e/20/gkpj)

C:\Program Files\Python311\Lib\site-packages\sqlalchemy\engine\default.py:951: IntegrityError
---------------------------- Captured stdout setup ----------------------------
DEBUG: Login endpoint called with username=test_registrar
DEBUG: IP=testclient, UserAgent=testclient
DEBUG: Service obtained: <app.services.authentication_service.AuthenticationService object at 0x00000207593D1F10>
DEBUG: login_user result: {'success': True, 'message': '╙ёях°э√щ тїюф', 'user': {'id': 10, 'username': 'test_registrar', 'full_name': 'Test Registrar', 'email': 'registrar@test.com', 'role': 'Registrar', 'is_active': True, 'is_superuser': False}, 'tokens': {'access_token': 'eyJhbGciOiJIUzI1NiIsInR5cCI6IkpXVCJ9.eyJzdWIiOiIxMCIsInVzZXJuYW1lIjoidGVzdF9yZWdpc3RyYXIiLCJyb2xlIjoiUmVnaXN0cmFyIiwiaXNfYWN0aXZlIjp0cnVlLCJpc19zdXBlcnVzZXIiOmZhbHNlLCJleHAiOjE3NjU3NzM4OTIsInR5cGUiOiJhY2Nlc3MifQ.ktstDDdGmaH8KJjSsHGLPfsea1U2fikJKVGUeZq5EPw', 'refresh_token': 'eyJhbGciOiJIUzI1NiIsInR5cCI6IkpXVCJ9.eyJ1c2VyX2lkIjoxMCwianRpIjoiNjNhM2JiMGItYjBiZC00MjNiLWI0ZjgtNzIwZWE0NzQ3MjJkIiwidHlwZSI6InJlZnJlc2giLCJleHAiOjE3NjgzNjQwOTJ9.7-dQTUG_4PDN-RSY6uQId2cfZuTC4JDSHFSpcIOk2wI', 'token_type': 'bearer', 'expires_in': 1800}, 'requires_2fa': False, 'two_factor_method': None}
________ ERROR at setup of TestQueueBatchAPI.test_source_preservation _________

self = <sqlalchemy.engine.base.Connection object at 0x0000020703901ED0>
dialect = <sqlalchemy.dialects.sqlite.pysqlite.SQLiteDialect_pysqlite object at 0x000002070179ED10>
context = <sqlalchemy.dialects.sqlite.base.SQLiteExecutionContext object at 0x000002070377AB50>

    def _exec_insertmany_context(
        self,
        dialect: Dialect,
        context: ExecutionContext,
    ) -> CursorResult[Any]:
        """continue the _execute_context() method for an "insertmanyvalues"
        operation, which will invoke DBAPI
        cursor.execute() one or more times with individual log and
        event hook calls.
    
        """
    
        if dialect.bind_typing is BindTyping.SETINPUTSIZES:
            generic_setinputsizes = context._prepare_set_input_sizes()
        else:
            generic_setinputsizes = None
    
        cursor, str_statement, parameters = (
            context.cursor,
            context.statement,
            context.parameters,
        )
    
        effective_parameters = parameters
    
        engine_events = self._has_events or self.engine._has_events
        if self.dialect._has_events:
            do_execute_dispatch: Iterable[Any] = (
                self.dialect.dispatch.do_execute
            )
        else:
            do_execute_dispatch = ()
    
        if self._echo:
            stats = context._get_cache_stats() + " (insertmanyvalues)"
    
        preserve_rowcount = context.execution_options.get(
            "preserve_rowcount", False
        )
        rowcount = 0
    
        for imv_batch in dialect._deliver_insertmanyvalues_batches(
            self,
            cursor,
            str_statement,
            effective_parameters,
            generic_setinputsizes,
            context,
        ):
            if imv_batch.processed_setinputsizes:
                try:
                    dialect.do_set_input_sizes(
                        context.cursor,
                        imv_batch.processed_setinputsizes,
                        context,
                    )
                except BaseException as e:
                    self._handle_dbapi_exception(
                        e,
                        sql_util._long_statement(imv_batch.replaced_statement),
                        imv_batch.replaced_parameters,
                        None,
                        context,
                        is_sub_exec=True,
                    )
    
            sub_stmt = imv_batch.replaced_statement
            sub_params = imv_batch.replaced_parameters
    
            if engine_events:
                for fn in self.dispatch.before_cursor_execute:
                    sub_stmt, sub_params = fn(
                        self,
                        cursor,
                        sub_stmt,
                        sub_params,
                        context,
                        True,
                    )
    
            if self._echo:
                self._log_info(sql_util._long_statement(sub_stmt))
    
                imv_stats = f""" {imv_batch.batchnum}/{
                            imv_batch.total_batches
                } ({
                    'ordered'
                    if imv_batch.rows_sorted else 'unordered'
                }{
                    '; batch not supported'
                    if imv_batch.is_downgraded
                    else ''
                })"""
    
                if imv_batch.batchnum == 1:
                    stats += imv_stats
                else:
                    stats = f"insertmanyvalues{imv_stats}"
    
                if not self.engine.hide_parameters:
                    self._log_info(
                        "[%s] %r",
                        stats,
                        sql_util._repr_params(
                            sub_params,
                            batches=10,
                            ismulti=False,
                        ),
                    )
                else:
                    self._log_info(
                        "[%s] [SQL parameters hidden due to "
                        "hide_parameters=True]",
                        stats,
                    )
    
            try:
                for fn in do_execute_dispatch:
                    if fn(
                        cursor,
                        sub_stmt,
                        sub_params,
                        context,
                    ):
                        break
                else:
>                   dialect.do_execute(
                        cursor,
                        sub_stmt,
                        sub_params,
                        context,
                    )

C:\Program Files\Python311\Lib\site-packages\sqlalchemy\engine\base.py:2118: 
_ _ _ _ _ _ _ _ _ _ _ _ _ _ _ _ _ _ _ _ _ _ _ _ _ _ _ _ _ _ _ _ _ _ _ _ _ _ _ _

self = <sqlalchemy.dialects.sqlite.pysqlite.SQLiteDialect_pysqlite object at 0x000002070179ED10>
cursor = <sqlite3.Cursor object at 0x0000020704B79240>
statement = 'INSERT INTO users (username, full_name, email, hashed_password, role, is_active, is_superuser) VALUES (?, ?, ?, ?, ?, ?, ?) RETURNING id, created_at, updated_at'
parameters = ('cardio_specialist', '╩рЁфшюыюу ╚трэют', 'cardio@clinic.com', 'hashed', 'cardio', 1, ...)
context = <sqlalchemy.dialects.sqlite.base.SQLiteExecutionContext object at 0x000002070377AB50>

    def do_execute(self, cursor, statement, parameters, context=None):
>       cursor.execute(statement, parameters)
E       sqlite3.IntegrityError: UNIQUE constraint failed: users.username

C:\Program Files\Python311\Lib\site-packages\sqlalchemy\engine\default.py:951: IntegrityError

The above exception was the direct cause of the following exception:

db_session = <sqlalchemy.orm.session.Session object at 0x000002070362D710>

    @pytest.fixture(scope="function")
    def test_specialists(db_session):
        """╤ючфрхЄ ЄхёЄют√ї ёяхЎшрышёЄют"""
        specialists = []
    
        # ╤яхЎшрышёЄ 1: ╩рЁфшюыюу
        cardio = User(
            username="cardio_specialist",
            email="cardio@clinic.com",
            full_name="╩рЁфшюыюу ╚трэют",
            hashed_password="hashed",
            role="cardio",
            is_active=True
        )
        db_session.add(cardio)
        specialists.append(cardio)
    
        # ╤яхЎшрышёЄ 2: ╦рсюЁрэЄ
        lab = User(
            username="lab_specialist",
            email="lab@clinic.com",
            full_name="╦рсюЁрэЄ ╧хЄЁютр",
            hashed_password="hashed",
            role="Lab",
            is_active=True
        )
        db_session.add(lab)
        specialists.append(lab)
    
>       db_session.commit()

tests\integration\test_queue_batch_api.py:108: 
_ _ _ _ _ _ _ _ _ _ _ _ _ _ _ _ _ _ _ _ _ _ _ _ _ _ _ _ _ _ _ _ _ _ _ _ _ _ _ _
C:\Program Files\Python311\Lib\site-packages\sqlalchemy\orm\session.py:2032: in commit
    trans.commit(_to_root=True)
<string>:2: in commit
    ???
C:\Program Files\Python311\Lib\site-packages\sqlalchemy\orm\state_changes.py:137: in _go
    ret_value = fn(self, *arg, **kw)
                ^^^^^^^^^^^^^^^^^^^^
C:\Program Files\Python311\Lib\site-packages\sqlalchemy\orm\session.py:1313: in commit
    self._prepare_impl()
<string>:2: in _prepare_impl
    ???
C:\Program Files\Python311\Lib\site-packages\sqlalchemy\orm\state_changes.py:137: in _go
    ret_value = fn(self, *arg, **kw)
                ^^^^^^^^^^^^^^^^^^^^
C:\Program Files\Python311\Lib\site-packages\sqlalchemy\orm\session.py:1288: in _prepare_impl
    self.session.flush()
C:\Program Files\Python311\Lib\site-packages\sqlalchemy\orm\session.py:4345: in flush
    self._flush(objects)
C:\Program Files\Python311\Lib\site-packages\sqlalchemy\orm\session.py:4480: in _flush
    with util.safe_reraise():
C:\Program Files\Python311\Lib\site-packages\sqlalchemy\util\langhelpers.py:224: in __exit__
    raise exc_value.with_traceback(exc_tb)
C:\Program Files\Python311\Lib\site-packages\sqlalchemy\orm\session.py:4441: in _flush
    flush_context.execute()
C:\Program Files\Python311\Lib\site-packages\sqlalchemy\orm\unitofwork.py:466: in execute
    rec.execute(self)
C:\Program Files\Python311\Lib\site-packages\sqlalchemy\orm\unitofwork.py:642: in execute
    util.preloaded.orm_persistence.save_obj(
C:\Program Files\Python311\Lib\site-packages\sqlalchemy\orm\persistence.py:93: in save_obj
    _emit_insert_statements(
C:\Program Files\Python311\Lib\site-packages\sqlalchemy\orm\persistence.py:1143: in _emit_insert_statements
    result = connection.execute(
C:\Program Files\Python311\Lib\site-packages\sqlalchemy\engine\base.py:1419: in execute
    return meth(
C:\Program Files\Python311\Lib\site-packages\sqlalchemy\sql\elements.py:526: in _execute_on_connection
    return connection._execute_clauseelement(
C:\Program Files\Python311\Lib\site-packages\sqlalchemy\engine\base.py:1641: in _execute_clauseelement
    ret = self._execute_context(
C:\Program Files\Python311\Lib\site-packages\sqlalchemy\engine\base.py:1844: in _execute_context
    return self._exec_insertmany_context(dialect, context)
           ^^^^^^^^^^^^^^^^^^^^^^^^^^^^^^^^^^^^^^^^^^^^^^^
C:\Program Files\Python311\Lib\site-packages\sqlalchemy\engine\base.py:2126: in _exec_insertmany_context
    self._handle_dbapi_exception(
C:\Program Files\Python311\Lib\site-packages\sqlalchemy\engine\base.py:2355: in _handle_dbapi_exception
    raise sqlalchemy_exception.with_traceback(exc_info[2]) from e
C:\Program Files\Python311\Lib\site-packages\sqlalchemy\engine\base.py:2118: in _exec_insertmany_context
    dialect.do_execute(
_ _ _ _ _ _ _ _ _ _ _ _ _ _ _ _ _ _ _ _ _ _ _ _ _ _ _ _ _ _ _ _ _ _ _ _ _ _ _ _

self = <sqlalchemy.dialects.sqlite.pysqlite.SQLiteDialect_pysqlite object at 0x000002070179ED10>
cursor = <sqlite3.Cursor object at 0x0000020704B79240>
statement = 'INSERT INTO users (username, full_name, email, hashed_password, role, is_active, is_superuser) VALUES (?, ?, ?, ?, ?, ?, ?) RETURNING id, created_at, updated_at'
parameters = ('cardio_specialist', '╩рЁфшюыюу ╚трэют', 'cardio@clinic.com', 'hashed', 'cardio', 1, ...)
context = <sqlalchemy.dialects.sqlite.base.SQLiteExecutionContext object at 0x000002070377AB50>

    def do_execute(self, cursor, statement, parameters, context=None):
>       cursor.execute(statement, parameters)
E       sqlalchemy.exc.IntegrityError: (sqlite3.IntegrityError) UNIQUE constraint failed: users.username
E       [SQL: INSERT INTO users (username, full_name, email, hashed_password, role, is_active, is_superuser) VALUES (?, ?, ?, ?, ?, ?, ?) RETURNING id, created_at, updated_at]
E       [parameters: ('cardio_specialist', '╩рЁфшюыюу ╚трэют', 'cardio@clinic.com', 'hashed', 'cardio', 1, 0)]
E       (Background on this error at: https://sqlalche.me/e/20/gkpj)

C:\Program Files\Python311\Lib\site-packages\sqlalchemy\engine\default.py:951: IntegrityError
---------------------------- Captured stdout setup ----------------------------
DEBUG: Login endpoint called with username=test_registrar
DEBUG: IP=testclient, UserAgent=testclient
DEBUG: Service obtained: <app.services.authentication_service.AuthenticationService object at 0x00000207593D1F10>
DEBUG: login_user result: {'success': True, 'message': '╙ёях°э√щ тїюф', 'user': {'id': 10, 'username': 'test_registrar', 'full_name': 'Test Registrar', 'email': 'registrar@test.com', 'role': 'Registrar', 'is_active': True, 'is_superuser': False}, 'tokens': {'access_token': 'eyJhbGciOiJIUzI1NiIsInR5cCI6IkpXVCJ9.eyJzdWIiOiIxMCIsInVzZXJuYW1lIjoidGVzdF9yZWdpc3RyYXIiLCJyb2xlIjoiUmVnaXN0cmFyIiwiaXNfYWN0aXZlIjp0cnVlLCJpc19zdXBlcnVzZXIiOmZhbHNlLCJleHAiOjE3NjU3NzM4OTMsInR5cGUiOiJhY2Nlc3MifQ.yQN3b17zlo4cyHdogSZqRS2oLm_TjGhiRzstwqpTXbo', 'refresh_token': 'eyJhbGciOiJIUzI1NiIsInR5cCI6IkpXVCJ9.eyJ1c2VyX2lkIjoxMCwianRpIjoiNGY1NDE2YjEtNjczNy00NzIwLTk2OWEtZGRhZjBiNzJiZTgxIiwidHlwZSI6InJlZnJlc2giLCJleHAiOjE3NjgzNjQwOTN9.Y6cM011kj0J5QwVXZwVB8izxlebjLFsuoUGX5rVQzS8', 'token_type': 'bearer', 'expires_in': 1800}, 'requires_2fa': False, 'two_factor_method': None}
________ ERROR at setup of TestQueueBatchAPI.test_duplicate_detection _________

self = <sqlalchemy.engine.base.Connection object at 0x00000207043345D0>
dialect = <sqlalchemy.dialects.sqlite.pysqlite.SQLiteDialect_pysqlite object at 0x000002070179ED10>
context = <sqlalchemy.dialects.sqlite.base.SQLiteExecutionContext object at 0x000002070344AB50>

    def _exec_insertmany_context(
        self,
        dialect: Dialect,
        context: ExecutionContext,
    ) -> CursorResult[Any]:
        """continue the _execute_context() method for an "insertmanyvalues"
        operation, which will invoke DBAPI
        cursor.execute() one or more times with individual log and
        event hook calls.
    
        """
    
        if dialect.bind_typing is BindTyping.SETINPUTSIZES:
            generic_setinputsizes = context._prepare_set_input_sizes()
        else:
            generic_setinputsizes = None
    
        cursor, str_statement, parameters = (
            context.cursor,
            context.statement,
            context.parameters,
        )
    
        effective_parameters = parameters
    
        engine_events = self._has_events or self.engine._has_events
        if self.dialect._has_events:
            do_execute_dispatch: Iterable[Any] = (
                self.dialect.dispatch.do_execute
            )
        else:
            do_execute_dispatch = ()
    
        if self._echo:
            stats = context._get_cache_stats() + " (insertmanyvalues)"
    
        preserve_rowcount = context.execution_options.get(
            "preserve_rowcount", False
        )
        rowcount = 0
    
        for imv_batch in dialect._deliver_insertmanyvalues_batches(
            self,
            cursor,
            str_statement,
            effective_parameters,
            generic_setinputsizes,
            context,
        ):
            if imv_batch.processed_setinputsizes:
                try:
                    dialect.do_set_input_sizes(
                        context.cursor,
                        imv_batch.processed_setinputsizes,
                        context,
                    )
                except BaseException as e:
                    self._handle_dbapi_exception(
                        e,
                        sql_util._long_statement(imv_batch.replaced_statement),
                        imv_batch.replaced_parameters,
                        None,
                        context,
                        is_sub_exec=True,
                    )
    
            sub_stmt = imv_batch.replaced_statement
            sub_params = imv_batch.replaced_parameters
    
            if engine_events:
                for fn in self.dispatch.before_cursor_execute:
                    sub_stmt, sub_params = fn(
                        self,
                        cursor,
                        sub_stmt,
                        sub_params,
                        context,
                        True,
                    )
    
            if self._echo:
                self._log_info(sql_util._long_statement(sub_stmt))
    
                imv_stats = f""" {imv_batch.batchnum}/{
                            imv_batch.total_batches
                } ({
                    'ordered'
                    if imv_batch.rows_sorted else 'unordered'
                }{
                    '; batch not supported'
                    if imv_batch.is_downgraded
                    else ''
                })"""
    
                if imv_batch.batchnum == 1:
                    stats += imv_stats
                else:
                    stats = f"insertmanyvalues{imv_stats}"
    
                if not self.engine.hide_parameters:
                    self._log_info(
                        "[%s] %r",
                        stats,
                        sql_util._repr_params(
                            sub_params,
                            batches=10,
                            ismulti=False,
                        ),
                    )
                else:
                    self._log_info(
                        "[%s] [SQL parameters hidden due to "
                        "hide_parameters=True]",
                        stats,
                    )
    
            try:
                for fn in do_execute_dispatch:
                    if fn(
                        cursor,
                        sub_stmt,
                        sub_params,
                        context,
                    ):
                        break
                else:
>                   dialect.do_execute(
                        cursor,
                        sub_stmt,
                        sub_params,
                        context,
                    )

C:\Program Files\Python311\Lib\site-packages\sqlalchemy\engine\base.py:2118: 
_ _ _ _ _ _ _ _ _ _ _ _ _ _ _ _ _ _ _ _ _ _ _ _ _ _ _ _ _ _ _ _ _ _ _ _ _ _ _ _

self = <sqlalchemy.dialects.sqlite.pysqlite.SQLiteDialect_pysqlite object at 0x000002070179ED10>
cursor = <sqlite3.Cursor object at 0x0000020703E766C0>
statement = 'INSERT INTO users (username, full_name, email, hashed_password, role, is_active, is_superuser) VALUES (?, ?, ?, ?, ?, ?, ?) RETURNING id, created_at, updated_at'
parameters = ('cardio_specialist', '╩рЁфшюыюу ╚трэют', 'cardio@clinic.com', 'hashed', 'cardio', 1, ...)
context = <sqlalchemy.dialects.sqlite.base.SQLiteExecutionContext object at 0x000002070344AB50>

    def do_execute(self, cursor, statement, parameters, context=None):
>       cursor.execute(statement, parameters)
E       sqlite3.IntegrityError: UNIQUE constraint failed: users.username

C:\Program Files\Python311\Lib\site-packages\sqlalchemy\engine\default.py:951: IntegrityError

The above exception was the direct cause of the following exception:

db_session = <sqlalchemy.orm.session.Session object at 0x000002070328AE50>

    @pytest.fixture(scope="function")
    def test_specialists(db_session):
        """╤ючфрхЄ ЄхёЄют√ї ёяхЎшрышёЄют"""
        specialists = []
    
        # ╤яхЎшрышёЄ 1: ╩рЁфшюыюу
        cardio = User(
            username="cardio_specialist",
            email="cardio@clinic.com",
            full_name="╩рЁфшюыюу ╚трэют",
            hashed_password="hashed",
            role="cardio",
            is_active=True
        )
        db_session.add(cardio)
        specialists.append(cardio)
    
        # ╤яхЎшрышёЄ 2: ╦рсюЁрэЄ
        lab = User(
            username="lab_specialist",
            email="lab@clinic.com",
            full_name="╦рсюЁрэЄ ╧хЄЁютр",
            hashed_password="hashed",
            role="Lab",
            is_active=True
        )
        db_session.add(lab)
        specialists.append(lab)
    
>       db_session.commit()

tests\integration\test_queue_batch_api.py:108: 
_ _ _ _ _ _ _ _ _ _ _ _ _ _ _ _ _ _ _ _ _ _ _ _ _ _ _ _ _ _ _ _ _ _ _ _ _ _ _ _
C:\Program Files\Python311\Lib\site-packages\sqlalchemy\orm\session.py:2032: in commit
    trans.commit(_to_root=True)
<string>:2: in commit
    ???
C:\Program Files\Python311\Lib\site-packages\sqlalchemy\orm\state_changes.py:137: in _go
    ret_value = fn(self, *arg, **kw)
                ^^^^^^^^^^^^^^^^^^^^
C:\Program Files\Python311\Lib\site-packages\sqlalchemy\orm\session.py:1313: in commit
    self._prepare_impl()
<string>:2: in _prepare_impl
    ???
C:\Program Files\Python311\Lib\site-packages\sqlalchemy\orm\state_changes.py:137: in _go
    ret_value = fn(self, *arg, **kw)
                ^^^^^^^^^^^^^^^^^^^^
C:\Program Files\Python311\Lib\site-packages\sqlalchemy\orm\session.py:1288: in _prepare_impl
    self.session.flush()
C:\Program Files\Python311\Lib\site-packages\sqlalchemy\orm\session.py:4345: in flush
    self._flush(objects)
C:\Program Files\Python311\Lib\site-packages\sqlalchemy\orm\session.py:4480: in _flush
    with util.safe_reraise():
C:\Program Files\Python311\Lib\site-packages\sqlalchemy\util\langhelpers.py:224: in __exit__
    raise exc_value.with_traceback(exc_tb)
C:\Program Files\Python311\Lib\site-packages\sqlalchemy\orm\session.py:4441: in _flush
    flush_context.execute()
C:\Program Files\Python311\Lib\site-packages\sqlalchemy\orm\unitofwork.py:466: in execute
    rec.execute(self)
C:\Program Files\Python311\Lib\site-packages\sqlalchemy\orm\unitofwork.py:642: in execute
    util.preloaded.orm_persistence.save_obj(
C:\Program Files\Python311\Lib\site-packages\sqlalchemy\orm\persistence.py:93: in save_obj
    _emit_insert_statements(
C:\Program Files\Python311\Lib\site-packages\sqlalchemy\orm\persistence.py:1143: in _emit_insert_statements
    result = connection.execute(
C:\Program Files\Python311\Lib\site-packages\sqlalchemy\engine\base.py:1419: in execute
    return meth(
C:\Program Files\Python311\Lib\site-packages\sqlalchemy\sql\elements.py:526: in _execute_on_connection
    return connection._execute_clauseelement(
C:\Program Files\Python311\Lib\site-packages\sqlalchemy\engine\base.py:1641: in _execute_clauseelement
    ret = self._execute_context(
C:\Program Files\Python311\Lib\site-packages\sqlalchemy\engine\base.py:1844: in _execute_context
    return self._exec_insertmany_context(dialect, context)
           ^^^^^^^^^^^^^^^^^^^^^^^^^^^^^^^^^^^^^^^^^^^^^^^
C:\Program Files\Python311\Lib\site-packages\sqlalchemy\engine\base.py:2126: in _exec_insertmany_context
    self._handle_dbapi_exception(
C:\Program Files\Python311\Lib\site-packages\sqlalchemy\engine\base.py:2355: in _handle_dbapi_exception
    raise sqlalchemy_exception.with_traceback(exc_info[2]) from e
C:\Program Files\Python311\Lib\site-packages\sqlalchemy\engine\base.py:2118: in _exec_insertmany_context
    dialect.do_execute(
_ _ _ _ _ _ _ _ _ _ _ _ _ _ _ _ _ _ _ _ _ _ _ _ _ _ _ _ _ _ _ _ _ _ _ _ _ _ _ _

self = <sqlalchemy.dialects.sqlite.pysqlite.SQLiteDialect_pysqlite object at 0x000002070179ED10>
[...]
    
>       assert result["passed"] is True
E       assert False is True

tests\unit\test_migration_service.py:112: AssertionError
______________ TestMigrationService.test_backup_queue_data_empty ______________

self = <test_migration_service.TestMigrationService object at 0x000002070172D5D0>
db_session = <sqlalchemy.orm.session.Session object at 0x0000020703A40CD0>

    def test_backup_queue_data_empty(self, db_session):
        """╥хёЄ ёючфрэш  ЁхчхЁтэющ ъюяшш яєёЄ√ї фрээ√ї"""
        service = MigrationService(db_session)
    
        with patch('os.makedirs'), patch('builtins.open', create=True) as mock_open:
            mock_file = MagicMock()
            mock_open.return_value.__enter__.return_value = mock_file
    
            result = service.backup_queue_data(date.today())
    
            assert result["success"] is True
>           assert result["queues_count"] == 0
E           assert 29 == 0

tests\unit\test_migration_service.py:126: AssertionError
____________ TestMigrationService.test_backup_queue_data_with_data ____________

self = <test_migration_service.TestMigrationService object at 0x000002070172DC10>
db_session = <sqlalchemy.orm.session.Session object at 0x000002070435A3D0>
test_daily_queue = <app.models.online_queue.DailyQueue object at 0x0000020703C9C1D0>
test_queue_entry = <app.models.online_queue.OnlineQueueEntry object at 0x00000207042F0F10>

    def test_backup_queue_data_with_data(self, db_session, test_daily_queue, test_queue_entry):
        """╥хёЄ ёючфрэш  ЁхчхЁтэющ ъюяшш ё фрээ√ьш"""
        service = MigrationService(db_session)
    
        with patch('os.makedirs'), patch('builtins.open', create=True) as mock_open:
            mock_file = MagicMock()
            mock_open.return_value.__enter__.return_value = mock_file
    
            result = service.backup_queue_data(date.today())
    
            assert result["success"] is True
>           assert result["queues_count"] == 1
E           assert 30 == 1

tests\unit\test_migration_service.py:141: AssertionError
______________ TestMigrationService.test_cleanup_old_data_empty _______________

self = <test_migration_service.TestMigrationService object at 0x000002070172F610>
db_session = <sqlalchemy.orm.session.Session object at 0x0000020704344710>

    def test_cleanup_old_data_empty(self, db_session):
        """╥хёЄ юўшёЄъш ёЄрЁ√ї фрээ√ї т яєёЄющ ┴─"""
        service = MigrationService(db_session)
    
        result = service.cleanup_old_data(days_to_keep=30)
    
        assert result["success"] is True
>       assert result["deleted_queues"] == 0
E       assert 6 == 0

tests\unit\test_migration_service.py:220: AssertionError
============================== warnings summary ===============================
..\..\Program Files\Python311\Lib\site-packages\pydantic\fields.py:1093
  C:\Program Files\Python311\Lib\site-packages\pydantic\fields.py:1093: PydanticDeprecatedSince20: Using extra keyword arguments on `Field` is deprecated and will be removed. Use `json_schema_extra` instead. (Extra keys: 'env'). Deprecated in Pydantic V2.0 to be removed in V3.0. See Pydantic V2 Migration Guide at https://errors.pydantic.dev/2.11/migration/
    warn(

..\..\Program Files\Python311\Lib\site-packages\pydantic\_internal\_config.py:323: 51 warnings
  C:\Program Files\Python311\Lib\site-packages\pydantic\_internal\_config.py:323: PydanticDeprecatedSince20: Support for class-based `config` is deprecated, use ConfigDict instead. Deprecated in Pydantic V2.0 to be removed in V3.0. See Pydantic V2 Migration Guide at https://errors.pydantic.dev/2.11/migration/
    warnings.warn(DEPRECATION_MESSAGE, DeprecationWarning)

..\..\Program Files\Python311\Lib\site-packages\pydantic\fields.py:1068
..\..\Program Files\Python311\Lib\site-packages\pydantic\fields.py:1068
..\..\Program Files\Python311\Lib\site-packages\pydantic\fields.py:1068
  C:\Program Files\Python311\Lib\site-packages\pydantic\fields.py:1068: PydanticDeprecatedSince20: `max_items` is deprecated and will be removed, use `max_length` instead. Deprecated in Pydantic V2.0 to be removed in V3.0. See Pydantic V2 Migration Guide at https://errors.pydantic.dev/2.11/migration/
    warn('`max_items` is deprecated and will be removed, use `max_length` instead', DeprecationWarning)

..\..\Program Files\Python311\Lib\site-packages\pydantic\fields.py:1062
..\..\Program Files\Python311\Lib\site-packages\pydantic\fields.py:1062
..\..\Program Files\Python311\Lib\site-packages\pydantic\fields.py:1062
..\..\Program Files\Python311\Lib\site-packages\pydantic\fields.py:1062
..\..\Program Files\Python311\Lib\site-packages\pydantic\fields.py:1062
..\..\Program Files\Python311\Lib\site-packages\pydantic\fields.py:1062
  C:\Program Files\Python311\Lib\site-packages\pydantic\fields.py:1062: PydanticDeprecatedSince20: `min_items` is deprecated and will be removed, use `min_length` instead. Deprecated in Pydantic V2.0 to be removed in V3.0. See Pydantic V2 Migration Guide at https://errors.pydantic.dev/2.11/migration/
    warn('`min_items` is deprecated and will be removed, use `min_length` instead', DeprecationWarning)

tests\integration\test_e2e_doctor_visit.py:152
  C:\final\backend\tests\integration\test_e2e_doctor_visit.py:152: PytestUnknownMarkWarning: Unknown pytest.mark.e2e - is this a typo?  You can register custom marks to avoid this warning - for details, see https://docs.pytest.org/en/stable/how-to/mark.html
    @pytest.mark.e2e

tests\integration\test_e2e_doctor_visit.py:312
  C:\final\backend\tests\integration\test_e2e_doctor_visit.py:312: PytestUnknownMarkWarning: Unknown pytest.mark.e2e - is this a typo?  You can register custom marks to avoid this warning - for details, see https://docs.pytest.org/en/stable/how-to/mark.html
    @pytest.mark.e2e

tests\integration\test_e2e_doctor_visit.py:350
  C:\final\backend\tests\integration\test_e2e_doctor_visit.py:350: PytestUnknownMarkWarning: Unknown pytest.mark.e2e - is this a typo?  You can register custom marks to avoid this warning - for details, see https://docs.pytest.org/en/stable/how-to/mark.html
    @pytest.mark.e2e

tests\integration\test_e2e_patient_flow.py:140
  C:\final\backend\tests\integration\test_e2e_patient_flow.py:140: PytestUnknownMarkWarning: Unknown pytest.mark.e2e - is this a typo?  You can register custom marks to avoid this warning - for details, see https://docs.pytest.org/en/stable/how-to/mark.html
    @pytest.mark.e2e

tests\integration\test_e2e_patient_flow.py:305
  C:\final\backend\tests\integration\test_e2e_patient_flow.py:305: PytestUnknownMarkWarning: Unknown pytest.mark.e2e - is this a typo?  You can register custom marks to avoid this warning - for details, see https://docs.pytest.org/en/stable/how-to/mark.html
    @pytest.mark.e2e

tests\integration\test_e2e_payment_flow.py:92
  C:\final\backend\tests\integration\test_e2e_payment_flow.py:92: PytestUnknownMarkWarning: Unknown pytest.mark.e2e - is this a typo?  You can register custom marks to avoid this warning - for details, see https://docs.pytest.org/en/stable/how-to/mark.html
    @pytest.mark.e2e

tests\integration\test_e2e_payment_flow.py:212
  C:\final\backend\tests\integration\test_e2e_payment_flow.py:212: PytestUnknownMarkWarning: Unknown pytest.mark.e2e - is this a typo?  You can register custom marks to avoid this warning - for details, see https://docs.pytest.org/en/stable/how-to/mark.html
    @pytest.mark.e2e

tests\integration\test_e2e_payment_flow.py:247
  C:\final\backend\tests\integration\test_e2e_payment_flow.py:247: PytestUnknownMarkWarning: Unknown pytest.mark.e2e - is this a typo?  You can register custom marks to avoid this warning - for details, see https://docs.pytest.org/en/stable/how-to/mark.html
    @pytest.mark.e2e

tests/integration/test_e2e_clinic.py::test_e2e_clinic_flow
tests/integration/test_e2e_clinic.py::test_e2e_clinic_flow
tests/integration/test_e2e_clinic.py::test_e2e_clinic_flow
tests/integration/test_rbac_matrix.py::TestPositiveRBAC::test_admin_can_create_patient
tests/integration/test_rbac_matrix.py::TestPositiveRBAC::test_registrar_can_create_patient
tests/test_audit_logs.py::test_audit_log_create_patient
tests/test_audit_logs.py::test_audit_log_request_id
tests/test_audit_logs.py::test_audit_log_request_id
tests/test_audit_logs.py::test_audit_log_request_id
  C:\final\backend\app\crud\base.py:30: PydanticDeprecatedSince20: The `dict` method is deprecated; use `model_dump` instead. Deprecated in Pydantic V2.0 to be removed in V3.0. See Pydantic V2 Migration Guide at https://errors.pydantic.dev/2.11/migration/
    data: Dict[str, Any] = obj_in.dict(exclude_unset=True)

tests/integration/test_e2e_clinic.py::test_e2e_clinic_flow
tests/integration/test_e2e_clinic.py::test_e2e_clinic_flow
tests/integration/test_e2e_clinic.py::test_e2e_clinic_flow
tests/integration/test_rbac_matrix.py::TestPositiveRBAC::test_doctor_can_read_patient
tests/test_audit_logs.py::test_audit_log_update_patient
tests/test_audit_logs.py::test_audit_log_delete_patient
  C:\final\backend\app\crud\base.py:21: LegacyAPIWarning: The Query.get() method is considered legacy as of the 1.x series of SQLAlchemy and becomes a legacy construct in 2.0. The method is now available as Session.get() (deprecated since: 2.0) (Background on SQLAlchemy 2.0 at: https://sqlalche.me/e/b8d9)
    return db.query(self.model).get(id)

tests/integration/test_e2e_clinic.py::test_e2e_clinic_flow
  C:\final\backend\app\api\v1\endpoints\appointment_flow.py:389: PydanticDeprecatedSince20: The `from_orm` method is deprecated; set `model_config['from_attributes']=True` and use `model_validate` instead. Deprecated in Pydantic V2.0 to be removed in V3.0. See Pydantic V2 Migration Guide at https://errors.pydantic.dev/2.11/migration/
    emr_dict = EMRSchema.from_orm(new_emr).dict()

tests/integration/test_e2e_clinic.py::test_e2e_clinic_flow
  C:\final\backend\app\api\v1\endpoints\appointment_flow.py:389: PydanticDeprecatedSince20: The `dict` method is deprecated; use `model_dump` instead. Deprecated in Pydantic V2.0 to be removed in V3.0. See Pydantic V2 Migration Guide at https://errors.pydantic.dev/2.11/migration/
    emr_dict = EMRSchema.from_orm(new_emr).dict()

tests/test_audit_logs.py::test_audit_log_update_patient
  C:\final\backend\app\crud\base.py:68: PydanticDeprecatedSince20: The `dict` method is deprecated; use `model_dump` instead. Deprecated in Pydantic V2.0 to be removed in V3.0. See Pydantic V2 Migration Guide at https://errors.pydantic.dev/2.11/migration/
    update_data = obj_in.dict(exclude_unset=True)

tests/test_audit_logs.py::test_audit_log_delete_patient
  C:\final\backend\app\crud\base.py:98: LegacyAPIWarning: The Query.get() method is considered legacy as of the 1.x series of SQLAlchemy and becomes a legacy construct in 2.0. The method is now available as Session.get() (deprecated since: 2.0) (Background on SQLAlchemy 2.0 at: https://sqlalche.me/e/b8d9)
    obj = db.query(self.model).get(id)

-- Docs: https://docs.pytest.org/en/stable/how-to/capture-warnings.html
=========================== short test summary info ===========================
FAILED tests/integration/test_e2e_migration_flow.py::TestE2EMigrationFlow::test_complete_migration_flow
FAILED tests/integration/test_e2e_migration_flow.py::TestE2EMigrationFlow::test_migration_with_old_data_cleanup
FAILED tests/integration/test_e2e_migration_flow.py::TestE2EMigrationFlow::test_migration_service_direct_integration
FAILED tests/integration/test_e2e_migration_flow.py::TestE2EMigrationFlow::test_error_recovery_in_migration_flow
FAILED tests/integration/test_e2e_migration_flow.py::TestE2EMigrationFlow::test_concurrent_migration_operations
FAILED tests/integration/test_e2e_patient_flow.py::TestPatientAuthFlow::test_unauthorized_access_rejected
FAILED tests/integration/test_e2e_patient_flow.py::TestPatientAuthFlow::test_invalid_token_rejected
FAILED tests/integration/test_e2e_payment_flow.py::TestPaymentSecurity::test_invalid_amount_rejected
FAILED tests/integration/test_e2e_visit_flow.py::TestE2EVisitFlow::test_complete_visit_flow_future_date
FAILED tests/integration/test_e2e_visit_flow.py::TestE2EVisitFlow::test_morning_assignment_flow
FAILED tests/integration/test_e2e_visit_flow.py::TestE2EVisitFlow::test_registrar_confirmation_flow
FAILED tests/integration/test_e2e_visit_flow.py::TestE2EVisitFlow::test_multiple_services_queue_assignment
FAILED tests/integration/test_e2e_visit_flow.py::TestE2EVisitFlow::test_error_handling_in_flow
FAILED tests/integration/test_e2e_visit_flow.py::TestE2EVisitFlow::test_notification_integration
FAILED tests/integration/test_migration_management_api.py::TestMigrationManagementAPI::test_check_data_integrity_with_data
FAILED tests/integration/test_migration_management_api.py::TestMigrationManagementAPI::test_restore_queue_data_file_not_found
FAILED tests/integration/test_migration_management_api.py::TestMigrationManagementAPI::test_api_error_handling
FAILED tests/integration/test_queue_batch_api.py::TestQueueBatchAPI::test_empty_services_list_error
FAILED tests/integration/test_server_integration.py::test_health_endpoint - r...
FAILED tests/integration/test_server_integration.py::test_status_endpoint - r...
FAILED tests/integration/test_server_integration.py::test_openapi_docs - requ...
FAILED tests/integration/test_visit_confirmation_api.py::TestVisitConfirmationAPI::test_get_visit_info_success
FAILED tests/integration/test_visit_confirmation_api.py::TestVisitConfirmationAPI::test_get_visit_info_expired_token
FAILED tests/integration/test_visit_confirmation_api.py::TestVisitConfirmationAPI::test_confirm_visit_telegram_success
FAILED tests/integration/test_visit_confirmation_api.py::TestVisitConfirmationAPI::test_confirm_visit_telegram_invalid_token
FAILED tests/integration/test_visit_confirmation_api.py::TestVisitConfirmationAPI::test_confirm_visit_telegram_wrong_channel
FAILED tests/integration/test_visit_confirmation_api.py::TestVisitConfirmationAPI::test_confirm_visit_pwa_success
FAILED tests/integration/test_visit_confirmation_api.py::TestVisitConfirmationAPI::test_confirm_visit_pwa_phone_mismatch
FAILED tests/integration/test_visit_confirmation_api.py::TestVisitConfirmationAPI::test_confirm_visit_creates_queue_entry_today
FAILED tests/integration/test_visit_confirmation_api.py::TestVisitConfirmationAPI::test_confirm_visit_no_queue_entry_future_date
FAILED tests/integration/test_visit_confirmation_api.py::TestVisitConfirmationAPI::test_confirm_visit_updates_status
FAILED tests/integration/test_visit_confirmation_api.py::TestVisitConfirmationAPI::test_confirm_visit_rate_limiting
FAILED tests/test_2fa_enforcement.py::Test2FAEnforcement::test_admin_cannot_login_without_2fa
FAILED tests/test_2fa_enforcement.py::Test2FAEnforcement::test_cashier_cannot_login_without_2fa
FAILED tests/test_file_security.py::TestFileSecurity::test_file_hash_is_computed_on_upload
FAILED tests/test_file_security.py::TestFileSecurity::test_file_versioning_on_content_replace
FAILED tests/test_file_security.py::TestFileSecurity::test_file_hash_consistency
FAILED tests/test_file_security.py::TestFileSecurity::test_file_version_hash_required
FAILED tests/test_security_middleware.py::TestRateLimiting::test_rate_limit_login_endpoint
FAILED tests/test_security_middleware.py::TestRateLimiting::test_rate_limit_2fa_verify
FAILED tests/test_security_middleware.py::TestRateLimiting::test_rate_limit_password_reset
FAILED tests/test_security_middleware.py::TestRateLimiting::test_rate_limit_headers
FAILED tests/test_security_middleware.py::TestBruteForceProtection::test_brute_force_login_blocked
FAILED tests/test_security_middleware.py::TestBruteForceProtection::test_brute_force_2fa_blocked
FAILED tests/test_security_middleware.py::TestSecurityMiddlewareIntegration::test_rate_limit_reset_after_window
FAILED tests/unit/test_confirmation_security.py::TestConfirmationSecurityService::test_validate_confirmation_request_valid_token
FAILED tests/unit/test_confirmation_security.py::TestConfirmationSecurityService::test_validate_confirmation_request_expired_token
FAILED tests/unit/test_confirmation_security.py::TestConfirmationSecurityService::test_validate_confirmation_request_wrong_status
FAILED tests/unit/test_confirmation_security.py::TestConfirmationSecurityService::test_validate_confirmation_request_suspicious_user_agent
FAILED tests/unit/test_migration_service.py::TestMigrationService::test_get_or_create_daily_queue_existing
FAILED tests/unit/test_migration_service.py::TestMigrationService::test_check_data_integrity_empty_db
FAILED tests/unit/test_migration_service.py::TestMigrationService::test_check_data_integrity_with_data
FAILED tests/unit/test_migration_service.py::TestMigrationService::test_backup_queue_data_empty
FAILED tests/unit/test_migration_service.py::TestMigrationService::test_backup_queue_data_with_data
FAILED tests/unit/test_migration_service.py::TestMigrationService::test_cleanup_old_data_empty
ERROR tests/integration/test_e2e_patient_flow.py::TestPatientFlow::test_patient_can_view_appointments
ERROR tests/integration/test_e2e_patient_flow.py::TestPatientFlow::test_patient_can_view_single_appointment
ERROR tests/integration/test_e2e_patient_flow.py::TestPatientFlow::test_patient_can_cancel_future_appointment
ERROR tests/integration/test_e2e_patient_flow.py::TestPatientFlow::test_patient_cannot_cancel_soon_appointment
ERROR tests/integration/test_e2e_patient_flow.py::TestPatientFlow::test_patient_can_reschedule_appointment
ERROR tests/integration/test_e2e_patient_flow.py::TestPatientFlow::test_patient_can_get_available_slots
ERROR tests/integration/test_e2e_patient_flow.py::TestPatientFlow::test_patient_can_view_results
ERROR tests/integration/test_e2e_patient_flow.py::TestPatientFlow::test_patient_cannot_view_others_appointments
ERROR tests/integration/test_e2e_payment_flow.py::TestPaymentFlow::test_create_payment_for_visit
ERROR tests/integration/test_e2e_payment_flow.py::TestPaymentFlow::test_get_payment_status
ERROR tests/integration/test_e2e_payment_flow.py::TestPaymentFlow::test_payment_receipt_generation
ERROR tests/integration/test_e2e_visit_flow.py::TestE2EVisitFlow::test_complete_visit_flow_today
ERROR tests/integration/test_queue_batch_api.py::TestQueueBatchAPI::test_create_single_queue_entry_success
ERROR tests/integration/test_queue_batch_api.py::TestQueueBatchAPI::test_create_multiple_queue_entries_different_specialists
ERROR tests/integration/test_queue_batch_api.py::TestQueueBatchAPI::test_source_preservation
ERROR tests/integration/test_queue_batch_api.py::TestQueueBatchAPI::test_duplicate_detection
ERROR tests/integration/test_queue_batch_api.py::TestQueueBatchAPI::test_service_grouping_by_specialist
ERROR tests/integration/test_queue_batch_api.py::TestQueueBatchAPI::test_auto_create_daily_queue
ERROR tests/integration/test_queue_batch_api.py::TestQueueBatchAPI::test_patient_not_found_error
ERROR tests/integration/test_queue_batch_api.py::TestQueueBatchAPI::test_service_not_found_error
ERROR tests/integration/test_queue_batch_api.py::TestQueueBatchAPI::test_specialist_not_found_error
ERROR tests/integration/test_queue_batch_api.py::TestQueueBatchAPI::test_invalid_source_error
ERROR tests/integration/test_queue_batch_api.py::TestQueueBatchAPI::test_admin_access_allowed
ERROR tests/integration/test_queue_batch_api.py::TestQueueBatchAPI::test_registrar_access_allowed
ERROR tests/integration/test_queue_batch_api.py::TestQueueBatchAPI::test_doctor_access_denied
ERROR tests/integration/test_queue_batch_api.py::TestQueueBatchAPI::test_unauthenticated_access_denied
ERROR tests/integration/test_queue_batch_api.py::TestQueueBatchAPI::test_fair_queue_numbering
=========== 55 failed, 179 passed, 88 warnings, 27 errors in 27.34s ===========
