============================= test session starts =============================
platform win32 -- Python 3.11.1, pytest-8.4.1, pluggy-1.6.0
rootdir: C:\final\backend
configfile: pytest.ini
plugins: anyio-4.10.0, asyncio-1.1.0
asyncio: mode=Mode.STRICT, asyncio_default_fixture_loop_scope=None, asyncio_default_test_loop_scope=function
collected 12 items

tests\integration\test_e2e_doctor_visit.py ............                  [100%]

============================== warnings summary ===============================
..\..\Program Files\Python311\Lib\site-packages\pydantic\fields.py:1093
  C:\Program Files\Python311\Lib\site-packages\pydantic\fields.py:1093: PydanticDeprecatedSince20: Using extra keyword arguments on `Field` is deprecated and will be removed. Use `json_schema_extra` instead. (Extra keys: 'env'). Deprecated in Pydantic V2.0 to be removed in V3.0. See Pydantic V2 Migration Guide at https://errors.pydantic.dev/2.11/migration/
    warn(

..\..\Program Files\Python311\Lib\site-packages\pydantic\_internal\_config.py:323: 51 warnings
  C:\Program Files\Python311\Lib\site-packages\pydantic\_internal\_config.py:323: PydanticDeprecatedSince20: Support for class-based `config` is deprecated, use ConfigDict instead. Deprecated in Pydantic V2.0 to be removed in V3.0. See Pydantic V2 Migration Guide at https://errors.pydantic.dev/2.11/migration/
    warnings.warn(DEPRECATION_MESSAGE, DeprecationWarning)

..\..\Program Files\Python311\Lib\site-packages\pydantic\fields.py:1068
..\..\Program Files\Python311\Lib\site-packages\pydantic\fields.py:1068
..\..\Program Files\Python311\Lib\site-packages\pydantic\fields.py:1068
  C:\Program Files\Python311\Lib\site-packages\pydantic\fields.py:1068: PydanticDeprecatedSince20: `max_items` is deprecated and will be removed, use `max_length` instead. Deprecated in Pydantic V2.0 to be removed in V3.0. See Pydantic V2 Migration Guide at https://errors.pydantic.dev/2.11/migration/
    warn('`max_items` is deprecated and will be removed, use `max_length` instead', DeprecationWarning)

..\..\Program Files\Python311\Lib\site-packages\pydantic\fields.py:1062
..\..\Program Files\Python311\Lib\site-packages\pydantic\fields.py:1062
..\..\Program Files\Python311\Lib\site-packages\pydantic\fields.py:1062
..\..\Program Files\Python311\Lib\site-packages\pydantic\fields.py:1062
..\..\Program Files\Python311\Lib\site-packages\pydantic\fields.py:1062
..\..\Program Files\Python311\Lib\site-packages\pydantic\fields.py:1062
  C:\Program Files\Python311\Lib\site-packages\pydantic\fields.py:1062: PydanticDeprecatedSince20: `min_items` is deprecated and will be removed, use `min_length` instead. Deprecated in Pydantic V2.0 to be removed in V3.0. See Pydantic V2 Migration Guide at https://errors.pydantic.dev/2.11/migration/
    warn('`min_items` is deprecated and will be removed, use `min_length` instead', DeprecationWarning)

tests\integration\test_e2e_doctor_visit.py:152
  C:\final\backend\tests\integration\test_e2e_doctor_visit.py:152: PytestUnknownMarkWarning: Unknown pytest.mark.e2e - is this a typo?  You can register custom marks to avoid this warning - for details, see https://docs.pytest.org/en/stable/how-to/mark.html
    @pytest.mark.e2e

tests\integration\test_e2e_doctor_visit.py:312
  C:\final\backend\tests\integration\test_e2e_doctor_visit.py:312: PytestUnknownMarkWarning: Unknown pytest.mark.e2e - is this a typo?  You can register custom marks to avoid this warning - for details, see https://docs.pytest.org/en/stable/how-to/mark.html
    @pytest.mark.e2e

tests\integration\test_e2e_doctor_visit.py:350
  C:\final\backend\tests\integration\test_e2e_doctor_visit.py:350: PytestUnknownMarkWarning: Unknown pytest.mark.e2e - is this a typo?  You can register custom marks to avoid this warning - for details, see https://docs.pytest.org/en/stable/how-to/mark.html
    @pytest.mark.e2e

-- Docs: https://docs.pytest.org/en/stable/how-to/capture-warnings.html
======================= 12 passed, 64 warnings in 3.41s =======================
