============================= test session starts =============================
platform win32 -- Python 3.11.1, pytest-8.4.1, pluggy-1.6.0
rootdir: C:\final\backend
configfile: pytest.ini
plugins: anyio-4.10.0, asyncio-1.1.0
asyncio: mode=Mode.STRICT, asyncio_default_fixture_loop_scope=None, asyncio_default_test_loop_scope=function
collected 261 items

tests\integration\test_api_integration.py FFF                            [  1%]
tests\integration\test_e2e_clinic.py .                                   [  1%]
tests\integration\test_e2e_doctor_visit.py EEEEEEEEEEEE                  [  6%]
tests\integration\test_e2e_migration_flow.py FFFFF                       [  8%]
tests\integration\test_e2e_patient_flow.py EEEEEEEEFF                    [ 11%]
tests\integration\test_e2e_payment_flow.py E..EE...F                     [ 15%]
tests\integration\test_e2e_visit_flow.py EFFFFFF                         [ 18%]
tests\integration\test_migration_management_api.py ....E.E.....F.....F   [ 25%]
tests\integration\test_online_queue_scenarios.py ......                  [ 27%]
tests\integration\test_queue_batch_api.py EEEEEEEEEEEEEEFE               [ 33%]
tests\integration\test_rbac_matrix.py ...................                [ 40%]
tests\integration\test_server_integration.py FFF                         [ 42%]
tests\integration\test_visit_confirmation_api.py E.EEFEEEEEEEEEEE        [ 48%]
tests\test_2fa_enforcement.py FF...                                      [ 50%]
tests\test_api_responses.py ....................                         [ 57%]
tests\test_audit_logs.py .............                                   [ 62%]
tests\test_file_security.py FF.FF                                        [ 64%]
tests\test_payment_model.py .                                            [ 65%]
tests\test_security_middleware.py FFFF.FF....F                           [ 69%]
tests\test_settings.py ........                                          [ 72%]
tests\test_validators.py ................................                [ 85%]
tests\unit\test_confirmation_security.py E.EEE...EE..E..                 [ 90%]
tests\unit\test_migration_service.py ....F..FEFE...F.....                [ 98%]
tests\unit\test_simple.py ....                                           [100%]

=================================== ERRORS ====================================
______ ERROR at setup of TestDoctorVisitFlow.test_doctor_can_view_queue _______

db_session = <sqlalchemy.orm.session.Session object at 0x000001B6E83C4BD0>

    @pytest.fixture
    def doctor_with_queue(db_session):
        """╤ючфрхЄ тЁрўр ё юўхЁхф№■ ярЎшхэЄют"""
        # ╤ючфрхь тЁрўр-яюы№чютрЄхы 
        doctor_user = db_session.query(User).filter(User.username == "e2e_doctor").first()
        if not doctor_user:
            doctor_user = User(
                username="e2e_doctor",
                email="e2e_doctor@test.com",
                hashed_password=get_password_hash("doctor123"),
                role="Doctor",
                is_active=True,
                full_name="╥хёЄ ─юъЄюЁют",
            )
            db_session.add(doctor_user)
            db_session.commit()
            db_session.refresh(doctor_user)
    
        # ╤ючфрхь яЁюЇшы№ тЁрўр
        doctor = db_session.query(Doctor).filter(Doctor.user_id == doctor_user.id).first()
        if not doctor:
>           doctor = Doctor(
                user_id=doctor_user.id,
                specialty="╥хЁряш ",
                license_number="DOC_E2E_001",
                experience_years=5,
                is_active=True,
            )

tests\integration\test_e2e_doctor_visit.py:55: 
_ _ _ _ _ _ _ _ _ _ _ _ _ _ _ _ _ _ _ _ _ _ _ _ _ _ _ _ _ _ _ _ _ _ _ _ _ _ _ _
<string>:4: in __init__
    ???
C:\Program Files\Python311\Lib\site-packages\sqlalchemy\orm\state.py:571: in _initialize_instance
    with util.safe_reraise():
C:\Program Files\Python311\Lib\site-packages\sqlalchemy\util\langhelpers.py:224: in __exit__
    raise exc_value.with_traceback(exc_tb)
C:\Program Files\Python311\Lib\site-packages\sqlalchemy\orm\state.py:569: in _initialize_instance
    manager.original_init(*mixed[1:], **kwargs)
_ _ _ _ _ _ _ _ _ _ _ _ _ _ _ _ _ _ _ _ _ _ _ _ _ _ _ _ _ _ _ _ _ _ _ _ _ _ _ _

self = <app.models.clinic.Doctor object at 0x000001B6E9A93010>
kwargs = {'experience_years': 5, 'is_active': True, 'license_number': 'DOC_E2E_001', 'specialty': '╥хЁряш ', ...}
cls_ = <class 'app.models.clinic.Doctor'>, k = 'license_number'

    def _declarative_constructor(self: Any, **kwargs: Any) -> None:
        """A simple constructor that allows initialization from kwargs.
    
        Sets attributes on the constructed instance using the names and
        values in ``kwargs``.
    
        Only keys that are present as
        attributes of the instance's class are allowed. These could be,
        for example, any mapped columns or relationships.
        """
        cls_ = type(self)
        for k in kwargs:
            if not hasattr(cls_, k):
>               raise TypeError(
                    "%r is an invalid keyword argument for %s" % (k, cls_.__name__)
                )
E               TypeError: 'license_number' is an invalid keyword argument for Doctor

C:\Program Files\Python311\Lib\site-packages\sqlalchemy\orm\decl_base.py:2179: TypeError
___ ERROR at setup of TestDoctorVisitFlow.test_doctor_can_call_next_patient ___

db_session = <sqlalchemy.orm.session.Session object at 0x000001B6E9A93790>

    @pytest.fixture
    def doctor_with_queue(db_session):
        """╤ючфрхЄ тЁрўр ё юўхЁхф№■ ярЎшхэЄют"""
        # ╤ючфрхь тЁрўр-яюы№чютрЄхы 
        doctor_user = db_session.query(User).filter(User.username == "e2e_doctor").first()
        if not doctor_user:
            doctor_user = User(
                username="e2e_doctor",
                email="e2e_doctor@test.com",
                hashed_password=get_password_hash("doctor123"),
                role="Doctor",
                is_active=True,
                full_name="╥хёЄ ─юъЄюЁют",
            )
            db_session.add(doctor_user)
            db_session.commit()
            db_session.refresh(doctor_user)
    
        # ╤ючфрхь яЁюЇшы№ тЁрўр
        doctor = db_session.query(Doctor).filter(Doctor.user_id == doctor_user.id).first()
        if not doctor:
>           doctor = Doctor(
                user_id=doctor_user.id,
                specialty="╥хЁряш ",
                license_number="DOC_E2E_001",
                experience_years=5,
                is_active=True,
            )

tests\integration\test_e2e_doctor_visit.py:55: 
_ _ _ _ _ _ _ _ _ _ _ _ _ _ _ _ _ _ _ _ _ _ _ _ _ _ _ _ _ _ _ _ _ _ _ _ _ _ _ _
<string>:4: in __init__
    ???
C:\Program Files\Python311\Lib\site-packages\sqlalchemy\orm\state.py:571: in _initialize_instance
    with util.safe_reraise():
C:\Program Files\Python311\Lib\site-packages\sqlalchemy\util\langhelpers.py:224: in __exit__
    raise exc_value.with_traceback(exc_tb)
C:\Program Files\Python311\Lib\site-packages\sqlalchemy\orm\state.py:569: in _initialize_instance
    manager.original_init(*mixed[1:], **kwargs)
_ _ _ _ _ _ _ _ _ _ _ _ _ _ _ _ _ _ _ _ _ _ _ _ _ _ _ _ _ _ _ _ _ _ _ _ _ _ _ _

self = <app.models.clinic.Doctor object at 0x000001B6E812F490>
kwargs = {'experience_years': 5, 'is_active': True, 'license_number': 'DOC_E2E_001', 'specialty': '╥хЁряш ', ...}
cls_ = <class 'app.models.clinic.Doctor'>, k = 'license_number'

    def _declarative_constructor(self: Any, **kwargs: Any) -> None:
        """A simple constructor that allows initialization from kwargs.
    
        Sets attributes on the constructed instance using the names and
        values in ``kwargs``.
    
        Only keys that are present as
        attributes of the instance's class are allowed. These could be,
        for example, any mapped columns or relationships.
        """
        cls_ = type(self)
        for k in kwargs:
            if not hasattr(cls_, k):
>               raise TypeError(
                    "%r is an invalid keyword argument for %s" % (k, cls_.__name__)
                )
E               TypeError: 'license_number' is an invalid keyword argument for Doctor

C:\Program Files\Python311\Lib\site-packages\sqlalchemy\orm\decl_base.py:2179: TypeError
______ ERROR at setup of TestDoctorVisitFlow.test_doctor_can_start_visit ______

db_session = <sqlalchemy.orm.session.Session object at 0x000001B6E9BB3050>

    @pytest.fixture
    def doctor_with_queue(db_session):
        """╤ючфрхЄ тЁрўр ё юўхЁхф№■ ярЎшхэЄют"""
        # ╤ючфрхь тЁрўр-яюы№чютрЄхы 
        doctor_user = db_session.query(User).filter(User.username == "e2e_doctor").first()
        if not doctor_user:
            doctor_user = User(
                username="e2e_doctor",
                email="e2e_doctor@test.com",
                hashed_password=get_password_hash("doctor123"),
                role="Doctor",
                is_active=True,
                full_name="╥хёЄ ─юъЄюЁют",
            )
            db_session.add(doctor_user)
            db_session.commit()
            db_session.refresh(doctor_user)
    
        # ╤ючфрхь яЁюЇшы№ тЁрўр
        doctor = db_session.query(Doctor).filter(Doctor.user_id == doctor_user.id).first()
        if not doctor:
>           doctor = Doctor(
                user_id=doctor_user.id,
                specialty="╥хЁряш ",
                license_number="DOC_E2E_001",
                experience_years=5,
                is_active=True,
            )

tests\integration\test_e2e_doctor_visit.py:55: 
_ _ _ _ _ _ _ _ _ _ _ _ _ _ _ _ _ _ _ _ _ _ _ _ _ _ _ _ _ _ _ _ _ _ _ _ _ _ _ _
<string>:4: in __init__
    ???
C:\Program Files\Python311\Lib\site-packages\sqlalchemy\orm\state.py:571: in _initialize_instance
    with util.safe_reraise():
C:\Program Files\Python311\Lib\site-packages\sqlalchemy\util\langhelpers.py:224: in __exit__
    raise exc_value.with_traceback(exc_tb)
C:\Program Files\Python311\Lib\site-packages\sqlalchemy\orm\state.py:569: in _initialize_instance
    manager.original_init(*mixed[1:], **kwargs)
_ _ _ _ _ _ _ _ _ _ _ _ _ _ _ _ _ _ _ _ _ _ _ _ _ _ _ _ _ _ _ _ _ _ _ _ _ _ _ _

self = <app.models.clinic.Doctor object at 0x000001B6E9A27C90>
kwargs = {'experience_years': 5, 'is_active': True, 'license_number': 'DOC_E2E_001', 'specialty': '╥хЁряш ', ...}
cls_ = <class 'app.models.clinic.Doctor'>, k = 'license_number'

    def _declarative_constructor(self: Any, **kwargs: Any) -> None:
        """A simple constructor that allows initialization from kwargs.
    
        Sets attributes on the constructed instance using the names and
        values in ``kwargs``.
    
        Only keys that are present as
        attributes of the instance's class are allowed. These could be,
        for example, any mapped columns or relationships.
        """
        cls_ = type(self)
        for k in kwargs:
            if not hasattr(cls_, k):
>               raise TypeError(
                    "%r is an invalid keyword argument for %s" % (k, cls_.__name__)
                )
E               TypeError: 'license_number' is an invalid keyword argument for Doctor

C:\Program Files\Python311\Lib\site-packages\sqlalchemy\orm\decl_base.py:2179: TypeError
_______ ERROR at setup of TestDoctorVisitFlow.test_doctor_can_fill_emr ________

db_session = <sqlalchemy.orm.session.Session object at 0x000001B6E996D3D0>

    @pytest.fixture
    def doctor_with_queue(db_session):
        """╤ючфрхЄ тЁрўр ё юўхЁхф№■ ярЎшхэЄют"""
        # ╤ючфрхь тЁрўр-яюы№чютрЄхы 
        doctor_user = db_session.query(User).filter(User.username == "e2e_doctor").first()
        if not doctor_user:
            doctor_user = User(
                username="e2e_doctor",
                email="e2e_doctor@test.com",
                hashed_password=get_password_hash("doctor123"),
                role="Doctor",
                is_active=True,
                full_name="╥хёЄ ─юъЄюЁют",
            )
            db_session.add(doctor_user)
            db_session.commit()
            db_session.refresh(doctor_user)
    
        # ╤ючфрхь яЁюЇшы№ тЁрўр
        doctor = db_session.query(Doctor).filter(Doctor.user_id == doctor_user.id).first()
        if not doctor:
>           doctor = Doctor(
                user_id=doctor_user.id,
                specialty="╥хЁряш ",
                license_number="DOC_E2E_001",
                experience_years=5,
                is_active=True,
            )

tests\integration\test_e2e_doctor_visit.py:55: 
_ _ _ _ _ _ _ _ _ _ _ _ _ _ _ _ _ _ _ _ _ _ _ _ _ _ _ _ _ _ _ _ _ _ _ _ _ _ _ _
<string>:4: in __init__
    ???
C:\Program Files\Python311\Lib\site-packages\sqlalchemy\orm\state.py:571: in _initialize_instance
    with util.safe_reraise():
C:\Program Files\Python311\Lib\site-packages\sqlalchemy\util\langhelpers.py:224: in __exit__
    raise exc_value.with_traceback(exc_tb)
C:\Program Files\Python311\Lib\site-packages\sqlalchemy\orm\state.py:569: in _initialize_instance
    manager.original_init(*mixed[1:], **kwargs)
_ _ _ _ _ _ _ _ _ _ _ _ _ _ _ _ _ _ _ _ _ _ _ _ _ _ _ _ _ _ _ _ _ _ _ _ _ _ _ _

self = <app.models.clinic.Doctor object at 0x000001B6E9CA6210>
kwargs = {'experience_years': 5, 'is_active': True, 'license_number': 'DOC_E2E_001', 'specialty': '╥хЁряш ', ...}
cls_ = <class 'app.models.clinic.Doctor'>, k = 'license_number'

    def _declarative_constructor(self: Any, **kwargs: Any) -> None:
        """A simple constructor that allows initialization from kwargs.
    
        Sets attributes on the constructed instance using the names and
        values in ``kwargs``.
    
        Only keys that are present as
        attributes of the instance's class are allowed. These could be,
        for example, any mapped columns or relationships.
        """
        cls_ = type(self)
        for k in kwargs:
            if not hasattr(cls_, k):
>               raise TypeError(
                    "%r is an invalid keyword argument for %s" % (k, cls_.__name__)
                )
E               TypeError: 'license_number' is an invalid keyword argument for Doctor

C:\Program Files\Python311\Lib\site-packages\sqlalchemy\orm\decl_base.py:2179: TypeError
___ ERROR at setup of TestDoctorVisitFlow.test_doctor_can_use_emr_template ____

db_session = <sqlalchemy.orm.session.Session object at 0x000001B6E99F2A90>

    @pytest.fixture
    def doctor_with_queue(db_session):
        """╤ючфрхЄ тЁрўр ё юўхЁхф№■ ярЎшхэЄют"""
        # ╤ючфрхь тЁрўр-яюы№чютрЄхы 
        doctor_user = db_session.query(User).filter(User.username == "e2e_doctor").first()
        if not doctor_user:
            doctor_user = User(
                username="e2e_doctor",
                email="e2e_doctor@test.com",
                hashed_password=get_password_hash("doctor123"),
                role="Doctor",
                is_active=True,
                full_name="╥хёЄ ─юъЄюЁют",
            )
            db_session.add(doctor_user)
            db_session.commit()
            db_session.refresh(doctor_user)
    
        # ╤ючфрхь яЁюЇшы№ тЁрўр
        doctor = db_session.query(Doctor).filter(Doctor.user_id == doctor_user.id).first()
        if not doctor:
>           doctor = Doctor(
                user_id=doctor_user.id,
                specialty="╥хЁряш ",
                license_number="DOC_E2E_001",
                experience_years=5,
                is_active=True,
            )

tests\integration\test_e2e_doctor_visit.py:55: 
_ _ _ _ _ _ _ _ _ _ _ _ _ _ _ _ _ _ _ _ _ _ _ _ _ _ _ _ _ _ _ _ _ _ _ _ _ _ _ _
<string>:4: in __init__
    ???
C:\Program Files\Python311\Lib\site-packages\sqlalchemy\orm\state.py:571: in _initialize_instance
    with util.safe_reraise():
C:\Program Files\Python311\Lib\site-packages\sqlalchemy\util\langhelpers.py:224: in __exit__
    raise exc_value.with_traceback(exc_tb)
C:\Program Files\Python311\Lib\site-packages\sqlalchemy\orm\state.py:569: in _initialize_instance
    manager.original_init(*mixed[1:], **kwargs)
_ _ _ _ _ _ _ _ _ _ _ _ _ _ _ _ _ _ _ _ _ _ _ _ _ _ _ _ _ _ _ _ _ _ _ _ _ _ _ _

self = <app.models.clinic.Doctor object at 0x000001B6E9BF1B10>
kwargs = {'experience_years': 5, 'is_active': True, 'license_number': 'DOC_E2E_001', 'specialty': '╥хЁряш ', ...}
cls_ = <class 'app.models.clinic.Doctor'>, k = 'license_number'

    def _declarative_constructor(self: Any, **kwargs: Any) -> None:
        """A simple constructor that allows initialization from kwargs.
    
        Sets attributes on the constructed instance using the names and
        values in ``kwargs``.
    
        Only keys that are present as
        attributes of the instance's class are allowed. These could be,
        for example, any mapped columns or relationships.
        """
        cls_ = type(self)
        for k in kwargs:
            if not hasattr(cls_, k):
>               raise TypeError(
                    "%r is an invalid keyword argument for %s" % (k, cls_.__name__)
                )
E               TypeError: 'license_number' is an invalid keyword argument for Doctor

C:\Program Files\Python311\Lib\site-packages\sqlalchemy\orm\decl_base.py:2179: TypeError
_ ERROR at setup of TestDoctorVisitFlow.test_doctor_can_add_diagnosis_with_ai_suggestion _

db_session = <sqlalchemy.orm.session.Session object at 0x000001B6E9A2C450>

    @pytest.fixture
    def doctor_with_queue(db_session):
        """╤ючфрхЄ тЁрўр ё юўхЁхф№■ ярЎшхэЄют"""
        # ╤ючфрхь тЁрўр-яюы№чютрЄхы 
        doctor_user = db_session.query(User).filter(User.username == "e2e_doctor").first()
        if not doctor_user:
            doctor_user = User(
                username="e2e_doctor",
                email="e2e_doctor@test.com",
                hashed_password=get_password_hash("doctor123"),
                role="Doctor",
                is_active=True,
                full_name="╥хёЄ ─юъЄюЁют",
            )
            db_session.add(doctor_user)
            db_session.commit()
            db_session.refresh(doctor_user)
    
        # ╤ючфрхь яЁюЇшы№ тЁрўр
        doctor = db_session.query(Doctor).filter(Doctor.user_id == doctor_user.id).first()
        if not doctor:
>           doctor = Doctor(
                user_id=doctor_user.id,
                specialty="╥хЁряш ",
                license_number="DOC_E2E_001",
                experience_years=5,
                is_active=True,
            )

tests\integration\test_e2e_doctor_visit.py:55: 
_ _ _ _ _ _ _ _ _ _ _ _ _ _ _ _ _ _ _ _ _ _ _ _ _ _ _ _ _ _ _ _ _ _ _ _ _ _ _ _
<string>:4: in __init__
    ???
C:\Program Files\Python311\Lib\site-packages\sqlalchemy\orm\state.py:571: in _initialize_instance
    with util.safe_reraise():
C:\Program Files\Python311\Lib\site-packages\sqlalchemy\util\langhelpers.py:224: in __exit__
    raise exc_value.with_traceback(exc_tb)
C:\Program Files\Python311\Lib\site-packages\sqlalchemy\orm\state.py:569: in _initialize_instance
    manager.original_init(*mixed[1:], **kwargs)
_ _ _ _ _ _ _ _ _ _ _ _ _ _ _ _ _ _ _ _ _ _ _ _ _ _ _ _ _ _ _ _ _ _ _ _ _ _ _ _

self = <app.models.clinic.Doctor object at 0x000001B6E9CA6ED0>
kwargs = {'experience_years': 5, 'is_active': True, 'license_number': 'DOC_E2E_001', 'specialty': '╥хЁряш ', ...}
cls_ = <class 'app.models.clinic.Doctor'>, k = 'license_number'

    def _declarative_constructor(self: Any, **kwargs: Any) -> None:
        """A simple constructor that allows initialization from kwargs.
    
        Sets attributes on the constructed instance using the names and
        values in ``kwargs``.
    
        Only keys that are present as
        attributes of the instance's class are allowed. These could be,
        for example, any mapped columns or relationships.
        """
        cls_ = type(self)
        for k in kwargs:
            if not hasattr(cls_, k):
>               raise TypeError(
                    "%r is an invalid keyword argument for %s" % (k, cls_.__name__)
                )
E               TypeError: 'license_number' is an invalid keyword argument for Doctor

C:\Program Files\Python311\Lib\site-packages\sqlalchemy\orm\decl_base.py:2179: TypeError
_ ERROR at setup of TestDoctorVisitFlow.test_doctor_can_generate_prescription_pdf _

db_session = <sqlalchemy.orm.session.Session object at 0x000001B6E9C15450>

    @pytest.fixture
    def doctor_with_queue(db_session):
        """╤ючфрхЄ тЁрўр ё юўхЁхф№■ ярЎшхэЄют"""
        # ╤ючфрхь тЁрўр-яюы№чютрЄхы 
        doctor_user = db_session.query(User).filter(User.username == "e2e_doctor").first()
        if not doctor_user:
            doctor_user = User(
                username="e2e_doctor",
                email="e2e_doctor@test.com",
                hashed_password=get_password_hash("doctor123"),
                role="Doctor",
                is_active=True,
                full_name="╥хёЄ ─юъЄюЁют",
            )
            db_session.add(doctor_user)
            db_session.commit()
            db_session.refresh(doctor_user)
    
        # ╤ючфрхь яЁюЇшы№ тЁрўр
        doctor = db_session.query(Doctor).filter(Doctor.user_id == doctor_user.id).first()
        if not doctor:
>           doctor = Doctor(
                user_id=doctor_user.id,
                specialty="╥хЁряш ",
                license_number="DOC_E2E_001",
                experience_years=5,
                is_active=True,
            )

tests\integration\test_e2e_doctor_visit.py:55: 
_ _ _ _ _ _ _ _ _ _ _ _ _ _ _ _ _ _ _ _ _ _ _ _ _ _ _ _ _ _ _ _ _ _ _ _ _ _ _ _
<string>:4: in __init__
    ???
C:\Program Files\Python311\Lib\site-packages\sqlalchemy\orm\state.py:571: in _initialize_instance
    with util.safe_reraise():
C:\Program Files\Python311\Lib\site-packages\sqlalchemy\util\langhelpers.py:224: in __exit__
    raise exc_value.with_traceback(exc_tb)
C:\Program Files\Python311\Lib\site-packages\sqlalchemy\orm\state.py:569: in _initialize_instance
    manager.original_init(*mixed[1:], **kwargs)
_ _ _ _ _ _ _ _ _ _ _ _ _ _ _ _ _ _ _ _ _ _ _ _ _ _ _ _ _ _ _ _ _ _ _ _ _ _ _ _

self = <app.models.clinic.Doctor object at 0x000001B6E9C16D90>
kwargs = {'experience_years': 5, 'is_active': True, 'license_number': 'DOC_E2E_001', 'specialty': '╥хЁряш ', ...}
cls_ = <class 'app.models.clinic.Doctor'>, k = 'license_number'

    def _declarative_constructor(self: Any, **kwargs: Any) -> None:
        """A simple constructor that allows initialization from kwargs.
    
        Sets attributes on the constructed instance using the names and
        values in ``kwargs``.
    
        Only keys that are present as
        attributes of the instance's class are allowed. These could be,
        for example, any mapped columns or relationships.
        """
        cls_ = type(self)
        for k in kwargs:
            if not hasattr(cls_, k):
>               raise TypeError(
                    "%r is an invalid keyword argument for %s" % (k, cls_.__name__)
                )
E               TypeError: 'license_number' is an invalid keyword argument for Doctor

C:\Program Files\Python311\Lib\site-packages\sqlalchemy\orm\decl_base.py:2179: TypeError
____ ERROR at setup of TestDoctorVisitFlow.test_doctor_can_complete_visit _____

db_session = <sqlalchemy.orm.session.Session object at 0x000001B6E993E110>

    @pytest.fixture
    def doctor_with_queue(db_session):
        """╤ючфрхЄ тЁрўр ё юўхЁхф№■ ярЎшхэЄют"""
        # ╤ючфрхь тЁрўр-яюы№чютрЄхы 
        doctor_user = db_session.query(User).filter(User.username == "e2e_doctor").first()
        if not doctor_user:
            doctor_user = User(
                username="e2e_doctor",
                email="e2e_doctor@test.com",
                hashed_password=get_password_hash("doctor123"),
                role="Doctor",
                is_active=True,
                full_name="╥хёЄ ─юъЄюЁют",
            )
            db_session.add(doctor_user)
            db_session.commit()
            db_session.refresh(doctor_user)
    
        # ╤ючфрхь яЁюЇшы№ тЁрўр
        doctor = db_session.query(Doctor).filter(Doctor.user_id == doctor_user.id).first()
        if not doctor:
>           doctor = Doctor(
                user_id=doctor_user.id,
                specialty="╥хЁряш ",
                license_number="DOC_E2E_001",
                experience_years=5,
                is_active=True,
            )

tests\integration\test_e2e_doctor_visit.py:55: 
_ _ _ _ _ _ _ _ _ _ _ _ _ _ _ _ _ _ _ _ _ _ _ _ _ _ _ _ _ _ _ _ _ _ _ _ _ _ _ _
<string>:4: in __init__
    ???
C:\Program Files\Python311\Lib\site-packages\sqlalchemy\orm\state.py:571: in _initialize_instance
    with util.safe_reraise():
C:\Program Files\Python311\Lib\site-packages\sqlalchemy\util\langhelpers.py:224: in __exit__
    raise exc_value.with_traceback(exc_tb)
C:\Program Files\Python311\Lib\site-packages\sqlalchemy\orm\state.py:569: in _initialize_instance
    manager.original_init(*mixed[1:], **kwargs)
_ _ _ _ _ _ _ _ _ _ _ _ _ _ _ _ _ _ _ _ _ _ _ _ _ _ _ _ _ _ _ _ _ _ _ _ _ _ _ _

self = <app.models.clinic.Doctor object at 0x000001B6E7EFBF50>
kwargs = {'experience_years': 5, 'is_active': True, 'license_number': 'DOC_E2E_001', 'specialty': '╥хЁряш ', ...}
cls_ = <class 'app.models.clinic.Doctor'>, k = 'license_number'

    def _declarative_constructor(self: Any, **kwargs: Any) -> None:
        """A simple constructor that allows initialization from kwargs.
    
        Sets attributes on the constructed instance using the names and
        values in ``kwargs``.
    
        Only keys that are present as
        attributes of the instance's class are allowed. These could be,
        for example, any mapped columns or relationships.
        """
        cls_ = type(self)
        for k in kwargs:
            if not hasattr(cls_, k):
>               raise TypeError(
                    "%r is an invalid keyword argument for %s" % (k, cls_.__name__)
                )
E               TypeError: 'license_number' is an invalid keyword argument for Doctor

C:\Program Files\Python311\Lib\site-packages\sqlalchemy\orm\decl_base.py:2179: TypeError
__ ERROR at setup of TestDoctorQueueManagement.test_doctor_can_skip_patient ___

db_session = <sqlalchemy.orm.session.Session object at 0x000001B6E9AC5B90>

    @pytest.fixture
    def doctor_with_queue(db_session):
        """╤ючфрхЄ тЁрўр ё юўхЁхф№■ ярЎшхэЄют"""
        # ╤ючфрхь тЁрўр-яюы№чютрЄхы 
        doctor_user = db_session.query(User).filter(User.username == "e2e_doctor").first()
        if not doctor_user:
            doctor_user = User(
                username="e2e_doctor",
                email="e2e_doctor@test.com",
                hashed_password=get_password_hash("doctor123"),
                role="Doctor",
                is_active=True,
                full_name="╥хёЄ ─юъЄюЁют",
            )
            db_session.add(doctor_user)
            db_session.commit()
            db_session.refresh(doctor_user)
    
        # ╤ючфрхь яЁюЇшы№ тЁрўр
        doctor = db_session.query(Doctor).filter(Doctor.user_id == doctor_user.id).first()
        if not doctor:
>           doctor = Doctor(
                user_id=doctor_user.id,
                specialty="╥хЁряш ",
                license_number="DOC_E2E_001",
                experience_years=5,
                is_active=True,
            )

tests\integration\test_e2e_doctor_visit.py:55: 
_ _ _ _ _ _ _ _ _ _ _ _ _ _ _ _ _ _ _ _ _ _ _ _ _ _ _ _ _ _ _ _ _ _ _ _ _ _ _ _
<string>:4: in __init__
    ???
C:\Program Files\Python311\Lib\site-packages\sqlalchemy\orm\state.py:571: in _initialize_instance
    with util.safe_reraise():
C:\Program Files\Python311\Lib\site-packages\sqlalchemy\util\langhelpers.py:224: in __exit__
    raise exc_value.with_traceback(exc_tb)
C:\Program Files\Python311\Lib\site-packages\sqlalchemy\orm\state.py:569: in _initialize_instance
    manager.original_init(*mixed[1:], **kwargs)
_ _ _ _ _ _ _ _ _ _ _ _ _ _ _ _ _ _ _ _ _ _ _ _ _ _ _ _ _ _ _ _ _ _ _ _ _ _ _ _

self = <app.models.clinic.Doctor object at 0x000001B6E9A93FD0>
kwargs = {'experience_years': 5, 'is_active': True, 'license_number': 'DOC_E2E_001', 'specialty': '╥хЁряш ', ...}
cls_ = <class 'app.models.clinic.Doctor'>, k = 'license_number'

    def _declarative_constructor(self: Any, **kwargs: Any) -> None:
        """A simple constructor that allows initialization from kwargs.
    
        Sets attributes on the constructed instance using the names and
        values in ``kwargs``.
    
        Only keys that are present as
        attributes of the instance's class are allowed. These could be,
        for example, any mapped columns or relationships.
        """
        cls_ = type(self)
        for k in kwargs:
            if not hasattr(cls_, k):
>               raise TypeError(
                    "%r is an invalid keyword argument for %s" % (k, cls_.__name__)
                )
E               TypeError: 'license_number' is an invalid keyword argument for Doctor

C:\Program Files\Python311\Lib\site-packages\sqlalchemy\orm\decl_base.py:2179: TypeError
_ ERROR at setup of TestDoctorQueueManagement.test_doctor_can_get_patient_history _

db_session = <sqlalchemy.orm.session.Session object at 0x000001B6E802BB90>

    @pytest.fixture
    def doctor_with_queue(db_session):
        """╤ючфрхЄ тЁрўр ё юўхЁхф№■ ярЎшхэЄют"""
        # ╤ючфрхь тЁрўр-яюы№чютрЄхы 
        doctor_user = db_session.query(User).filter(User.username == "e2e_doctor").first()
        if not doctor_user:
            doctor_user = User(
                username="e2e_doctor",
                email="e2e_doctor@test.com",
                hashed_password=get_password_hash("doctor123"),
                role="Doctor",
                is_active=True,
                full_name="╥хёЄ ─юъЄюЁют",
            )
            db_session.add(doctor_user)
            db_session.commit()
            db_session.refresh(doctor_user)
    
        # ╤ючфрхь яЁюЇшы№ тЁрўр
        doctor = db_session.query(Doctor).filter(Doctor.user_id == doctor_user.id).first()
        if not doctor:
>           doctor = Doctor(
                user_id=doctor_user.id,
                specialty="╥хЁряш ",
                license_number="DOC_E2E_001",
                experience_years=5,
                is_active=True,
            )

tests\integration\test_e2e_doctor_visit.py:55: 
_ _ _ _ _ _ _ _ _ _ _ _ _ _ _ _ _ _ _ _ _ _ _ _ _ _ _ _ _ _ _ _ _ _ _ _ _ _ _ _
<string>:4: in __init__
    ???
C:\Program Files\Python311\Lib\site-packages\sqlalchemy\orm\state.py:571: in _initialize_instance
    with util.safe_reraise():
C:\Program Files\Python311\Lib\site-packages\sqlalchemy\util\langhelpers.py:224: in __exit__
    raise exc_value.with_traceback(exc_tb)
C:\Program Files\Python311\Lib\site-packages\sqlalchemy\orm\state.py:569: in _initialize_instance
    manager.original_init(*mixed[1:], **kwargs)
_ _ _ _ _ _ _ _ _ _ _ _ _ _ _ _ _ _ _ _ _ _ _ _ _ _ _ _ _ _ _ _ _ _ _ _ _ _ _ _

self = <app.models.clinic.Doctor object at 0x000001B6E9B78990>
kwargs = {'experience_years': 5, 'is_active': True, 'license_number': 'DOC_E2E_001', 'specialty': '╥хЁряш ', ...}
cls_ = <class 'app.models.clinic.Doctor'>, k = 'license_number'

    def _declarative_constructor(self: Any, **kwargs: Any) -> None:
        """A simple constructor that allows initialization from kwargs.
    
        Sets attributes on the constructed instance using the names and
        values in ``kwargs``.
    
        Only keys that are present as
        attributes of the instance's class are allowed. These could be,
        for example, any mapped columns or relationships.
        """
        cls_ = type(self)
        for k in kwargs:
            if not hasattr(cls_, k):
>               raise TypeError(
                    "%r is an invalid keyword argument for %s" % (k, cls_.__name__)
                )
E               TypeError: 'license_number' is an invalid keyword argument for Doctor

C:\Program Files\Python311\Lib\site-packages\sqlalchemy\orm\decl_base.py:2179: TypeError
_ ERROR at setup of TestDoctorSecurity.test_doctor_cannot_access_admin_routes _

db_session = <sqlalchemy.orm.session.Session object at 0x000001B6E9932990>

    @pytest.fixture
    def doctor_with_queue(db_session):
        """╤ючфрхЄ тЁрўр ё юўхЁхф№■ ярЎшхэЄют"""
        # ╤ючфрхь тЁрўр-яюы№чютрЄхы 
        doctor_user = db_session.query(User).filter(User.username == "e2e_doctor").first()
        if not doctor_user:
            doctor_user = User(
                username="e2e_doctor",
                email="e2e_doctor@test.com",
                hashed_password=get_password_hash("doctor123"),
                role="Doctor",
                is_active=True,
                full_name="╥хёЄ ─юъЄюЁют",
            )
            db_session.add(doctor_user)
            db_session.commit()
            db_session.refresh(doctor_user)
    
        # ╤ючфрхь яЁюЇшы№ тЁрўр
        doctor = db_session.query(Doctor).filter(Doctor.user_id == doctor_user.id).first()
        if not doctor:
>           doctor = Doctor(
                user_id=doctor_user.id,
                specialty="╥хЁряш ",
                license_number="DOC_E2E_001",
                experience_years=5,
                is_active=True,
            )

tests\integration\test_e2e_doctor_visit.py:55: 
_ _ _ _ _ _ _ _ _ _ _ _ _ _ _ _ _ _ _ _ _ _ _ _ _ _ _ _ _ _ _ _ _ _ _ _ _ _ _ _
<string>:4: in __init__
    ???
C:\Program Files\Python311\Lib\site-packages\sqlalchemy\orm\state.py:571: in _initialize_instance
    with util.safe_reraise():
C:\Program Files\Python311\Lib\site-packages\sqlalchemy\util\langhelpers.py:224: in __exit__
    raise exc_value.with_traceback(exc_tb)
C:\Program Files\Python311\Lib\site-packages\sqlalchemy\orm\state.py:569: in _initialize_instance
    manager.original_init(*mixed[1:], **kwargs)
_ _ _ _ _ _ _ _ _ _ _ _ _ _ _ _ _ _ _ _ _ _ _ _ _ _ _ _ _ _ _ _ _ _ _ _ _ _ _ _

self = <app.models.clinic.Doctor object at 0x000001B6E9976E10>
kwargs = {'experience_years': 5, 'is_active': True, 'license_number': 'DOC_E2E_001', 'specialty': '╥хЁряш ', ...}
cls_ = <class 'app.models.clinic.Doctor'>, k = 'license_number'

    def _declarative_constructor(self: Any, **kwargs: Any) -> None:
        """A simple constructor that allows initialization from kwargs.
    
        Sets attributes on the constructed instance using the names and
        values in ``kwargs``.
    
        Only keys that are present as
        attributes of the instance's class are allowed. These could be,
        for example, any mapped columns or relationships.
        """
        cls_ = type(self)
        for k in kwargs:
            if not hasattr(cls_, k):
>               raise TypeError(
                    "%r is an invalid keyword argument for %s" % (k, cls_.__name__)
                )
E               TypeError: 'license_number' is an invalid keyword argument for Doctor

C:\Program Files\Python311\Lib\site-packages\sqlalchemy\orm\decl_base.py:2179: TypeError
_ ERROR at setup of TestDoctorSecurity.test_doctor_cannot_view_other_doctor_queue _

db_session = <sqlalchemy.orm.session.Session object at 0x000001B6E9AF6550>

    @pytest.fixture
    def doctor_with_queue(db_session):
        """╤ючфрхЄ тЁрўр ё юўхЁхф№■ ярЎшхэЄют"""
        # ╤ючфрхь тЁрўр-яюы№чютрЄхы 
        doctor_user = db_session.query(User).filter(User.username == "e2e_doctor").first()
        if not doctor_user:
            doctor_user = User(
                username="e2e_doctor",
                email="e2e_doctor@test.com",
                hashed_password=get_password_hash("doctor123"),
                role="Doctor",
                is_active=True,
                full_name="╥хёЄ ─юъЄюЁют",
            )
            db_session.add(doctor_user)
            db_session.commit()
            db_session.refresh(doctor_user)
    
        # ╤ючфрхь яЁюЇшы№ тЁрўр
        doctor = db_session.query(Doctor).filter(Doctor.user_id == doctor_user.id).first()
        if not doctor:
>           doctor = Doctor(
                user_id=doctor_user.id,
                specialty="╥хЁряш ",
                license_number="DOC_E2E_001",
                experience_years=5,
                is_active=True,
            )

tests\integration\test_e2e_doctor_visit.py:55: 
_ _ _ _ _ _ _ _ _ _ _ _ _ _ _ _ _ _ _ _ _ _ _ _ _ _ _ _ _ _ _ _ _ _ _ _ _ _ _ _
<string>:4: in __init__
    ???
C:\Program Files\Python311\Lib\site-packages\sqlalchemy\orm\state.py:571: in _initialize_instance
    with util.safe_reraise():
C:\Program Files\Python311\Lib\site-packages\sqlalchemy\util\langhelpers.py:224: in __exit__
    raise exc_value.with_traceback(exc_tb)
C:\Program Files\Python311\Lib\site-packages\sqlalchemy\orm\state.py:569: in _initialize_instance
    manager.original_init(*mixed[1:], **kwargs)
_ _ _ _ _ _ _ _ _ _ _ _ _ _ _ _ _ _ _ _ _ _ _ _ _ _ _ _ _ _ _ _ _ _ _ _ _ _ _ _

self = <app.models.clinic.Doctor object at 0x000001B6E9CE7610>
kwargs = {'experience_years': 5, 'is_active': True, 'license_number': 'DOC_E2E_001', 'specialty': '╥хЁряш ', ...}
cls_ = <class 'app.models.clinic.Doctor'>, k = 'license_number'

    def _declarative_constructor(self: Any, **kwargs: Any) -> None:
        """A simple constructor that allows initialization from kwargs.
    
        Sets attributes on the constructed instance using the names and
        values in ``kwargs``.
    
        Only keys that are present as
        attributes of the instance's class are allowed. These could be,
        for example, any mapped columns or relationships.
        """
        cls_ = type(self)
        for k in kwargs:
            if not hasattr(cls_, k):
>               raise TypeError(
                    "%r is an invalid keyword argument for %s" % (k, cls_.__name__)
                )
E               TypeError: 'license_number' is an invalid keyword argument for Doctor

C:\Program Files\Python311\Lib\site-packages\sqlalchemy\orm\decl_base.py:2179: TypeError
____ ERROR at setup of TestPatientFlow.test_patient_can_view_appointments _____

db_session = <sqlalchemy.orm.session.Session object at 0x000001B6E9A7C310>

    @pytest.fixture
    def patient_user_with_data(db_session):
        """╤ючфрхЄ ярЎшхэЄр ё чряшё ьш ш Ёхчєы№ЄрЄрьш"""
        # ╤ючфрхь яюы№чютрЄхы -ярЎшхэЄр (phone эх эєцхэ т User)
        user = db_session.query(User).filter(User.username == "e2e_patient").first()
        if not user:
            user = User(
                username="e2e_patient",
                email="e2e_patient@test.com",
                full_name="╥хёЄ ╧рЎшхэЄют",
                hashed_password=get_password_hash("patient123"),
                role="Patient",
                is_active=True,
            )
            db_session.add(user)
            db_session.commit()
            db_session.refresh(user)
    
        # ╤ючфрхь чряшё№ ярЎшхэЄр
        patient = db_session.query(Patient).filter(Patient.phone == "+998901112233").first()
        if not patient:
>           patient = Patient(
                first_name="╥хёЄ",
                last_name="╧рЎшхэЄют",
                middle_name="╥хёЄютшў",
                phone="+998901112233",
                email="e2e_patient@test.com",
                birth_date=date(1990, 5, 15),
            )

tests\integration\test_e2e_patient_flow.py:52: 
_ _ _ _ _ _ _ _ _ _ _ _ _ _ _ _ _ _ _ _ _ _ _ _ _ _ _ _ _ _ _ _ _ _ _ _ _ _ _ _
<string>:4: in __init__
    ???
C:\Program Files\Python311\Lib\site-packages\sqlalchemy\orm\state.py:571: in _initialize_instance
    with util.safe_reraise():
C:\Program Files\Python311\Lib\site-packages\sqlalchemy\util\langhelpers.py:224: in __exit__
    raise exc_value.with_traceback(exc_tb)
C:\Program Files\Python311\Lib\site-packages\sqlalchemy\orm\state.py:569: in _initialize_instance
    manager.original_init(*mixed[1:], **kwargs)
_ _ _ _ _ _ _ _ _ _ _ _ _ _ _ _ _ _ _ _ _ _ _ _ _ _ _ _ _ _ _ _ _ _ _ _ _ _ _ _

self = <app.models.patient.Patient object at 0x000001B6E9C9CBD0>
kwargs = {'birth_date': datetime.date(1990, 5, 15), 'email': 'e2e_patient@test.com', 'first_name': '╥хёЄ', 'last_name': '╧рЎшхэЄют', ...}
cls_ = <class 'app.models.patient.Patient'>, k = 'email'

    def _declarative_constructor(self: Any, **kwargs: Any) -> None:
        """A simple constructor that allows initialization from kwargs.
    
        Sets attributes on the constructed instance using the names and
        values in ``kwargs``.
    
        Only keys that are present as
        attributes of the instance's class are allowed. These could be,
        for example, any mapped columns or relationships.
        """
        cls_ = type(self)
        for k in kwargs:
            if not hasattr(cls_, k):
>               raise TypeError(
                    "%r is an invalid keyword argument for %s" % (k, cls_.__name__)
                )
E               TypeError: 'email' is an invalid keyword argument for Patient

C:\Program Files\Python311\Lib\site-packages\sqlalchemy\orm\decl_base.py:2179: TypeError
_ ERROR at setup of TestPatientFlow.test_patient_can_view_single_appointment __

db_session = <sqlalchemy.orm.session.Session object at 0x000001B6E9A278D0>

    @pytest.fixture
    def patient_user_with_data(db_session):
        """╤ючфрхЄ ярЎшхэЄр ё чряшё ьш ш Ёхчєы№ЄрЄрьш"""
        # ╤ючфрхь яюы№чютрЄхы -ярЎшхэЄр (phone эх эєцхэ т User)
        user = db_session.query(User).filter(User.username == "e2e_patient").first()
        if not user:
            user = User(
                username="e2e_patient",
                email="e2e_patient@test.com",
                full_name="╥хёЄ ╧рЎшхэЄют",
                hashed_password=get_password_hash("patient123"),
                role="Patient",
                is_active=True,
            )
            db_session.add(user)
            db_session.commit()
            db_session.refresh(user)
    
        # ╤ючфрхь чряшё№ ярЎшхэЄр
        patient = db_session.query(Patient).filter(Patient.phone == "+998901112233").first()
        if not patient:
>           patient = Patient(
                first_name="╥хёЄ",
                last_name="╧рЎшхэЄют",
                middle_name="╥хёЄютшў",
                phone="+998901112233",
                email="e2e_patient@test.com",
                birth_date=date(1990, 5, 15),
            )

tests\integration\test_e2e_patient_flow.py:52: 
_ _ _ _ _ _ _ _ _ _ _ _ _ _ _ _ _ _ _ _ _ _ _ _ _ _ _ _ _ _ _ _ _ _ _ _ _ _ _ _
<string>:4: in __init__
    ???
C:\Program Files\Python311\Lib\site-packages\sqlalchemy\orm\state.py:571: in _initialize_instance
    with util.safe_reraise():
C:\Program Files\Python311\Lib\site-packages\sqlalchemy\util\langhelpers.py:224: in __exit__
    raise exc_value.with_traceback(exc_tb)
C:\Program Files\Python311\Lib\site-packages\sqlalchemy\orm\state.py:569: in _initialize_instance
    manager.original_init(*mixed[1:], **kwargs)
_ _ _ _ _ _ _ _ _ _ _ _ _ _ _ _ _ _ _ _ _ _ _ _ _ _ _ _ _ _ _ _ _ _ _ _ _ _ _ _

self = <app.models.patient.Patient object at 0x000001B6E9C8EC90>
kwargs = {'birth_date': datetime.date(1990, 5, 15), 'email': 'e2e_patient@test.com', 'first_name': '╥хёЄ', 'last_name': '╧рЎшхэЄют', ...}
cls_ = <class 'app.models.patient.Patient'>, k = 'email'

    def _declarative_constructor(self: Any, **kwargs: Any) -> None:
        """A simple constructor that allows initialization from kwargs.
    
        Sets attributes on the constructed instance using the names and
        values in ``kwargs``.
    
        Only keys that are present as
        attributes of the instance's class are allowed. These could be,
        for example, any mapped columns or relationships.
        """
        cls_ = type(self)
        for k in kwargs:
            if not hasattr(cls_, k):
>               raise TypeError(
                    "%r is an invalid keyword argument for %s" % (k, cls_.__name__)
                )
E               TypeError: 'email' is an invalid keyword argument for Patient

C:\Program Files\Python311\Lib\site-packages\sqlalchemy\orm\decl_base.py:2179: TypeError
_ ERROR at setup of TestPatientFlow.test_patient_can_cancel_future_appointment _

db_session = <sqlalchemy.orm.session.Session object at 0x000001B6E7BFC650>

    @pytest.fixture
    def patient_user_with_data(db_session):
        """╤ючфрхЄ ярЎшхэЄр ё чряшё ьш ш Ёхчєы№ЄрЄрьш"""
        # ╤ючфрхь яюы№чютрЄхы -ярЎшхэЄр (phone эх эєцхэ т User)
        user = db_session.query(User).filter(User.username == "e2e_patient").first()
        if not user:
            user = User(
                username="e2e_patient",
                email="e2e_patient@test.com",
                full_name="╥хёЄ ╧рЎшхэЄют",
                hashed_password=get_password_hash("patient123"),
                role="Patient",
                is_active=True,
            )
            db_session.add(user)
            db_session.commit()
            db_session.refresh(user)
    
        # ╤ючфрхь чряшё№ ярЎшхэЄр
        patient = db_session.query(Patient).filter(Patient.phone == "+998901112233").first()
        if not patient:
>           patient = Patient(
                first_name="╥хёЄ",
                last_name="╧рЎшхэЄют",
                middle_name="╥хёЄютшў",
                phone="+998901112233",
                email="e2e_patient@test.com",
                birth_date=date(1990, 5, 15),
            )

tests\integration\test_e2e_patient_flow.py:52: 
_ _ _ _ _ _ _ _ _ _ _ _ _ _ _ _ _ _ _ _ _ _ _ _ _ _ _ _ _ _ _ _ _ _ _ _ _ _ _ _
<string>:4: in __init__
    ???
C:\Program Files\Python311\Lib\site-packages\sqlalchemy\orm\state.py:571: in _initialize_instance
    with util.safe_reraise():
C:\Program Files\Python311\Lib\site-packages\sqlalchemy\util\langhelpers.py:224: in __exit__
    raise exc_value.with_traceback(exc_tb)
C:\Program Files\Python311\Lib\site-packages\sqlalchemy\orm\state.py:569: in _initialize_instance
    manager.original_init(*mixed[1:], **kwargs)
_ _ _ _ _ _ _ _ _ _ _ _ _ _ _ _ _ _ _ _ _ _ _ _ _ _ _ _ _ _ _ _ _ _ _ _ _ _ _ _

self = <app.models.patient.Patient object at 0x000001B6E9E690D0>
kwargs = {'birth_date': datetime.date(1990, 5, 15), 'email': 'e2e_patient@test.com', 'first_name': '╥хёЄ', 'last_name': '╧рЎшхэЄют', ...}
cls_ = <class 'app.models.patient.Patient'>, k = 'email'

    def _declarative_constructor(self: Any, **kwargs: Any) -> None:
        """A simple constructor that allows initialization from kwargs.
    
        Sets attributes on the constructed instance using the names and
        values in ``kwargs``.
    
        Only keys that are present as
        attributes of the instance's class are allowed. These could be,
        for example, any mapped columns or relationships.
        """
        cls_ = type(self)
        for k in kwargs:
            if not hasattr(cls_, k):
>               raise TypeError(
                    "%r is an invalid keyword argument for %s" % (k, cls_.__name__)
                )
E               TypeError: 'email' is an invalid keyword argument for Patient

C:\Program Files\Python311\Lib\site-packages\sqlalchemy\orm\decl_base.py:2179: TypeError
_ ERROR at setup of TestPatientFlow.test_patient_cannot_cancel_soon_appointment _

db_session = <sqlalchemy.orm.session.Session object at 0x000001B6E9B887D0>

    @pytest.fixture
    def patient_user_with_data(db_session):
        """╤ючфрхЄ ярЎшхэЄр ё чряшё ьш ш Ёхчєы№ЄрЄрьш"""
        # ╤ючфрхь яюы№чютрЄхы -ярЎшхэЄр (phone эх эєцхэ т User)
        user = db_session.query(User).filter(User.username == "e2e_patient").first()
        if not user:
            user = User(
                username="e2e_patient",
                email="e2e_patient@test.com",
                full_name="╥хёЄ ╧рЎшхэЄют",
                hashed_password=get_password_hash("patient123"),
                role="Patient",
                is_active=True,
            )
            db_session.add(user)
            db_session.commit()
            db_session.refresh(user)
    
        # ╤ючфрхь чряшё№ ярЎшхэЄр
        patient = db_session.query(Patient).filter(Patient.phone == "+998901112233").first()
        if not patient:
>           patient = Patient(
                first_name="╥хёЄ",
                last_name="╧рЎшхэЄют",
                middle_name="╥хёЄютшў",
                phone="+998901112233",
                email="e2e_patient@test.com",
                birth_date=date(1990, 5, 15),
            )

tests\integration\test_e2e_patient_flow.py:52: 
_ _ _ _ _ _ _ _ _ _ _ _ _ _ _ _ _ _ _ _ _ _ _ _ _ _ _ _ _ _ _ _ _ _ _ _ _ _ _ _
<string>:4: in __init__
    ???
C:\Program Files\Python311\Lib\site-packages\sqlalchemy\orm\state.py:571: in _initialize_instance
    with util.safe_reraise():
C:\Program Files\Python311\Lib\site-packages\sqlalchemy\util\langhelpers.py:224: in __exit__
    raise exc_value.with_traceback(exc_tb)
C:\Program Files\Python311\Lib\site-packages\sqlalchemy\orm\state.py:569: in _initialize_instance
    manager.original_init(*mixed[1:], **kwargs)
_ _ _ _ _ _ _ _ _ _ _ _ _ _ _ _ _ _ _ _ _ _ _ _ _ _ _ _ _ _ _ _ _ _ _ _ _ _ _ _

self = <app.models.patient.Patient object at 0x000001B6E9BC7950>
kwargs = {'birth_date': datetime.date(1990, 5, 15), 'email': 'e2e_patient@test.com', 'first_name': '╥хёЄ', 'last_name': '╧рЎшхэЄют', ...}
cls_ = <class 'app.models.patient.Patient'>, k = 'email'

    def _declarative_constructor(self: Any, **kwargs: Any) -> None:
        """A simple constructor that allows initialization from kwargs.
    
        Sets attributes on the constructed instance using the names and
        values in ``kwargs``.
    
        Only keys that are present as
        attributes of the instance's class are allowed. These could be,
        for example, any mapped columns or relationships.
        """
        cls_ = type(self)
        for k in kwargs:
            if not hasattr(cls_, k):
>               raise TypeError(
                    "%r is an invalid keyword argument for %s" % (k, cls_.__name__)
                )
E               TypeError: 'email' is an invalid keyword argument for Patient

C:\Program Files\Python311\Lib\site-packages\sqlalchemy\orm\decl_base.py:2179: TypeError
__ ERROR at setup of TestPatientFlow.test_patient_can_reschedule_appointment __

db_session = <sqlalchemy.orm.session.Session object at 0x000001B6E9A7F7D0>

    @pytest.fixture
    def patient_user_with_data(db_session):
        """╤ючфрхЄ ярЎшхэЄр ё чряшё ьш ш Ёхчєы№ЄрЄрьш"""
        # ╤ючфрхь яюы№чютрЄхы -ярЎшхэЄр (phone эх эєцхэ т User)
        user = db_session.query(User).filter(User.username == "e2e_patient").first()
        if not user:
            user = User(
                username="e2e_patient",
                email="e2e_patient@test.com",
                full_name="╥хёЄ ╧рЎшхэЄют",
                hashed_password=get_password_hash("patient123"),
                role="Patient",
                is_active=True,
            )
            db_session.add(user)
            db_session.commit()
            db_session.refresh(user)
    
        # ╤ючфрхь чряшё№ ярЎшхэЄр
        patient = db_session.query(Patient).filter(Patient.phone == "+998901112233").first()
        if not patient:
>           patient = Patient(
                first_name="╥хёЄ",
                last_name="╧рЎшхэЄют",
                middle_name="╥хёЄютшў",
                phone="+998901112233",
                email="e2e_patient@test.com",
                birth_date=date(1990, 5, 15),
            )

tests\integration\test_e2e_patient_flow.py:52: 
_ _ _ _ _ _ _ _ _ _ _ _ _ _ _ _ _ _ _ _ _ _ _ _ _ _ _ _ _ _ _ _ _ _ _ _ _ _ _ _
<string>:4: in __init__
    ???
C:\Program Files\Python311\Lib\site-packages\sqlalchemy\orm\state.py:571: in _initialize_instance
    with util.safe_reraise():
C:\Program Files\Python311\Lib\site-packages\sqlalchemy\util\langhelpers.py:224: in __exit__
    raise exc_value.with_traceback(exc_tb)
C:\Program Files\Python311\Lib\site-packages\sqlalchemy\orm\state.py:569: in _initialize_instance
    manager.original_init(*mixed[1:], **kwargs)
_ _ _ _ _ _ _ _ _ _ _ _ _ _ _ _ _ _ _ _ _ _ _ _ _ _ _ _ _ _ _ _ _ _ _ _ _ _ _ _

self = <app.models.patient.Patient object at 0x000001B6E8123E50>
kwargs = {'birth_date': datetime.date(1990, 5, 15), 'email': 'e2e_patient@test.com', 'first_name': '╥хёЄ', 'last_name': '╧рЎшхэЄют', ...}
cls_ = <class 'app.models.patient.Patient'>, k = 'email'

    def _declarative_constructor(self: Any, **kwargs: Any) -> None:
        """A simple constructor that allows initialization from kwargs.
    
        Sets attributes on the constructed instance using the names and
        values in ``kwargs``.
    
        Only keys that are present as
        attributes of the instance's class are allowed. These could be,
        for example, any mapped columns or relationships.
        """
        cls_ = type(self)
        for k in kwargs:
            if not hasattr(cls_, k):
>               raise TypeError(
                    "%r is an invalid keyword argument for %s" % (k, cls_.__name__)
                )
E               TypeError: 'email' is an invalid keyword argument for Patient

C:\Program Files\Python311\Lib\site-packages\sqlalchemy\orm\decl_base.py:2179: TypeError
___ ERROR at setup of TestPatientFlow.test_patient_can_get_available_slots ____

db_session = <sqlalchemy.orm.session.Session object at 0x000001B6E9B0B8D0>

    @pytest.fixture
    def patient_user_with_data(db_session):
        """╤ючфрхЄ ярЎшхэЄр ё чряшё ьш ш Ёхчєы№ЄрЄрьш"""
        # ╤ючфрхь яюы№чютрЄхы -ярЎшхэЄр (phone эх эєцхэ т User)
        user = db_session.query(User).filter(User.username == "e2e_patient").first()
        if not user:
            user = User(
                username="e2e_patient",
                email="e2e_patient@test.com",
                full_name="╥хёЄ ╧рЎшхэЄют",
                hashed_password=get_password_hash("patient123"),
                role="Patient",
                is_active=True,
            )
            db_session.add(user)
            db_session.commit()
            db_session.refresh(user)
    
        # ╤ючфрхь чряшё№ ярЎшхэЄр
        patient = db_session.query(Patient).filter(Patient.phone == "+998901112233").first()
        if not patient:
>           patient = Patient(
                first_name="╥хёЄ",
                last_name="╧рЎшхэЄют",
                middle_name="╥хёЄютшў",
                phone="+998901112233",
                email="e2e_patient@test.com",
                birth_date=date(1990, 5, 15),
            )

tests\integration\test_e2e_patient_flow.py:52: 
_ _ _ _ _ _ _ _ _ _ _ _ _ _ _ _ _ _ _ _ _ _ _ _ _ _ _ _ _ _ _ _ _ _ _ _ _ _ _ _
<string>:4: in __init__
    ???
C:\Program Files\Python311\Lib\site-packages\sqlalchemy\orm\state.py:571: in _initialize_instance
    with util.safe_reraise():
C:\Program Files\Python311\Lib\site-packages\sqlalchemy\util\langhelpers.py:224: in __exit__
    raise exc_value.with_traceback(exc_tb)
C:\Program Files\Python311\Lib\site-packages\sqlalchemy\orm\state.py:569: in _initialize_instance
    manager.original_init(*mixed[1:], **kwargs)
_ _ _ _ _ _ _ _ _ _ _ _ _ _ _ _ _ _ _ _ _ _ _ _ _ _ _ _ _ _ _ _ _ _ _ _ _ _ _ _

self = <app.models.patient.Patient object at 0x000001B6E9BF14D0>
kwargs = {'birth_date': datetime.date(1990, 5, 15), 'email': 'e2e_patient@test.com', 'first_name': '╥хёЄ', 'last_name': '╧рЎшхэЄют', ...}
cls_ = <class 'app.models.patient.Patient'>, k = 'email'

    def _declarative_constructor(self: Any, **kwargs: Any) -> None:
        """A simple constructor that allows initialization from kwargs.
    
        Sets attributes on the constructed instance using the names and
        values in ``kwargs``.
    
        Only keys that are present as
        attributes of the instance's class are allowed. These could be,
        for example, any mapped columns or relationships.
        """
        cls_ = type(self)
        for k in kwargs:
            if not hasattr(cls_, k):
>               raise TypeError(
                    "%r is an invalid keyword argument for %s" % (k, cls_.__name__)
                )
E               TypeError: 'email' is an invalid keyword argument for Patient

C:\Program Files\Python311\Lib\site-packages\sqlalchemy\orm\decl_base.py:2179: TypeError
_______ ERROR at setup of TestPatientFlow.test_patient_can_view_results _______

db_session = <sqlalchemy.orm.session.Session object at 0x000001B6E9B0AF90>

    @pytest.fixture
    def patient_user_with_data(db_session):
        """╤ючфрхЄ ярЎшхэЄр ё чряшё ьш ш Ёхчєы№ЄрЄрьш"""
        # ╤ючфрхь яюы№чютрЄхы -ярЎшхэЄр (phone эх эєцхэ т User)
        user = db_session.query(User).filter(User.username == "e2e_patient").first()
        if not user:
            user = User(
                username="e2e_patient",
                email="e2e_patient@test.com",
                full_name="╥хёЄ ╧рЎшхэЄют",
                hashed_password=get_password_hash("patient123"),
                role="Patient",
                is_active=True,
            )
            db_session.add(user)
            db_session.commit()
            db_session.refresh(user)
    
        # ╤ючфрхь чряшё№ ярЎшхэЄр
        patient = db_session.query(Patient).filter(Patient.phone == "+998901112233").first()
        if not patient:
>           patient = Patient(
                first_name="╥хёЄ",
                last_name="╧рЎшхэЄют",
                middle_name="╥хёЄютшў",
                phone="+998901112233",
                email="e2e_patient@test.com",
                birth_date=date(1990, 5, 15),
            )

tests\integration\test_e2e_patient_flow.py:52: 
_ _ _ _ _ _ _ _ _ _ _ _ _ _ _ _ _ _ _ _ _ _ _ _ _ _ _ _ _ _ _ _ _ _ _ _ _ _ _ _
<string>:4: in __init__
    ???
C:\Program Files\Python311\Lib\site-packages\sqlalchemy\orm\state.py:571: in _initialize_instance
    with util.safe_reraise():
C:\Program Files\Python311\Lib\site-packages\sqlalchemy\util\langhelpers.py:224: in __exit__
    raise exc_value.with_traceback(exc_tb)
C:\Program Files\Python311\Lib\site-packages\sqlalchemy\orm\state.py:569: in _initialize_instance
    manager.original_init(*mixed[1:], **kwargs)
_ _ _ _ _ _ _ _ _ _ _ _ _ _ _ _ _ _ _ _ _ _ _ _ _ _ _ _ _ _ _ _ _ _ _ _ _ _ _ _

self = <app.models.patient.Patient object at 0x000001B6E9CA5990>
kwargs = {'birth_date': datetime.date(1990, 5, 15), 'email': 'e2e_patient@test.com', 'first_name': '╥хёЄ', 'last_name': '╧рЎшхэЄют', ...}
cls_ = <class 'app.models.patient.Patient'>, k = 'email'

    def _declarative_constructor(self: Any, **kwargs: Any) -> None:
        """A simple constructor that allows initialization from kwargs.
    
        Sets attributes on the constructed instance using the names and
        values in ``kwargs``.
    
        Only keys that are present as
        attributes of the instance's class are allowed. These could be,
        for example, any mapped columns or relationships.
        """
        cls_ = type(self)
        for k in kwargs:
            if not hasattr(cls_, k):
>               raise TypeError(
                    "%r is an invalid keyword argument for %s" % (k, cls_.__name__)
                )
E               TypeError: 'email' is an invalid keyword argument for Patient

C:\Program Files\Python311\Lib\site-packages\sqlalchemy\orm\decl_base.py:2179: TypeError
_ ERROR at setup of TestPatientFlow.test_patient_cannot_view_others_appointments _

db_session = <sqlalchemy.orm.session.Session object at 0x000001B6E818F410>

    @pytest.fixture
    def patient_user_with_data(db_session):
        """╤ючфрхЄ ярЎшхэЄр ё чряшё ьш ш Ёхчєы№ЄрЄрьш"""
        # ╤ючфрхь яюы№чютрЄхы -ярЎшхэЄр (phone эх эєцхэ т User)
        user = db_session.query(User).filter(User.username == "e2e_patient").first()
        if not user:
            user = User(
                username="e2e_patient",
                email="e2e_patient@test.com",
                full_name="╥хёЄ ╧рЎшхэЄют",
                hashed_password=get_password_hash("patient123"),
                role="Patient",
                is_active=True,
            )
            db_session.add(user)
            db_session.commit()
            db_session.refresh(user)
    
        # ╤ючфрхь чряшё№ ярЎшхэЄр
        patient = db_session.query(Patient).filter(Patient.phone == "+998901112233").first()
        if not patient:
>           patient = Patient(
                first_name="╥хёЄ",
                last_name="╧рЎшхэЄют",
                middle_name="╥хёЄютшў",
                phone="+998901112233",
                email="e2e_patient@test.com",
                birth_date=date(1990, 5, 15),
            )

tests\integration\test_e2e_patient_flow.py:52: 
_ _ _ _ _ _ _ _ _ _ _ _ _ _ _ _ _ _ _ _ _ _ _ _ _ _ _ _ _ _ _ _ _ _ _ _ _ _ _ _
<string>:4: in __init__
    ???
C:\Program Files\Python311\Lib\site-packages\sqlalchemy\orm\state.py:571: in _initialize_instance
    with util.safe_reraise():
C:\Program Files\Python311\Lib\site-packages\sqlalchemy\util\langhelpers.py:224: in __exit__
    raise exc_value.with_traceback(exc_tb)
C:\Program Files\Python311\Lib\site-packages\sqlalchemy\orm\state.py:569: in _initialize_instance
    manager.original_init(*mixed[1:], **kwargs)
_ _ _ _ _ _ _ _ _ _ _ _ _ _ _ _ _ _ _ _ _ _ _ _ _ _ _ _ _ _ _ _ _ _ _ _ _ _ _ _

self = <app.models.patient.Patient object at 0x000001B6E812F990>
kwargs = {'birth_date': datetime.date(1990, 5, 15), 'email': 'e2e_patient@test.com', 'first_name': '╥хёЄ', 'last_name': '╧рЎшхэЄют', ...}
cls_ = <class 'app.models.patient.Patient'>, k = 'email'

    def _declarative_constructor(self: Any, **kwargs: Any) -> None:
        """A simple constructor that allows initialization from kwargs.
    
        Sets attributes on the constructed instance using the names and
        values in ``kwargs``.
    
        Only keys that are present as
        attributes of the instance's class are allowed. These could be,
        for example, any mapped columns or relationships.
        """
        cls_ = type(self)
        for k in kwargs:
            if not hasattr(cls_, k):
>               raise TypeError(
                    "%r is an invalid keyword argument for %s" % (k, cls_.__name__)
                )
E               TypeError: 'email' is an invalid keyword argument for Patient

C:\Program Files\Python311\Lib\site-packages\sqlalchemy\orm\decl_base.py:2179: TypeError
_______ ERROR at setup of TestPaymentFlow.test_create_payment_for_visit _______

db_session = <sqlalchemy.orm.session.Session object at 0x000001B6E83C5390>

    @pytest.fixture
    def payment_test_data(db_session):
        """╤ючфрхЄ ЄхёЄют√х фрээ√х фы  яюЄюър юяырЄ√"""
        # ╧рЎшхэЄ
        patient = db_session.query(Patient).filter(Patient.phone == "+998901234999").first()
        if not patient:
>           patient = Patient(
                first_name="╬яырЄр",
                last_name="╥хёЄют",
                middle_name="╥хёЄютшў",
                phone="+998901234999",
                email="payment_test@test.com",
                birth_date=date(1995, 3, 20),
            )

tests\integration\test_e2e_payment_flow.py:40: 
_ _ _ _ _ _ _ _ _ _ _ _ _ _ _ _ _ _ _ _ _ _ _ _ _ _ _ _ _ _ _ _ _ _ _ _ _ _ _ _
<string>:4: in __init__
    ???
C:\Program Files\Python311\Lib\site-packages\sqlalchemy\orm\state.py:571: in _initialize_instance
    with util.safe_reraise():
C:\Program Files\Python311\Lib\site-packages\sqlalchemy\util\langhelpers.py:224: in __exit__
    raise exc_value.with_traceback(exc_tb)
C:\Program Files\Python311\Lib\site-packages\sqlalchemy\orm\state.py:569: in _initialize_instance
    manager.original_init(*mixed[1:], **kwargs)
_ _ _ _ _ _ _ _ _ _ _ _ _ _ _ _ _ _ _ _ _ _ _ _ _ _ _ _ _ _ _ _ _ _ _ _ _ _ _ _

self = <app.models.patient.Patient object at 0x000001B6E83C6310>
kwargs = {'birth_date': datetime.date(1995, 3, 20), 'email': 'payment_test@test.com', 'first_name': '╬яырЄр', 'last_name': '╥хёЄют', ...}
cls_ = <class 'app.models.patient.Patient'>, k = 'email'

    def _declarative_constructor(self: Any, **kwargs: Any) -> None:
        """A simple constructor that allows initialization from kwargs.
    
        Sets attributes on the constructed instance using the names and
        values in ``kwargs``.
    
        Only keys that are present as
        attributes of the instance's class are allowed. These could be,
        for example, any mapped columns or relationships.
        """
        cls_ = type(self)
        for k in kwargs:
            if not hasattr(cls_, k):
>               raise TypeError(
                    "%r is an invalid keyword argument for %s" % (k, cls_.__name__)
                )
E               TypeError: 'email' is an invalid keyword argument for Patient

C:\Program Files\Python311\Lib\site-packages\sqlalchemy\orm\decl_base.py:2179: TypeError
---------------------------- Captured stdout setup ----------------------------
DEBUG: Login endpoint called with username=test_admin
DEBUG: IP=testclient, UserAgent=testclient
DEBUG: Service obtained: <app.services.authentication_service.AuthenticationService object at 0x000001B6BF9B0D10>
DEBUG: login_user result: {'success': True, 'message': '╙ёях°э√щ тїюф', 'user': {'id': 4, 'username': 'test_admin', 'full_name': 'Test Admin', 'email': 'admin@test.com', 'role': 'Admin', 'is_active': True, 'is_superuser': True}, 'tokens': {'access_token': 'eyJhbGciOiJIUzI1NiIsInR5cCI6IkpXVCJ9.eyJzdWIiOiI0IiwidXNlcm5hbWUiOiJ0ZXN0X2FkbWluIiwicm9sZSI6IkFkbWluIiwiaXNfYWN0aXZlIjp0cnVlLCJpc19zdXBlcnVzZXIiOnRydWUsImV4cCI6MTc2NTc0MzMxMywidHlwZSI6ImFjY2VzcyJ9.iuEuX4p7CtppF2vGsL02wvwY8HDn__tDb836GAG8y_w', 'refresh_token': 'eyJhbGciOiJIUzI1NiIsInR5cCI6IkpXVCJ9.eyJ1c2VyX2lkIjo0LCJqdGkiOiJkYTEyNGM0Ni0yYzMxLTQ0ZGQtYmY4OS03OTUyYzEzZWYwZDEiLCJ0eXBlIjoicmVmcmVzaCIsImV4cCI6MTc2ODMzMzUxM30.dnmUVy4RaijLOSQgg6-iHXZQjvHF2qeNzCdZNC4gVOU', 'token_type': 'bearer', 'expires_in': 1800}, 'requires_2fa': False, 'two_factor_method': None}
__________ ERROR at setup of TestPaymentFlow.test_get_payment_status __________

db_session = <sqlalchemy.orm.session.Session object at 0x000001B6E9BF1890>

    @pytest.fixture
    def payment_test_data(db_session):
        """╤ючфрхЄ ЄхёЄют√х фрээ√х фы  яюЄюър юяырЄ√"""
        # ╧рЎшхэЄ
        patient = db_session.query(Patient).filter(Patient.phone == "+998901234999").first()
        if not patient:
>           patient = Patient(
                first_name="╬яырЄр",
                last_name="╥хёЄют",
                middle_name="╥хёЄютшў",
                phone="+998901234999",
                email="payment_test@test.com",
                birth_date=date(1995, 3, 20),
            )

tests\integration\test_e2e_payment_flow.py:40: 
_ _ _ _ _ _ _ _ _ _ _ _ _ _ _ _ _ _ _ _ _ _ _ _ _ _ _ _ _ _ _ _ _ _ _ _ _ _ _ _
<string>:4: in __init__
    ???
C:\Program Files\Python311\Lib\site-packages\sqlalchemy\orm\state.py:571: in _initialize_instance
    with util.safe_reraise():
C:\Program Files\Python311\Lib\site-packages\sqlalchemy\util\langhelpers.py:224: in __exit__
    raise exc_value.with_traceback(exc_tb)
C:\Program Files\Python311\Lib\site-packages\sqlalchemy\orm\state.py:569: in _initialize_instance
    manager.original_init(*mixed[1:], **kwargs)
_ _ _ _ _ _ _ _ _ _ _ _ _ _ _ _ _ _ _ _ _ _ _ _ _ _ _ _ _ _ _ _ _ _ _ _ _ _ _ _

self = <app.models.patient.Patient object at 0x000001B6E8029610>
kwargs = {'birth_date': datetime.date(1995, 3, 20), 'email': 'payment_test@test.com', 'first_name': '╬яырЄр', 'last_name': '╥хёЄют', ...}
cls_ = <class 'app.models.patient.Patient'>, k = 'email'

    def _declarative_constructor(self: Any, **kwargs: Any) -> None:
        """A simple constructor that allows initialization from kwargs.
    
        Sets attributes on the constructed instance using the names and
        values in ``kwargs``.
    
        Only keys that are present as
        attributes of the instance's class are allowed. These could be,
        for example, any mapped columns or relationships.
        """
        cls_ = type(self)
        for k in kwargs:
            if not hasattr(cls_, k):
>               raise TypeError(
                    "%r is an invalid keyword argument for %s" % (k, cls_.__name__)
                )
E               TypeError: 'email' is an invalid keyword argument for Patient

C:\Program Files\Python311\Lib\site-packages\sqlalchemy\orm\decl_base.py:2179: TypeError
---------------------------- Captured stdout setup ----------------------------
DEBUG: Login endpoint called with username=test_admin
DEBUG: IP=testclient, UserAgent=testclient
DEBUG: Service obtained: <app.services.authentication_service.AuthenticationService object at 0x000001B6BF9B0D10>
DEBUG: login_user result: {'success': True, 'message': '╙ёях°э√щ тїюф', 'user': {'id': 4, 'username': 'test_admin', 'full_name': 'Test Admin', 'email': 'admin@test.com', 'role': 'Admin', 'is_active': True, 'is_superuser': True}, 'tokens': {'access_token': 'eyJhbGciOiJIUzI1NiIsInR5cCI6IkpXVCJ9.eyJzdWIiOiI0IiwidXNlcm5hbWUiOiJ0ZXN0X2FkbWluIiwicm9sZSI6IkFkbWluIiwiaXNfYWN0aXZlIjp0cnVlLCJpc19zdXBlcnVzZXIiOnRydWUsImV4cCI6MTc2NTc0MzMxNCwidHlwZSI6ImFjY2VzcyJ9.gNXMFLq-2eMMprXTm6P2QIz8u3OrNuIIFBeQYkuOi4Y', 'refresh_token': 'eyJhbGciOiJIUzI1NiIsInR5cCI6IkpXVCJ9.eyJ1c2VyX2lkIjo0LCJqdGkiOiJiZjY2ODU2MC0xYmI3LTQxMDUtOTJmYS01MTkyNDExYWY5NjEiLCJ0eXBlIjoicmVmcmVzaCIsImV4cCI6MTc2ODMzMzUxNH0.ZUWPjOpMh-6Q-bBRRODZkpTfvDuxLOtvys85OdNnibc', 'token_type': 'bearer', 'expires_in': 1800}, 'requires_2fa': False, 'two_factor_method': None}
______ ERROR at setup of TestPaymentFlow.test_payment_receipt_generation ______

db_session = <sqlalchemy.orm.session.Session object at 0x000001B6E99D2390>

    @pytest.fixture
    def payment_test_data(db_session):
        """╤ючфрхЄ ЄхёЄют√х фрээ√х фы  яюЄюър юяырЄ√"""
        # ╧рЎшхэЄ
        patient = db_session.query(Patient).filter(Patient.phone == "+998901234999").first()
        if not patient:
>           patient = Patient(
                first_name="╬яырЄр",
                last_name="╥хёЄют",
                middle_name="╥хёЄютшў",
                phone="+998901234999",
                email="payment_test@test.com",
                birth_date=date(1995, 3, 20),
            )

tests\integration\test_e2e_payment_flow.py:40: 
_ _ _ _ _ _ _ _ _ _ _ _ _ _ _ _ _ _ _ _ _ _ _ _ _ _ _ _ _ _ _ _ _ _ _ _ _ _ _ _
<string>:4: in __init__
    ???
C:\Program Files\Python311\Lib\site-packages\sqlalchemy\orm\state.py:571: in _initialize_instance
    with util.safe_reraise():
C:\Program Files\Python311\Lib\site-packages\sqlalchemy\util\langhelpers.py:224: in __exit__
    raise exc_value.with_traceback(exc_tb)
C:\Program Files\Python311\Lib\site-packages\sqlalchemy\orm\state.py:569: in _initialize_instance
    manager.original_init(*mixed[1:], **kwargs)
_ _ _ _ _ _ _ _ _ _ _ _ _ _ _ _ _ _ _ _ _ _ _ _ _ _ _ _ _ _ _ _ _ _ _ _ _ _ _ _

self = <app.models.patient.Patient object at 0x000001B6E9B0AB10>
kwargs = {'birth_date': datetime.date(1995, 3, 20), 'email': 'payment_test@test.com', 'first_name': '╬яырЄр', 'last_name': '╥хёЄют', ...}
cls_ = <class 'app.models.patient.Patient'>, k = 'email'

    def _declarative_constructor(self: Any, **kwargs: Any) -> None:
        """A simple constructor that allows initialization from kwargs.
    
        Sets attributes on the constructed instance using the names and
        values in ``kwargs``.
    
        Only keys that are present as
        attributes of the instance's class are allowed. These could be,
        for example, any mapped columns or relationships.
        """
        cls_ = type(self)
        for k in kwargs:
            if not hasattr(cls_, k):
>               raise TypeError(
                    "%r is an invalid keyword argument for %s" % (k, cls_.__name__)
                )
E               TypeError: 'email' is an invalid keyword argument for Patient

C:\Program Files\Python311\Lib\site-packages\sqlalchemy\orm\decl_base.py:2179: TypeError
---------------------------- Captured stdout setup ----------------------------
DEBUG: Login endpoint called with username=test_admin
DEBUG: IP=testclient, UserAgent=testclient
DEBUG: Service obtained: <app.services.authentication_service.AuthenticationService object at 0x000001B6BF9B0D10>
DEBUG: login_user result: {'success': True, 'message': '╙ёях°э√щ тїюф', 'user': {'id': 4, 'username': 'test_admin', 'full_name': 'Test Admin', 'email': 'admin@test.com', 'role': 'Admin', 'is_active': True, 'is_superuser': True}, 'tokens': {'access_token': 'eyJhbGciOiJIUzI1NiIsInR5cCI6IkpXVCJ9.eyJzdWIiOiI0IiwidXNlcm5hbWUiOiJ0ZXN0X2FkbWluIiwicm9sZSI6IkFkbWluIiwiaXNfYWN0aXZlIjp0cnVlLCJpc19zdXBlcnVzZXIiOnRydWUsImV4cCI6MTc2NTc0MzMxNCwidHlwZSI6ImFjY2VzcyJ9.gNXMFLq-2eMMprXTm6P2QIz8u3OrNuIIFBeQYkuOi4Y', 'refresh_token': 'eyJhbGciOiJIUzI1NiIsInR5cCI6IkpXVCJ9.eyJ1c2VyX2lkIjo0LCJqdGkiOiIzMGVkMWE2MC1mYWI4LTQzNmUtODA5ZS1iMTZiNWY1Y2MyN2YiLCJ0eXBlIjoicmVmcmVzaCIsImV4cCI6MTc2ODMzMzUxNH0.XuXOK-265pqzJ1k7ANDZoKEkCyoHfmK_hgfDaoWN4GA', 'token_type': 'bearer', 'expires_in': 1800}, 'requires_2fa': False, 'two_factor_method': None}
______ ERROR at setup of TestE2EVisitFlow.test_complete_visit_flow_today ______

fixturedef = <FixtureDef argname='test_service' scope='function' baseid='tests'>
request = <SubRequest 'test_service' for <Function test_complete_visit_flow_today>>

    @pytest.hookimpl(wrapper=True)
    def pytest_fixture_setup(fixturedef: FixtureDef, request) -> object | None:
        asyncio_mode = _get_asyncio_mode(request.config)
        if not _is_asyncio_fixture_function(fixturedef.func):
            if asyncio_mode == Mode.STRICT:
                # Ignore async fixtures without explicit asyncio mark in strict mode
                # This applies to pytest_trio fixtures, for example
>               return (yield)
                        ^^^^^

C:\Program Files\Python311\Lib\site-packages\pytest_asyncio\plugin.py:681: 
_ _ _ _ _ _ _ _ _ _ _ _ _ _ _ _ _ _ _ _ _ _ _ _ _ _ _ _ _ _ _ _ _ _ _ _ _ _ _ _
tests\conftest.py:249: in test_service
    service = Service(
C:\Program Files\Python311\Lib\site-packages\sqlalchemy\orm\state.py:571: in _initialize_instance
    with util.safe_reraise():
C:\Program Files\Python311\Lib\site-packages\sqlalchemy\util\langhelpers.py:224: in __exit__
    raise exc_value.with_traceback(exc_tb)
C:\Program Files\Python311\Lib\site-packages\sqlalchemy\orm\state.py:569: in _initialize_instance
    manager.original_init(*mixed[1:], **kwargs)
_ _ _ _ _ _ _ _ _ _ _ _ _ _ _ _ _ _ _ _ _ _ _ _ _ _ _ _ _ _ _ _ _ _ _ _ _ _ _ _

self = <app.models.service.Service object at 0x000001B6EA6579D0>
kwargs = {'allow_doctor_price_override': False, 'code': 'TEST_CONS', 'description': '╥хёЄютр  ъюэёєы№ЄрЎш  ърЁфшюыюур', 'duration_minutes': 30, ...}
cls_ = <class 'app.models.service.Service'>, k = 'description'

    def _declarative_constructor(self: Any, **kwargs: Any) -> None:
        """A simple constructor that allows initialization from kwargs.
    
        Sets attributes on the constructed instance using the names and
        values in ``kwargs``.
    
        Only keys that are present as
        attributes of the instance's class are allowed. These could be,
        for example, any mapped columns or relationships.
        """
        cls_ = type(self)
        for k in kwargs:
            if not hasattr(cls_, k):
>               raise TypeError(
                    "%r is an invalid keyword argument for %s" % (k, cls_.__name__)
                )
E               TypeError: 'description' is an invalid keyword argument for Service

C:\Program Files\Python311\Lib\site-packages\sqlalchemy\orm\decl_base.py:2179: TypeError
---------------------------- Captured stdout setup ----------------------------
DEBUG: Login endpoint called with username=test_admin
DEBUG: IP=testclient, UserAgent=testclient
DEBUG: Service obtained: <app.services.authentication_service.AuthenticationService object at 0x000001B6BF9B0D10>
DEBUG: login_user result: {'success': True, 'message': '╙ёях°э√щ тїюф', 'user': {'id': 4, 'username': 'test_admin', 'full_name': 'Test Admin', 'email': 'admin@test.com', 'role': 'Admin', 'is_active': True, 'is_superuser': True}, 'tokens': {'access_token': 'eyJhbGciOiJIUzI1NiIsInR5cCI6IkpXVCJ9.eyJzdWIiOiI0IiwidXNlcm5hbWUiOiJ0ZXN0X2FkbWluIiwicm9sZSI6IkFkbWluIiwiaXNfYWN0aXZlIjp0cnVlLCJpc19zdXBlcnVzZXIiOnRydWUsImV4cCI6MTc2NTc0MzMxNSwidHlwZSI6ImFjY2VzcyJ9.8Sfk97Kir6NVN_122JHkQ6ZfifyV4jsBb-FvW4ao7-k', 'refresh_token': 'eyJhbGciOiJIUzI1NiIsInR5cCI6IkpXVCJ9.eyJ1c2VyX2lkIjo0LCJqdGkiOiIzODlmYTNkMC0xY2RiLTQ1OGQtOGNkMC1kMGVmOTJiN2EwYmEiLCJ0eXBlIjoicmVmcmVzaCIsImV4cCI6MTc2ODMzMzUxNX0.GCQcM3Duyi6WP3hFD0JB9wEcWyebZcnLpD-hVsqgGds', 'token_type': 'bearer', 'expires_in': 1800}, 'requires_2fa': False, 'two_factor_method': None}
_ ERROR at setup of TestMigrationManagementAPI.test_check_data_integrity_with_data _

fixturedef = <FixtureDef argname='test_doctor' scope='function' baseid='tests'>
request = <SubRequest 'test_doctor' for <Function test_check_data_integrity_with_data>>

    @pytest.hookimpl(wrapper=True)
    def pytest_fixture_setup(fixturedef: FixtureDef, request) -> object | None:
        asyncio_mode = _get_asyncio_mode(request.config)
        if not _is_asyncio_fixture_function(fixturedef.func):
            if asyncio_mode == Mode.STRICT:
                # Ignore async fixtures without explicit asyncio mark in strict mode
                # This applies to pytest_trio fixtures, for example
>               return (yield)
                        ^^^^^

C:\Program Files\Python311\Lib\site-packages\pytest_asyncio\plugin.py:681: 
_ _ _ _ _ _ _ _ _ _ _ _ _ _ _ _ _ _ _ _ _ _ _ _ _ _ _ _ _ _ _ _ _ _ _ _ _ _ _ _
tests\conftest.py:232: in test_doctor
    doctor = Doctor(
C:\Program Files\Python311\Lib\site-packages\sqlalchemy\orm\state.py:571: in _initialize_instance
    with util.safe_reraise():
C:\Program Files\Python311\Lib\site-packages\sqlalchemy\util\langhelpers.py:224: in __exit__
    raise exc_value.with_traceback(exc_tb)
C:\Program Files\Python311\Lib\site-packages\sqlalchemy\orm\state.py:569: in _initialize_instance
    manager.original_init(*mixed[1:], **kwargs)
_ _ _ _ _ _ _ _ _ _ _ _ _ _ _ _ _ _ _ _ _ _ _ _ _ _ _ _ _ _ _ _ _ _ _ _ _ _ _ _

self = <app.models.clinic.Doctor object at 0x000001B6E9A27F10>
kwargs = {'bio': '╥хёЄют√щ ърЁфшюыюу', 'experience_years': 10, 'is_active': True, 'license_number': 'TEST123', ...}
cls_ = <class 'app.models.clinic.Doctor'>, k = 'license_number'

    def _declarative_constructor(self: Any, **kwargs: Any) -> None:
        """A simple constructor that allows initialization from kwargs.
    
        Sets attributes on the constructed instance using the names and
        values in ``kwargs``.
    
        Only keys that are present as
[...]
    
        result = service.cleanup_old_data(days_to_keep=30)
    
        assert result["success"] is True
>       assert result["deleted_queues"] == 0
E       assert 6 == 0

tests\unit\test_migration_service.py:220: AssertionError
============================== warnings summary ===============================
..\..\Program Files\Python311\Lib\site-packages\pydantic\fields.py:1093
  C:\Program Files\Python311\Lib\site-packages\pydantic\fields.py:1093: PydanticDeprecatedSince20: Using extra keyword arguments on `Field` is deprecated and will be removed. Use `json_schema_extra` instead. (Extra keys: 'env'). Deprecated in Pydantic V2.0 to be removed in V3.0. See Pydantic V2 Migration Guide at https://errors.pydantic.dev/2.11/migration/
    warn(

..\..\Program Files\Python311\Lib\site-packages\pydantic\_internal\_config.py:323: 51 warnings
  C:\Program Files\Python311\Lib\site-packages\pydantic\_internal\_config.py:323: PydanticDeprecatedSince20: Support for class-based `config` is deprecated, use ConfigDict instead. Deprecated in Pydantic V2.0 to be removed in V3.0. See Pydantic V2 Migration Guide at https://errors.pydantic.dev/2.11/migration/
    warnings.warn(DEPRECATION_MESSAGE, DeprecationWarning)

..\..\Program Files\Python311\Lib\site-packages\pydantic\fields.py:1068
..\..\Program Files\Python311\Lib\site-packages\pydantic\fields.py:1068
..\..\Program Files\Python311\Lib\site-packages\pydantic\fields.py:1068
  C:\Program Files\Python311\Lib\site-packages\pydantic\fields.py:1068: PydanticDeprecatedSince20: `max_items` is deprecated and will be removed, use `max_length` instead. Deprecated in Pydantic V2.0 to be removed in V3.0. See Pydantic V2 Migration Guide at https://errors.pydantic.dev/2.11/migration/
    warn('`max_items` is deprecated and will be removed, use `max_length` instead', DeprecationWarning)

..\..\Program Files\Python311\Lib\site-packages\pydantic\fields.py:1062
..\..\Program Files\Python311\Lib\site-packages\pydantic\fields.py:1062
..\..\Program Files\Python311\Lib\site-packages\pydantic\fields.py:1062
..\..\Program Files\Python311\Lib\site-packages\pydantic\fields.py:1062
..\..\Program Files\Python311\Lib\site-packages\pydantic\fields.py:1062
..\..\Program Files\Python311\Lib\site-packages\pydantic\fields.py:1062
  C:\Program Files\Python311\Lib\site-packages\pydantic\fields.py:1062: PydanticDeprecatedSince20: `min_items` is deprecated and will be removed, use `min_length` instead. Deprecated in Pydantic V2.0 to be removed in V3.0. See Pydantic V2 Migration Guide at https://errors.pydantic.dev/2.11/migration/
    warn('`min_items` is deprecated and will be removed, use `min_length` instead', DeprecationWarning)

tests\integration\test_e2e_doctor_visit.py:154
  C:\final\backend\tests\integration\test_e2e_doctor_visit.py:154: PytestUnknownMarkWarning: Unknown pytest.mark.e2e - is this a typo?  You can register custom marks to avoid this warning - for details, see https://docs.pytest.org/en/stable/how-to/mark.html
    @pytest.mark.e2e

tests\integration\test_e2e_doctor_visit.py:314
  C:\final\backend\tests\integration\test_e2e_doctor_visit.py:314: PytestUnknownMarkWarning: Unknown pytest.mark.e2e - is this a typo?  You can register custom marks to avoid this warning - for details, see https://docs.pytest.org/en/stable/how-to/mark.html
    @pytest.mark.e2e

tests\integration\test_e2e_doctor_visit.py:352
  C:\final\backend\tests\integration\test_e2e_doctor_visit.py:352: PytestUnknownMarkWarning: Unknown pytest.mark.e2e - is this a typo?  You can register custom marks to avoid this warning - for details, see https://docs.pytest.org/en/stable/how-to/mark.html
    @pytest.mark.e2e

tests\integration\test_e2e_patient_flow.py:140
  C:\final\backend\tests\integration\test_e2e_patient_flow.py:140: PytestUnknownMarkWarning: Unknown pytest.mark.e2e - is this a typo?  You can register custom marks to avoid this warning - for details, see https://docs.pytest.org/en/stable/how-to/mark.html
    @pytest.mark.e2e

tests\integration\test_e2e_patient_flow.py:305
  C:\final\backend\tests\integration\test_e2e_patient_flow.py:305: PytestUnknownMarkWarning: Unknown pytest.mark.e2e - is this a typo?  You can register custom marks to avoid this warning - for details, see https://docs.pytest.org/en/stable/how-to/mark.html
    @pytest.mark.e2e

tests\integration\test_e2e_payment_flow.py:92
  C:\final\backend\tests\integration\test_e2e_payment_flow.py:92: PytestUnknownMarkWarning: Unknown pytest.mark.e2e - is this a typo?  You can register custom marks to avoid this warning - for details, see https://docs.pytest.org/en/stable/how-to/mark.html
    @pytest.mark.e2e

tests\integration\test_e2e_payment_flow.py:212
  C:\final\backend\tests\integration\test_e2e_payment_flow.py:212: PytestUnknownMarkWarning: Unknown pytest.mark.e2e - is this a typo?  You can register custom marks to avoid this warning - for details, see https://docs.pytest.org/en/stable/how-to/mark.html
    @pytest.mark.e2e

tests\integration\test_e2e_payment_flow.py:247
  C:\final\backend\tests\integration\test_e2e_payment_flow.py:247: PytestUnknownMarkWarning: Unknown pytest.mark.e2e - is this a typo?  You can register custom marks to avoid this warning - for details, see https://docs.pytest.org/en/stable/how-to/mark.html
    @pytest.mark.e2e

tests/integration/test_e2e_clinic.py::test_e2e_clinic_flow
tests/integration/test_e2e_clinic.py::test_e2e_clinic_flow
tests/integration/test_e2e_clinic.py::test_e2e_clinic_flow
tests/integration/test_rbac_matrix.py::TestPositiveRBAC::test_admin_can_create_patient
tests/integration/test_rbac_matrix.py::TestPositiveRBAC::test_registrar_can_create_patient
tests/test_audit_logs.py::test_audit_log_create_patient
tests/test_audit_logs.py::test_audit_log_request_id
tests/test_audit_logs.py::test_audit_log_request_id
tests/test_audit_logs.py::test_audit_log_request_id
  C:\final\backend\app\crud\base.py:30: PydanticDeprecatedSince20: The `dict` method is deprecated; use `model_dump` instead. Deprecated in Pydantic V2.0 to be removed in V3.0. See Pydantic V2 Migration Guide at https://errors.pydantic.dev/2.11/migration/
    data: Dict[str, Any] = obj_in.dict(exclude_unset=True)

tests/integration/test_e2e_clinic.py::test_e2e_clinic_flow
tests/integration/test_e2e_clinic.py::test_e2e_clinic_flow
tests/integration/test_e2e_clinic.py::test_e2e_clinic_flow
tests/integration/test_rbac_matrix.py::TestPositiveRBAC::test_doctor_can_read_patient
tests/test_audit_logs.py::test_audit_log_update_patient
tests/test_audit_logs.py::test_audit_log_delete_patient
  C:\final\backend\app\crud\base.py:21: LegacyAPIWarning: The Query.get() method is considered legacy as of the 1.x series of SQLAlchemy and becomes a legacy construct in 2.0. The method is now available as Session.get() (deprecated since: 2.0) (Background on SQLAlchemy 2.0 at: https://sqlalche.me/e/b8d9)
    return db.query(self.model).get(id)

tests/integration/test_e2e_clinic.py::test_e2e_clinic_flow
  C:\final\backend\app\api\v1\endpoints\appointment_flow.py:389: PydanticDeprecatedSince20: The `from_orm` method is deprecated; set `model_config['from_attributes']=True` and use `model_validate` instead. Deprecated in Pydantic V2.0 to be removed in V3.0. See Pydantic V2 Migration Guide at https://errors.pydantic.dev/2.11/migration/
    emr_dict = EMRSchema.from_orm(new_emr).dict()

tests/integration/test_e2e_clinic.py::test_e2e_clinic_flow
  C:\final\backend\app\api\v1\endpoints\appointment_flow.py:389: PydanticDeprecatedSince20: The `dict` method is deprecated; use `model_dump` instead. Deprecated in Pydantic V2.0 to be removed in V3.0. See Pydantic V2 Migration Guide at https://errors.pydantic.dev/2.11/migration/
    emr_dict = EMRSchema.from_orm(new_emr).dict()

tests/test_audit_logs.py::test_audit_log_update_patient
  C:\final\backend\app\crud\base.py:68: PydanticDeprecatedSince20: The `dict` method is deprecated; use `model_dump` instead. Deprecated in Pydantic V2.0 to be removed in V3.0. See Pydantic V2 Migration Guide at https://errors.pydantic.dev/2.11/migration/
    update_data = obj_in.dict(exclude_unset=True)

tests/test_audit_logs.py::test_audit_log_delete_patient
  C:\final\backend\app\crud\base.py:98: LegacyAPIWarning: The Query.get() method is considered legacy as of the 1.x series of SQLAlchemy and becomes a legacy construct in 2.0. The method is now available as Session.get() (deprecated since: 2.0) (Background on SQLAlchemy 2.0 at: https://sqlalche.me/e/b8d9)
    obj = db.query(self.model).get(id)

-- Docs: https://docs.pytest.org/en/stable/how-to/capture-warnings.html
=========================== short test summary info ===========================
FAILED tests/integration/test_api_integration.py::TestAPIIntegration::test_health_endpoint
FAILED tests/integration/test_api_integration.py::TestAPIIntegration::test_status_endpoint
FAILED tests/integration/test_api_integration.py::TestAPIIntegration::test_api_responsiveness
FAILED tests/integration/test_e2e_migration_flow.py::TestE2EMigrationFlow::test_complete_migration_flow
FAILED tests/integration/test_e2e_migration_flow.py::TestE2EMigrationFlow::test_migration_with_old_data_cleanup
FAILED tests/integration/test_e2e_migration_flow.py::TestE2EMigrationFlow::test_migration_service_direct_integration
FAILED tests/integration/test_e2e_migration_flow.py::TestE2EMigrationFlow::test_error_recovery_in_migration_flow
FAILED tests/integration/test_e2e_migration_flow.py::TestE2EMigrationFlow::test_concurrent_migration_operations
FAILED tests/integration/test_e2e_patient_flow.py::TestPatientAuthFlow::test_unauthorized_access_rejected
FAILED tests/integration/test_e2e_patient_flow.py::TestPatientAuthFlow::test_invalid_token_rejected
FAILED tests/integration/test_e2e_payment_flow.py::TestPaymentSecurity::test_invalid_amount_rejected
FAILED tests/integration/test_e2e_visit_flow.py::TestE2EVisitFlow::test_complete_visit_flow_future_date
FAILED tests/integration/test_e2e_visit_flow.py::TestE2EVisitFlow::test_morning_assignment_flow
FAILED tests/integration/test_e2e_visit_flow.py::TestE2EVisitFlow::test_registrar_confirmation_flow
FAILED tests/integration/test_e2e_visit_flow.py::TestE2EVisitFlow::test_multiple_services_queue_assignment
FAILED tests/integration/test_e2e_visit_flow.py::TestE2EVisitFlow::test_error_handling_in_flow
FAILED tests/integration/test_e2e_visit_flow.py::TestE2EVisitFlow::test_notification_integration
FAILED tests/integration/test_migration_management_api.py::TestMigrationManagementAPI::test_restore_queue_data_file_not_found
FAILED tests/integration/test_migration_management_api.py::TestMigrationManagementAPI::test_api_error_handling
FAILED tests/integration/test_queue_batch_api.py::TestQueueBatchAPI::test_empty_services_list_error
FAILED tests/integration/test_server_integration.py::test_health_endpoint - r...
FAILED tests/integration/test_server_integration.py::test_status_endpoint - r...
FAILED tests/integration/test_server_integration.py::test_openapi_docs - requ...
FAILED tests/integration/test_visit_confirmation_api.py::TestVisitConfirmationAPI::test_confirm_visit_telegram_invalid_token
FAILED tests/test_2fa_enforcement.py::Test2FAEnforcement::test_admin_cannot_login_without_2fa
FAILED tests/test_2fa_enforcement.py::Test2FAEnforcement::test_cashier_cannot_login_without_2fa
FAILED tests/test_file_security.py::TestFileSecurity::test_file_hash_is_computed_on_upload
FAILED tests/test_file_security.py::TestFileSecurity::test_file_versioning_on_content_replace
FAILED tests/test_file_security.py::TestFileSecurity::test_file_hash_consistency
FAILED tests/test_file_security.py::TestFileSecurity::test_file_version_hash_required
FAILED tests/test_security_middleware.py::TestRateLimiting::test_rate_limit_login_endpoint
FAILED tests/test_security_middleware.py::TestRateLimiting::test_rate_limit_2fa_verify
FAILED tests/test_security_middleware.py::TestRateLimiting::test_rate_limit_password_reset
FAILED tests/test_security_middleware.py::TestRateLimiting::test_rate_limit_headers
FAILED tests/test_security_middleware.py::TestBruteForceProtection::test_brute_force_login_blocked
FAILED tests/test_security_middleware.py::TestBruteForceProtection::test_brute_force_2fa_blocked
FAILED tests/test_security_middleware.py::TestSecurityMiddlewareIntegration::test_rate_limit_reset_after_window
FAILED tests/unit/test_migration_service.py::TestMigrationService::test_get_or_create_daily_queue_existing
FAILED tests/unit/test_migration_service.py::TestMigrationService::test_check_data_integrity_empty_db
FAILED tests/unit/test_migration_service.py::TestMigrationService::test_backup_queue_data_empty
FAILED tests/unit/test_migration_service.py::TestMigrationService::test_cleanup_old_data_empty
ERROR tests/integration/test_e2e_doctor_visit.py::TestDoctorVisitFlow::test_doctor_can_view_queue
ERROR tests/integration/test_e2e_doctor_visit.py::TestDoctorVisitFlow::test_doctor_can_call_next_patient
ERROR tests/integration/test_e2e_doctor_visit.py::TestDoctorVisitFlow::test_doctor_can_start_visit
ERROR tests/integration/test_e2e_doctor_visit.py::TestDoctorVisitFlow::test_doctor_can_fill_emr
ERROR tests/integration/test_e2e_doctor_visit.py::TestDoctorVisitFlow::test_doctor_can_use_emr_template
ERROR tests/integration/test_e2e_doctor_visit.py::TestDoctorVisitFlow::test_doctor_can_add_diagnosis_with_ai_suggestion
ERROR tests/integration/test_e2e_doctor_visit.py::TestDoctorVisitFlow::test_doctor_can_generate_prescription_pdf
ERROR tests/integration/test_e2e_doctor_visit.py::TestDoctorVisitFlow::test_doctor_can_complete_visit
ERROR tests/integration/test_e2e_doctor_visit.py::TestDoctorQueueManagement::test_doctor_can_skip_patient
ERROR tests/integration/test_e2e_doctor_visit.py::TestDoctorQueueManagement::test_doctor_can_get_patient_history
ERROR tests/integration/test_e2e_doctor_visit.py::TestDoctorSecurity::test_doctor_cannot_access_admin_routes
ERROR tests/integration/test_e2e_doctor_visit.py::TestDoctorSecurity::test_doctor_cannot_view_other_doctor_queue
ERROR tests/integration/test_e2e_patient_flow.py::TestPatientFlow::test_patient_can_view_appointments
ERROR tests/integration/test_e2e_patient_flow.py::TestPatientFlow::test_patient_can_view_single_appointment
ERROR tests/integration/test_e2e_patient_flow.py::TestPatientFlow::test_patient_can_cancel_future_appointment
ERROR tests/integration/test_e2e_patient_flow.py::TestPatientFlow::test_patient_cannot_cancel_soon_appointment
ERROR tests/integration/test_e2e_patient_flow.py::TestPatientFlow::test_patient_can_reschedule_appointment
ERROR tests/integration/test_e2e_patient_flow.py::TestPatientFlow::test_patient_can_get_available_slots
ERROR tests/integration/test_e2e_patient_flow.py::TestPatientFlow::test_patient_can_view_results
ERROR tests/integration/test_e2e_patient_flow.py::TestPatientFlow::test_patient_cannot_view_others_appointments
ERROR tests/integration/test_e2e_payment_flow.py::TestPaymentFlow::test_create_payment_for_visit
ERROR tests/integration/test_e2e_payment_flow.py::TestPaymentFlow::test_get_payment_status
ERROR tests/integration/test_e2e_payment_flow.py::TestPaymentFlow::test_payment_receipt_generation
ERROR tests/integration/test_e2e_visit_flow.py::TestE2EVisitFlow::test_complete_visit_flow_today
ERROR tests/integration/test_migration_management_api.py::TestMigrationManagementAPI::test_check_data_integrity_with_data
ERROR tests/integration/test_migration_management_api.py::TestMigrationManagementAPI::test_get_migration_stats_with_data
ERROR tests/integration/test_queue_batch_api.py::TestQueueBatchAPI::test_create_single_queue_entry_success
ERROR tests/integration/test_queue_batch_api.py::TestQueueBatchAPI::test_create_multiple_queue_entries_different_specialists
ERROR tests/integration/test_queue_batch_api.py::TestQueueBatchAPI::test_source_preservation
ERROR tests/integration/test_queue_batch_api.py::TestQueueBatchAPI::test_duplicate_detection
ERROR tests/integration/test_queue_batch_api.py::TestQueueBatchAPI::test_service_grouping_by_specialist
ERROR tests/integration/test_queue_batch_api.py::TestQueueBatchAPI::test_auto_create_daily_queue
ERROR tests/integration/test_queue_batch_api.py::TestQueueBatchAPI::test_patient_not_found_error
ERROR tests/integration/test_queue_batch_api.py::TestQueueBatchAPI::test_service_not_found_error
ERROR tests/integration/test_queue_batch_api.py::TestQueueBatchAPI::test_specialist_not_found_error
ERROR tests/integration/test_queue_batch_api.py::TestQueueBatchAPI::test_invalid_source_error
ERROR tests/integration/test_queue_batch_api.py::TestQueueBatchAPI::test_admin_access_allowed
ERROR tests/integration/test_queue_batch_api.py::TestQueueBatchAPI::test_registrar_access_allowed
ERROR tests/integration/test_queue_batch_api.py::TestQueueBatchAPI::test_doctor_access_denied
ERROR tests/integration/test_queue_batch_api.py::TestQueueBatchAPI::test_unauthenticated_access_denied
ERROR tests/integration/test_queue_batch_api.py::TestQueueBatchAPI::test_fair_queue_numbering
ERROR tests/integration/test_visit_confirmation_api.py::TestVisitConfirmationAPI::test_get_visit_info_success
ERROR tests/integration/test_visit_confirmation_api.py::TestVisitConfirmationAPI::test_get_visit_info_expired_token
ERROR tests/integration/test_visit_confirmation_api.py::TestVisitConfirmationAPI::test_confirm_visit_telegram_success
ERROR tests/integration/test_visit_confirmation_api.py::TestVisitConfirmationAPI::test_confirm_visit_telegram_wrong_channel
ERROR tests/integration/test_visit_confirmation_api.py::TestVisitConfirmationAPI::test_confirm_visit_pwa_success
ERROR tests/integration/test_visit_confirmation_api.py::TestVisitConfirmationAPI::test_confirm_visit_pwa_phone_mismatch
ERROR tests/integration/test_visit_confirmation_api.py::TestVisitConfirmationAPI::test_confirm_visit_registrar_success
ERROR tests/integration/test_visit_confirmation_api.py::TestVisitConfirmationAPI::test_confirm_visit_registrar_unauthorized
ERROR tests/integration/test_visit_confirmation_api.py::TestVisitConfirmationAPI::test_confirm_visit_registrar_wrong_role
ERROR tests/integration/test_visit_confirmation_api.py::TestVisitConfirmationAPI::test_confirm_visit_creates_queue_entry_today
ERROR tests/integration/test_visit_confirmation_api.py::TestVisitConfirmationAPI::test_confirm_visit_no_queue_entry_future_date
ERROR tests/integration/test_visit_confirmation_api.py::TestVisitConfirmationAPI::test_confirm_visit_updates_status
ERROR tests/integration/test_visit_confirmation_api.py::TestVisitConfirmationAPI::test_confirm_visit_rate_limiting
ERROR tests/integration/test_visit_confirmation_api.py::TestVisitConfirmationAPI::test_confirm_visit_security_validation
ERROR tests/unit/test_confirmation_security.py::TestConfirmationSecurityService::test_validate_confirmation_request_valid_token
ERROR tests/unit/test_confirmation_security.py::TestConfirmationSecurityService::test_validate_confirmation_request_expired_token
ERROR tests/unit/test_confirmation_security.py::TestConfirmationSecurityService::test_validate_confirmation_request_wrong_status
ERROR tests/unit/test_confirmation_security.py::TestConfirmationSecurityService::test_validate_confirmation_request_suspicious_user_agent
ERROR tests/unit/test_confirmation_security.py::TestConfirmationSecurityService::test_record_confirmation_attempt_success
ERROR tests/unit/test_confirmation_security.py::TestConfirmationSecurityService::test_record_confirmation_attempt_failure
ERROR tests/unit/test_confirmation_security.py::TestConfirmationSecurityService::test_logging_security_events
ERROR tests/unit/test_migration_service.py::TestMigrationService::test_check_data_integrity_with_data
ERROR tests/unit/test_migration_service.py::TestMigrationService::test_backup_queue_data_with_data
=========== 41 failed, 156 passed, 88 warnings, 64 errors in 38.71s ===========
