============================= test session starts =============================
platform win32 -- Python 3.11.1, pytest-8.4.1, pluggy-1.6.0
rootdir: C:\final\backend
configfile: pytest.ini
plugins: anyio-4.10.0, asyncio-1.1.0
asyncio: mode=Mode.STRICT, asyncio_default_fixture_loop_scope=None, asyncio_default_test_loop_scope=function
collected 3 items

tests\integration\test_api_integration.py F..                            [100%]

================================== FAILURES ===================================
___________________ TestAPIIntegration.test_health_endpoint ___________________

self = <test_api_integration.TestAPIIntegration object at 0x000001FB6E980910>

    def test_health_endpoint(self):
        """╥хёЄ health endpoint"""
        response = self.client.get(f"{self.base_url}/health")
        assert response.status_code == 200
>       assert "status" in response.json()
E       AssertionError: assert 'status' in {'db': 'ok', 'ok': True}
E        +  where {'db': 'ok', 'ok': True} = json()
E        +    where json = <Response [200 OK]>.json

tests\integration\test_api_integration.py:19: AssertionError
---------------------------- Captured stderr call -----------------------------
[app.db.session] \u2705 Foreign keys enabled on connection (verified: 1)
============================== warnings summary ===============================
..\..\Program Files\Python311\Lib\site-packages\pydantic\fields.py:1093
  C:\Program Files\Python311\Lib\site-packages\pydantic\fields.py:1093: PydanticDeprecatedSince20: Using extra keyword arguments on `Field` is deprecated and will be removed. Use `json_schema_extra` instead. (Extra keys: 'env'). Deprecated in Pydantic V2.0 to be removed in V3.0. See Pydantic V2 Migration Guide at https://errors.pydantic.dev/2.11/migration/
    warn(

..\..\Program Files\Python311\Lib\site-packages\pydantic\_internal\_config.py:323: 51 warnings
  C:\Program Files\Python311\Lib\site-packages\pydantic\_internal\_config.py:323: PydanticDeprecatedSince20: Support for class-based `config` is deprecated, use ConfigDict instead. Deprecated in Pydantic V2.0 to be removed in V3.0. See Pydantic V2 Migration Guide at https://errors.pydantic.dev/2.11/migration/
    warnings.warn(DEPRECATION_MESSAGE, DeprecationWarning)

..\..\Program Files\Python311\Lib\site-packages\pydantic\fields.py:1068
..\..\Program Files\Python311\Lib\site-packages\pydantic\fields.py:1068
..\..\Program Files\Python311\Lib\site-packages\pydantic\fields.py:1068
  C:\Program Files\Python311\Lib\site-packages\pydantic\fields.py:1068: PydanticDeprecatedSince20: `max_items` is deprecated and will be removed, use `max_length` instead. Deprecated in Pydantic V2.0 to be removed in V3.0. See Pydantic V2 Migration Guide at https://errors.pydantic.dev/2.11/migration/
    warn('`max_items` is deprecated and will be removed, use `max_length` instead', DeprecationWarning)

..\..\Program Files\Python311\Lib\site-packages\pydantic\fields.py:1062
..\..\Program Files\Python311\Lib\site-packages\pydantic\fields.py:1062
..\..\Program Files\Python311\Lib\site-packages\pydantic\fields.py:1062
..\..\Program Files\Python311\Lib\site-packages\pydantic\fields.py:1062
..\..\Program Files\Python311\Lib\site-packages\pydantic\fields.py:1062
..\..\Program Files\Python311\Lib\site-packages\pydantic\fields.py:1062
  C:\Program Files\Python311\Lib\site-packages\pydantic\fields.py:1062: PydanticDeprecatedSince20: `min_items` is deprecated and will be removed, use `min_length` instead. Deprecated in Pydantic V2.0 to be removed in V3.0. See Pydantic V2 Migration Guide at https://errors.pydantic.dev/2.11/migration/
    warn('`min_items` is deprecated and will be removed, use `min_length` instead', DeprecationWarning)

-- Docs: https://docs.pytest.org/en/stable/how-to/capture-warnings.html
=========================== short test summary info ===========================
FAILED tests/integration/test_api_integration.py::TestAPIIntegration::test_health_endpoint
================== 1 failed, 2 passed, 61 warnings in 0.59s ===================
