============================= test session starts =============================
platform win32 -- Python 3.11.1, pytest-8.4.1, pluggy-1.6.0
rootdir: C:\final\backend
configfile: pytest.ini
plugins: anyio-4.10.0, asyncio-1.1.0
asyncio: mode=Mode.STRICT, asyncio_default_fixture_loop_scope=None, asyncio_default_test_loop_scope=function
collected 261 items

tests\integration\test_api_integration.py FFF                            [  1%]
tests\integration\test_e2e_clinic.py .                                   [  1%]
tests\integration\test_e2e_doctor_visit.py EEEEEEEEEEEE                  [  6%]
tests\integration\test_e2e_migration_flow.py EE.EE                       [  8%]
tests\integration\test_e2e_patient_flow.py EEEEEEEEFF                    [ 11%]
tests\integration\test_e2e_payment_flow.py EE.EEEE.E                     [ 15%]
tests\integration\test_e2e_visit_flow.py EEEEEEE                         [ 18%]
tests\integration\test_migration_management_api.py E..EEEEEEEEEEEEEE.E   [ 25%]
tests\integration\test_online_queue_scenarios.py ......                  [ 27%]
tests\integration\test_queue_batch_api.py EEEEEEEEEEEEEEFE               [ 33%]
tests\integration\test_rbac_matrix.py ...................                [ 40%]
tests\integration\test_server_integration.py FFF                         [ 42%]
tests\integration\test_visit_confirmation_api.py E.EEFEEEEEEEEEEE        [ 48%]
tests\test_2fa_enforcement.py .....                                      [ 50%]
tests\test_api_responses.py ....................                         [ 57%]
tests\test_audit_logs.py FFFF...F.....                                   [ 62%]
tests\test_file_security.py FF.FF                                        [ 64%]
tests\test_payment_model.py .                                            [ 65%]
tests\test_security_middleware.py FFFF.FF....F                           [ 69%]
tests\test_settings.py ........                                          [ 72%]
tests\test_validators.py ................................                [ 85%]
tests\unit\test_confirmation_security.py E.EEE...EE..E..                 [ 90%]
tests\unit\test_migration_service.py ........EFE...F.....                [ 98%]
tests\unit\test_simple.py ....                                           [100%]

=================================== ERRORS ====================================
______ ERROR at setup of TestDoctorVisitFlow.test_doctor_can_view_queue _______

db_session = <sqlalchemy.orm.session.Session object at 0x000001EC1081CA90>

    @pytest.fixture
    def doctor_with_queue(db_session):
        """╤ючфрхЄ тЁрўр ё юўхЁхф№■ ярЎшхэЄют"""
        # ╤ючфрхь тЁрўр-яюы№чютрЄхы 
        doctor_user = db_session.query(User).filter(User.username == "e2e_doctor").first()
        if not doctor_user:
>           doctor_user = User(
                username="e2e_doctor",
                email="e2e_doctor@test.com",
                hashed_password=get_password_hash("doctor123"),
                role="Doctor",
                is_active=True,
                first_name="╥хёЄ",
                last_name="─юъЄюЁют",
            )

tests\integration\test_e2e_doctor_visit.py:40: 
_ _ _ _ _ _ _ _ _ _ _ _ _ _ _ _ _ _ _ _ _ _ _ _ _ _ _ _ _ _ _ _ _ _ _ _ _ _ _ _
<string>:4: in __init__
    ???
C:\Program Files\Python311\Lib\site-packages\sqlalchemy\orm\state.py:571: in _initialize_instance
    with util.safe_reraise():
C:\Program Files\Python311\Lib\site-packages\sqlalchemy\util\langhelpers.py:224: in __exit__
    raise exc_value.with_traceback(exc_tb)
C:\Program Files\Python311\Lib\site-packages\sqlalchemy\orm\state.py:569: in _initialize_instance
    manager.original_init(*mixed[1:], **kwargs)
_ _ _ _ _ _ _ _ _ _ _ _ _ _ _ _ _ _ _ _ _ _ _ _ _ _ _ _ _ _ _ _ _ _ _ _ _ _ _ _

self = <app.models.user.User object at 0x000001EC1224AD90>
kwargs = {'email': 'e2e_doctor@test.com', 'first_name': '╥хёЄ', 'hashed_password': '$argon2id$v=19$m=65536,t=3,p=4$a02pNcZYa+2ds3YOQUhpjQ$z9jgxVDdoqfz7Pbvyb7x8Wt+ezfykGUWS40SozvTBHo', 'is_active': True, ...}
cls_ = <class 'app.models.user.User'>, k = 'first_name'

    def _declarative_constructor(self: Any, **kwargs: Any) -> None:
        """A simple constructor that allows initialization from kwargs.
    
        Sets attributes on the constructed instance using the names and
        values in ``kwargs``.
    
        Only keys that are present as
        attributes of the instance's class are allowed. These could be,
        for example, any mapped columns or relationships.
        """
        cls_ = type(self)
        for k in kwargs:
            if not hasattr(cls_, k):
>               raise TypeError(
                    "%r is an invalid keyword argument for %s" % (k, cls_.__name__)
                )
E               TypeError: 'first_name' is an invalid keyword argument for User

C:\Program Files\Python311\Lib\site-packages\sqlalchemy\orm\decl_base.py:2179: TypeError
___ ERROR at setup of TestDoctorVisitFlow.test_doctor_can_call_next_patient ___

db_session = <sqlalchemy.orm.session.Session object at 0x000001EC1223D010>

    @pytest.fixture
    def doctor_with_queue(db_session):
        """╤ючфрхЄ тЁрўр ё юўхЁхф№■ ярЎшхэЄют"""
        # ╤ючфрхь тЁрўр-яюы№чютрЄхы 
        doctor_user = db_session.query(User).filter(User.username == "e2e_doctor").first()
        if not doctor_user:
>           doctor_user = User(
                username="e2e_doctor",
                email="e2e_doctor@test.com",
                hashed_password=get_password_hash("doctor123"),
                role="Doctor",
                is_active=True,
                first_name="╥хёЄ",
                last_name="─юъЄюЁют",
            )

tests\integration\test_e2e_doctor_visit.py:40: 
_ _ _ _ _ _ _ _ _ _ _ _ _ _ _ _ _ _ _ _ _ _ _ _ _ _ _ _ _ _ _ _ _ _ _ _ _ _ _ _
<string>:4: in __init__
    ???
C:\Program Files\Python311\Lib\site-packages\sqlalchemy\orm\state.py:571: in _initialize_instance
    with util.safe_reraise():
C:\Program Files\Python311\Lib\site-packages\sqlalchemy\util\langhelpers.py:224: in __exit__
    raise exc_value.with_traceback(exc_tb)
C:\Program Files\Python311\Lib\site-packages\sqlalchemy\orm\state.py:569: in _initialize_instance
    manager.original_init(*mixed[1:], **kwargs)
_ _ _ _ _ _ _ _ _ _ _ _ _ _ _ _ _ _ _ _ _ _ _ _ _ _ _ _ _ _ _ _ _ _ _ _ _ _ _ _

self = <app.models.user.User object at 0x000001EC12307F90>
kwargs = {'email': 'e2e_doctor@test.com', 'first_name': '╥хёЄ', 'hashed_password': '$argon2id$v=19$m=65536,t=3,p=4$SGntfc+Z815r7V1LCYHwvg$zsNYGthnADxts2lpKvmZG8w8X6UmLTYIMSZcQd4/a48', 'is_active': True, ...}
cls_ = <class 'app.models.user.User'>, k = 'first_name'

    def _declarative_constructor(self: Any, **kwargs: Any) -> None:
        """A simple constructor that allows initialization from kwargs.
    
        Sets attributes on the constructed instance using the names and
        values in ``kwargs``.
    
        Only keys that are present as
        attributes of the instance's class are allowed. These could be,
        for example, any mapped columns or relationships.
        """
        cls_ = type(self)
        for k in kwargs:
            if not hasattr(cls_, k):
>               raise TypeError(
                    "%r is an invalid keyword argument for %s" % (k, cls_.__name__)
                )
E               TypeError: 'first_name' is an invalid keyword argument for User

C:\Program Files\Python311\Lib\site-packages\sqlalchemy\orm\decl_base.py:2179: TypeError
______ ERROR at setup of TestDoctorVisitFlow.test_doctor_can_start_visit ______

db_session = <sqlalchemy.orm.session.Session object at 0x000001EC12078290>

    @pytest.fixture
    def doctor_with_queue(db_session):
        """╤ючфрхЄ тЁрўр ё юўхЁхф№■ ярЎшхэЄют"""
        # ╤ючфрхь тЁрўр-яюы№чютрЄхы 
        doctor_user = db_session.query(User).filter(User.username == "e2e_doctor").first()
        if not doctor_user:
>           doctor_user = User(
                username="e2e_doctor",
                email="e2e_doctor@test.com",
                hashed_password=get_password_hash("doctor123"),
                role="Doctor",
                is_active=True,
                first_name="╥хёЄ",
                last_name="─юъЄюЁют",
            )

tests\integration\test_e2e_doctor_visit.py:40: 
_ _ _ _ _ _ _ _ _ _ _ _ _ _ _ _ _ _ _ _ _ _ _ _ _ _ _ _ _ _ _ _ _ _ _ _ _ _ _ _
<string>:4: in __init__
    ???
C:\Program Files\Python311\Lib\site-packages\sqlalchemy\orm\state.py:571: in _initialize_instance
    with util.safe_reraise():
C:\Program Files\Python311\Lib\site-packages\sqlalchemy\util\langhelpers.py:224: in __exit__
    raise exc_value.with_traceback(exc_tb)
C:\Program Files\Python311\Lib\site-packages\sqlalchemy\orm\state.py:569: in _initialize_instance
    manager.original_init(*mixed[1:], **kwargs)
_ _ _ _ _ _ _ _ _ _ _ _ _ _ _ _ _ _ _ _ _ _ _ _ _ _ _ _ _ _ _ _ _ _ _ _ _ _ _ _

self = <app.models.user.User object at 0x000001EC107E12D0>
kwargs = {'email': 'e2e_doctor@test.com', 'first_name': '╥хёЄ', 'hashed_password': '$argon2id$v=19$m=65536,t=3,p=4$8f5/zxljzBnD2HtPidGaEw$u3QRwXNsE1RekHos5a5KKipcHWGmTYcni3GCEgA704g', 'is_active': True, ...}
cls_ = <class 'app.models.user.User'>, k = 'first_name'

    def _declarative_constructor(self: Any, **kwargs: Any) -> None:
        """A simple constructor that allows initialization from kwargs.
    
        Sets attributes on the constructed instance using the names and
        values in ``kwargs``.
    
        Only keys that are present as
        attributes of the instance's class are allowed. These could be,
        for example, any mapped columns or relationships.
        """
        cls_ = type(self)
        for k in kwargs:
            if not hasattr(cls_, k):
>               raise TypeError(
                    "%r is an invalid keyword argument for %s" % (k, cls_.__name__)
                )
E               TypeError: 'first_name' is an invalid keyword argument for User

C:\Program Files\Python311\Lib\site-packages\sqlalchemy\orm\decl_base.py:2179: TypeError
_______ ERROR at setup of TestDoctorVisitFlow.test_doctor_can_fill_emr ________

db_session = <sqlalchemy.orm.session.Session object at 0x000001EC1081C710>

    @pytest.fixture
    def doctor_with_queue(db_session):
        """╤ючфрхЄ тЁрўр ё юўхЁхф№■ ярЎшхэЄют"""
        # ╤ючфрхь тЁрўр-яюы№чютрЄхы 
        doctor_user = db_session.query(User).filter(User.username == "e2e_doctor").first()
        if not doctor_user:
>           doctor_user = User(
                username="e2e_doctor",
                email="e2e_doctor@test.com",
                hashed_password=get_password_hash("doctor123"),
                role="Doctor",
                is_active=True,
                first_name="╥хёЄ",
                last_name="─юъЄюЁют",
            )

tests\integration\test_e2e_doctor_visit.py:40: 
_ _ _ _ _ _ _ _ _ _ _ _ _ _ _ _ _ _ _ _ _ _ _ _ _ _ _ _ _ _ _ _ _ _ _ _ _ _ _ _
<string>:4: in __init__
    ???
C:\Program Files\Python311\Lib\site-packages\sqlalchemy\orm\state.py:571: in _initialize_instance
    with util.safe_reraise():
C:\Program Files\Python311\Lib\site-packages\sqlalchemy\util\langhelpers.py:224: in __exit__
    raise exc_value.with_traceback(exc_tb)
C:\Program Files\Python311\Lib\site-packages\sqlalchemy\orm\state.py:569: in _initialize_instance
    manager.original_init(*mixed[1:], **kwargs)
_ _ _ _ _ _ _ _ _ _ _ _ _ _ _ _ _ _ _ _ _ _ _ _ _ _ _ _ _ _ _ _ _ _ _ _ _ _ _ _

self = <app.models.user.User object at 0x000001EC12233310>
kwargs = {'email': 'e2e_doctor@test.com', 'first_name': '╥хёЄ', 'hashed_password': '$argon2id$v=19$m=65536,t=3,p=4$TSnlPAfAeO89x7j3PgcAYA$dO0Mh6KkcmFO7Gwbd8+TtK+BS/JtTvi792sxZn1j9uc', 'is_active': True, ...}
cls_ = <class 'app.models.user.User'>, k = 'first_name'

    def _declarative_constructor(self: Any, **kwargs: Any) -> None:
        """A simple constructor that allows initialization from kwargs.
    
        Sets attributes on the constructed instance using the names and
        values in ``kwargs``.
    
        Only keys that are present as
        attributes of the instance's class are allowed. These could be,
        for example, any mapped columns or relationships.
        """
        cls_ = type(self)
        for k in kwargs:
            if not hasattr(cls_, k):
>               raise TypeError(
                    "%r is an invalid keyword argument for %s" % (k, cls_.__name__)
                )
E               TypeError: 'first_name' is an invalid keyword argument for User

C:\Program Files\Python311\Lib\site-packages\sqlalchemy\orm\decl_base.py:2179: TypeError
___ ERROR at setup of TestDoctorVisitFlow.test_doctor_can_use_emr_template ____

db_session = <sqlalchemy.orm.session.Session object at 0x000001EC121CA790>

    @pytest.fixture
    def doctor_with_queue(db_session):
        """╤ючфрхЄ тЁрўр ё юўхЁхф№■ ярЎшхэЄют"""
        # ╤ючфрхь тЁрўр-яюы№чютрЄхы 
        doctor_user = db_session.query(User).filter(User.username == "e2e_doctor").first()
        if not doctor_user:
>           doctor_user = User(
                username="e2e_doctor",
                email="e2e_doctor@test.com",
                hashed_password=get_password_hash("doctor123"),
                role="Doctor",
                is_active=True,
                first_name="╥хёЄ",
                last_name="─юъЄюЁют",
            )

tests\integration\test_e2e_doctor_visit.py:40: 
_ _ _ _ _ _ _ _ _ _ _ _ _ _ _ _ _ _ _ _ _ _ _ _ _ _ _ _ _ _ _ _ _ _ _ _ _ _ _ _
<string>:4: in __init__
    ???
C:\Program Files\Python311\Lib\site-packages\sqlalchemy\orm\state.py:571: in _initialize_instance
    with util.safe_reraise():
C:\Program Files\Python311\Lib\site-packages\sqlalchemy\util\langhelpers.py:224: in __exit__
    raise exc_value.with_traceback(exc_tb)
C:\Program Files\Python311\Lib\site-packages\sqlalchemy\orm\state.py:569: in _initialize_instance
    manager.original_init(*mixed[1:], **kwargs)
_ _ _ _ _ _ _ _ _ _ _ _ _ _ _ _ _ _ _ _ _ _ _ _ _ _ _ _ _ _ _ _ _ _ _ _ _ _ _ _

self = <app.models.user.User object at 0x000001EC123D6010>
kwargs = {'email': 'e2e_doctor@test.com', 'first_name': '╥хёЄ', 'hashed_password': '$argon2id$v=19$m=65536,t=3,p=4$qHWOUaqVkhIixNhbS+kdAw$1MNai5fGbQsUrhm8fXljT6n2GebSl9pqiIS+BrczAIU', 'is_active': True, ...}
cls_ = <class 'app.models.user.User'>, k = 'first_name'

    def _declarative_constructor(self: Any, **kwargs: Any) -> None:
        """A simple constructor that allows initialization from kwargs.
    
        Sets attributes on the constructed instance using the names and
        values in ``kwargs``.
    
        Only keys that are present as
        attributes of the instance's class are allowed. These could be,
        for example, any mapped columns or relationships.
        """
        cls_ = type(self)
        for k in kwargs:
            if not hasattr(cls_, k):
>               raise TypeError(
                    "%r is an invalid keyword argument for %s" % (k, cls_.__name__)
                )
E               TypeError: 'first_name' is an invalid keyword argument for User

C:\Program Files\Python311\Lib\site-packages\sqlalchemy\orm\decl_base.py:2179: TypeError
_ ERROR at setup of TestDoctorVisitFlow.test_doctor_can_add_diagnosis_with_ai_suggestion _

db_session = <sqlalchemy.orm.session.Session object at 0x000001EC121F87D0>

    @pytest.fixture
    def doctor_with_queue(db_session):
        """╤ючфрхЄ тЁрўр ё юўхЁхф№■ ярЎшхэЄют"""
        # ╤ючфрхь тЁрўр-яюы№чютрЄхы 
        doctor_user = db_session.query(User).filter(User.username == "e2e_doctor").first()
        if not doctor_user:
>           doctor_user = User(
                username="e2e_doctor",
                email="e2e_doctor@test.com",
                hashed_password=get_password_hash("doctor123"),
                role="Doctor",
                is_active=True,
                first_name="╥хёЄ",
                last_name="─юъЄюЁют",
            )

tests\integration\test_e2e_doctor_visit.py:40: 
_ _ _ _ _ _ _ _ _ _ _ _ _ _ _ _ _ _ _ _ _ _ _ _ _ _ _ _ _ _ _ _ _ _ _ _ _ _ _ _
<string>:4: in __init__
    ???
C:\Program Files\Python311\Lib\site-packages\sqlalchemy\orm\state.py:571: in _initialize_instance
    with util.safe_reraise():
C:\Program Files\Python311\Lib\site-packages\sqlalchemy\util\langhelpers.py:224: in __exit__
    raise exc_value.with_traceback(exc_tb)
C:\Program Files\Python311\Lib\site-packages\sqlalchemy\orm\state.py:569: in _initialize_instance
    manager.original_init(*mixed[1:], **kwargs)
_ _ _ _ _ _ _ _ _ _ _ _ _ _ _ _ _ _ _ _ _ _ _ _ _ _ _ _ _ _ _ _ _ _ _ _ _ _ _ _

self = <app.models.user.User object at 0x000001EC12087F10>
kwargs = {'email': 'e2e_doctor@test.com', 'first_name': '╥хёЄ', 'hashed_password': '$argon2id$v=19$m=65536,t=3,p=4$VsqZs3au1Zpz7l2rNQZgzA$9wh4vNJuO5RJqDgezFjHnyIHWIHrLCYkaH1n9ODafWM', 'is_active': True, ...}
cls_ = <class 'app.models.user.User'>, k = 'first_name'

    def _declarative_constructor(self: Any, **kwargs: Any) -> None:
        """A simple constructor that allows initialization from kwargs.
    
        Sets attributes on the constructed instance using the names and
        values in ``kwargs``.
    
        Only keys that are present as
        attributes of the instance's class are allowed. These could be,
        for example, any mapped columns or relationships.
        """
        cls_ = type(self)
        for k in kwargs:
            if not hasattr(cls_, k):
>               raise TypeError(
                    "%r is an invalid keyword argument for %s" % (k, cls_.__name__)
                )
E               TypeError: 'first_name' is an invalid keyword argument for User

C:\Program Files\Python311\Lib\site-packages\sqlalchemy\orm\decl_base.py:2179: TypeError
_ ERROR at setup of TestDoctorVisitFlow.test_doctor_can_generate_prescription_pdf _

db_session = <sqlalchemy.orm.session.Session object at 0x000001EC103FF990>

    @pytest.fixture
    def doctor_with_queue(db_session):
        """╤ючфрхЄ тЁрўр ё юўхЁхф№■ ярЎшхэЄют"""
        # ╤ючфрхь тЁрўр-яюы№чютрЄхы 
        doctor_user = db_session.query(User).filter(User.username == "e2e_doctor").first()
        if not doctor_user:
>           doctor_user = User(
                username="e2e_doctor",
                email="e2e_doctor@test.com",
                hashed_password=get_password_hash("doctor123"),
                role="Doctor",
                is_active=True,
                first_name="╥хёЄ",
                last_name="─юъЄюЁют",
            )

tests\integration\test_e2e_doctor_visit.py:40: 
_ _ _ _ _ _ _ _ _ _ _ _ _ _ _ _ _ _ _ _ _ _ _ _ _ _ _ _ _ _ _ _ _ _ _ _ _ _ _ _
<string>:4: in __init__
    ???
C:\Program Files\Python311\Lib\site-packages\sqlalchemy\orm\state.py:571: in _initialize_instance
    with util.safe_reraise():
C:\Program Files\Python311\Lib\site-packages\sqlalchemy\util\langhelpers.py:224: in __exit__
    raise exc_value.with_traceback(exc_tb)
C:\Program Files\Python311\Lib\site-packages\sqlalchemy\orm\state.py:569: in _initialize_instance
    manager.original_init(*mixed[1:], **kwargs)
_ _ _ _ _ _ _ _ _ _ _ _ _ _ _ _ _ _ _ _ _ _ _ _ _ _ _ _ _ _ _ _ _ _ _ _ _ _ _ _

self = <app.models.user.User object at 0x000001EC122A4FD0>
kwargs = {'email': 'e2e_doctor@test.com', 'first_name': '╥хёЄ', 'hashed_password': '$argon2id$v=19$m=65536,t=3,p=4$izHGWOt9D2EsJURoDcEYIw$CoK0IOKS9GOXIZqGta2ngxSy0rGI9y9ZGqfeB/+buhs', 'is_active': True, ...}
cls_ = <class 'app.models.user.User'>, k = 'first_name'

    def _declarative_constructor(self: Any, **kwargs: Any) -> None:
        """A simple constructor that allows initialization from kwargs.
    
        Sets attributes on the constructed instance using the names and
        values in ``kwargs``.
    
        Only keys that are present as
        attributes of the instance's class are allowed. These could be,
        for example, any mapped columns or relationships.
        """
        cls_ = type(self)
        for k in kwargs:
            if not hasattr(cls_, k):
>               raise TypeError(
                    "%r is an invalid keyword argument for %s" % (k, cls_.__name__)
                )
E               TypeError: 'first_name' is an invalid keyword argument for User

C:\Program Files\Python311\Lib\site-packages\sqlalchemy\orm\decl_base.py:2179: TypeError
____ ERROR at setup of TestDoctorVisitFlow.test_doctor_can_complete_visit _____

db_session = <sqlalchemy.orm.session.Session object at 0x000001EC121EA8D0>

    @pytest.fixture
    def doctor_with_queue(db_session):
        """╤ючфрхЄ тЁрўр ё юўхЁхф№■ ярЎшхэЄют"""
        # ╤ючфрхь тЁрўр-яюы№чютрЄхы 
        doctor_user = db_session.query(User).filter(User.username == "e2e_doctor").first()
        if not doctor_user:
>           doctor_user = User(
                username="e2e_doctor",
                email="e2e_doctor@test.com",
                hashed_password=get_password_hash("doctor123"),
                role="Doctor",
                is_active=True,
                first_name="╥хёЄ",
                last_name="─юъЄюЁют",
            )

tests\integration\test_e2e_doctor_visit.py:40: 
_ _ _ _ _ _ _ _ _ _ _ _ _ _ _ _ _ _ _ _ _ _ _ _ _ _ _ _ _ _ _ _ _ _ _ _ _ _ _ _
<string>:4: in __init__
    ???
C:\Program Files\Python311\Lib\site-packages\sqlalchemy\orm\state.py:571: in _initialize_instance
    with util.safe_reraise():
C:\Program Files\Python311\Lib\site-packages\sqlalchemy\util\langhelpers.py:224: in __exit__
    raise exc_value.with_traceback(exc_tb)
C:\Program Files\Python311\Lib\site-packages\sqlalchemy\orm\state.py:569: in _initialize_instance
    manager.original_init(*mixed[1:], **kwargs)
_ _ _ _ _ _ _ _ _ _ _ _ _ _ _ _ _ _ _ _ _ _ _ _ _ _ _ _ _ _ _ _ _ _ _ _ _ _ _ _

self = <app.models.user.User object at 0x000001EC107E19D0>
kwargs = {'email': 'e2e_doctor@test.com', 'first_name': '╥хёЄ', 'hashed_password': '$argon2id$v=19$m=65536,t=3,p=4$3Jtzztl7b43R2ntvTYnxXg$VUZlQI+gtO5ssSFJ4SHxsNRDIRqrTT1MbIo0MGWsj7E', 'is_active': True, ...}
cls_ = <class 'app.models.user.User'>, k = 'first_name'

    def _declarative_constructor(self: Any, **kwargs: Any) -> None:
        """A simple constructor that allows initialization from kwargs.
    
        Sets attributes on the constructed instance using the names and
        values in ``kwargs``.
    
        Only keys that are present as
        attributes of the instance's class are allowed. These could be,
        for example, any mapped columns or relationships.
        """
        cls_ = type(self)
        for k in kwargs:
            if not hasattr(cls_, k):
>               raise TypeError(
                    "%r is an invalid keyword argument for %s" % (k, cls_.__name__)
                )
E               TypeError: 'first_name' is an invalid keyword argument for User

C:\Program Files\Python311\Lib\site-packages\sqlalchemy\orm\decl_base.py:2179: TypeError
__ ERROR at setup of TestDoctorQueueManagement.test_doctor_can_skip_patient ___

db_session = <sqlalchemy.orm.session.Session object at 0x000001EC109FAF90>

    @pytest.fixture
    def doctor_with_queue(db_session):
        """╤ючфрхЄ тЁрўр ё юўхЁхф№■ ярЎшхэЄют"""
        # ╤ючфрхь тЁрўр-яюы№чютрЄхы 
        doctor_user = db_session.query(User).filter(User.username == "e2e_doctor").first()
        if not doctor_user:
>           doctor_user = User(
                username="e2e_doctor",
                email="e2e_doctor@test.com",
                hashed_password=get_password_hash("doctor123"),
                role="Doctor",
                is_active=True,
                first_name="╥хёЄ",
                last_name="─юъЄюЁют",
            )

tests\integration\test_e2e_doctor_visit.py:40: 
_ _ _ _ _ _ _ _ _ _ _ _ _ _ _ _ _ _ _ _ _ _ _ _ _ _ _ _ _ _ _ _ _ _ _ _ _ _ _ _
<string>:4: in __init__
    ???
C:\Program Files\Python311\Lib\site-packages\sqlalchemy\orm\state.py:571: in _initialize_instance
    with util.safe_reraise():
C:\Program Files\Python311\Lib\site-packages\sqlalchemy\util\langhelpers.py:224: in __exit__
    raise exc_value.with_traceback(exc_tb)
C:\Program Files\Python311\Lib\site-packages\sqlalchemy\orm\state.py:569: in _initialize_instance
    manager.original_init(*mixed[1:], **kwargs)
_ _ _ _ _ _ _ _ _ _ _ _ _ _ _ _ _ _ _ _ _ _ _ _ _ _ _ _ _ _ _ _ _ _ _ _ _ _ _ _

self = <app.models.user.User object at 0x000001EC1080DC50>
kwargs = {'email': 'e2e_doctor@test.com', 'first_name': '╥хёЄ', 'hashed_password': '$argon2id$v=19$m=65536,t=3,p=4$FMI4R8j5nxOidG7N2Ztz7g$5ks48ElpDIaRsLckDwi8FLkTvZ5IH4HNaSHmZ9D5PAo', 'is_active': True, ...}
cls_ = <class 'app.models.user.User'>, k = 'first_name'

    def _declarative_constructor(self: Any, **kwargs: Any) -> None:
        """A simple constructor that allows initialization from kwargs.
    
        Sets attributes on the constructed instance using the names and
        values in ``kwargs``.
    
        Only keys that are present as
        attributes of the instance's class are allowed. These could be,
        for example, any mapped columns or relationships.
        """
        cls_ = type(self)
        for k in kwargs:
            if not hasattr(cls_, k):
>               raise TypeError(
                    "%r is an invalid keyword argument for %s" % (k, cls_.__name__)
                )
E               TypeError: 'first_name' is an invalid keyword argument for User

C:\Program Files\Python311\Lib\site-packages\sqlalchemy\orm\decl_base.py:2179: TypeError
_ ERROR at setup of TestDoctorQueueManagement.test_doctor_can_get_patient_history _

db_session = <sqlalchemy.orm.session.Session object at 0x000001EC12136C10>

    @pytest.fixture
    def doctor_with_queue(db_session):
        """╤ючфрхЄ тЁрўр ё юўхЁхф№■ ярЎшхэЄют"""
        # ╤ючфрхь тЁрўр-яюы№чютрЄхы 
        doctor_user = db_session.query(User).filter(User.username == "e2e_doctor").first()
        if not doctor_user:
>           doctor_user = User(
                username="e2e_doctor",
                email="e2e_doctor@test.com",
                hashed_password=get_password_hash("doctor123"),
                role="Doctor",
                is_active=True,
                first_name="╥хёЄ",
                last_name="─юъЄюЁют",
            )

tests\integration\test_e2e_doctor_visit.py:40: 
_ _ _ _ _ _ _ _ _ _ _ _ _ _ _ _ _ _ _ _ _ _ _ _ _ _ _ _ _ _ _ _ _ _ _ _ _ _ _ _
<string>:4: in __init__
    ???
C:\Program Files\Python311\Lib\site-packages\sqlalchemy\orm\state.py:571: in _initialize_instance
    with util.safe_reraise():
C:\Program Files\Python311\Lib\site-packages\sqlalchemy\util\langhelpers.py:224: in __exit__
    raise exc_value.with_traceback(exc_tb)
C:\Program Files\Python311\Lib\site-packages\sqlalchemy\orm\state.py:569: in _initialize_instance
    manager.original_init(*mixed[1:], **kwargs)
_ _ _ _ _ _ _ _ _ _ _ _ _ _ _ _ _ _ _ _ _ _ _ _ _ _ _ _ _ _ _ _ _ _ _ _ _ _ _ _

self = <app.models.user.User object at 0x000001EC122A4450>
kwargs = {'email': 'e2e_doctor@test.com', 'first_name': '╥хёЄ', 'hashed_password': '$argon2id$v=19$m=65536,t=3,p=4$R2gNQcgZQ4iRcm5NSam1Ng$AuidbCrs2JLgm+juw8uN7fwxsULFx5wkHjzblHBc6xU', 'is_active': True, ...}
cls_ = <class 'app.models.user.User'>, k = 'first_name'

    def _declarative_constructor(self: Any, **kwargs: Any) -> None:
        """A simple constructor that allows initialization from kwargs.
    
        Sets attributes on the constructed instance using the names and
        values in ``kwargs``.
    
        Only keys that are present as
        attributes of the instance's class are allowed. These could be,
        for example, any mapped columns or relationships.
        """
        cls_ = type(self)
        for k in kwargs:
            if not hasattr(cls_, k):
>               raise TypeError(
                    "%r is an invalid keyword argument for %s" % (k, cls_.__name__)
                )
E               TypeError: 'first_name' is an invalid keyword argument for User

C:\Program Files\Python311\Lib\site-packages\sqlalchemy\orm\decl_base.py:2179: TypeError
_ ERROR at setup of TestDoctorSecurity.test_doctor_cannot_access_admin_routes _

db_session = <sqlalchemy.orm.session.Session object at 0x000001EC122A4D50>

    @pytest.fixture
    def doctor_with_queue(db_session):
        """╤ючфрхЄ тЁрўр ё юўхЁхф№■ ярЎшхэЄют"""
        # ╤ючфрхь тЁрўр-яюы№чютрЄхы 
        doctor_user = db_session.query(User).filter(User.username == "e2e_doctor").first()
        if not doctor_user:
>           doctor_user = User(
                username="e2e_doctor",
                email="e2e_doctor@test.com",
                hashed_password=get_password_hash("doctor123"),
                role="Doctor",
                is_active=True,
                first_name="╥хёЄ",
                last_name="─юъЄюЁют",
            )

tests\integration\test_e2e_doctor_visit.py:40: 
_ _ _ _ _ _ _ _ _ _ _ _ _ _ _ _ _ _ _ _ _ _ _ _ _ _ _ _ _ _ _ _ _ _ _ _ _ _ _ _
<string>:4: in __init__
    ???
C:\Program Files\Python311\Lib\site-packages\sqlalchemy\orm\state.py:571: in _initialize_instance
    with util.safe_reraise():
C:\Program Files\Python311\Lib\site-packages\sqlalchemy\util\langhelpers.py:224: in __exit__
    raise exc_value.with_traceback(exc_tb)
C:\Program Files\Python311\Lib\site-packages\sqlalchemy\orm\state.py:569: in _initialize_instance
    manager.original_init(*mixed[1:], **kwargs)
_ _ _ _ _ _ _ _ _ _ _ _ _ _ _ _ _ _ _ _ _ _ _ _ _ _ _ _ _ _ _ _ _ _ _ _ _ _ _ _

self = <app.models.user.User object at 0x000001EC121CA690>
kwargs = {'email': 'e2e_doctor@test.com', 'first_name': '╥хёЄ', 'hashed_password': '$argon2id$v=19$m=65536,t=3,p=4$0RqDEIJQytm7V+odg5Ay5g$7ohSqIWFz2JU98tN6SKbBS7UTJhTxcmoORUlGxyBZ7c', 'is_active': True, ...}
cls_ = <class 'app.models.user.User'>, k = 'first_name'

    def _declarative_constructor(self: Any, **kwargs: Any) -> None:
        """A simple constructor that allows initialization from kwargs.
    
        Sets attributes on the constructed instance using the names and
        values in ``kwargs``.
    
        Only keys that are present as
        attributes of the instance's class are allowed. These could be,
        for example, any mapped columns or relationships.
        """
        cls_ = type(self)
        for k in kwargs:
            if not hasattr(cls_, k):
>               raise TypeError(
                    "%r is an invalid keyword argument for %s" % (k, cls_.__name__)
                )
E               TypeError: 'first_name' is an invalid keyword argument for User

C:\Program Files\Python311\Lib\site-packages\sqlalchemy\orm\decl_base.py:2179: TypeError
_ ERROR at setup of TestDoctorSecurity.test_doctor_cannot_view_other_doctor_queue _

db_session = <sqlalchemy.orm.session.Session object at 0x000001EC12050950>

    @pytest.fixture
    def doctor_with_queue(db_session):
        """╤ючфрхЄ тЁрўр ё юўхЁхф№■ ярЎшхэЄют"""
        # ╤ючфрхь тЁрўр-яюы№чютрЄхы 
        doctor_user = db_session.query(User).filter(User.username == "e2e_doctor").first()
        if not doctor_user:
>           doctor_user = User(
                username="e2e_doctor",
                email="e2e_doctor@test.com",
                hashed_password=get_password_hash("doctor123"),
                role="Doctor",
                is_active=True,
                first_name="╥хёЄ",
                last_name="─юъЄюЁют",
            )

tests\integration\test_e2e_doctor_visit.py:40: 
_ _ _ _ _ _ _ _ _ _ _ _ _ _ _ _ _ _ _ _ _ _ _ _ _ _ _ _ _ _ _ _ _ _ _ _ _ _ _ _
<string>:4: in __init__
    ???
C:\Program Files\Python311\Lib\site-packages\sqlalchemy\orm\state.py:571: in _initialize_instance
    with util.safe_reraise():
C:\Program Files\Python311\Lib\site-packages\sqlalchemy\util\langhelpers.py:224: in __exit__
    raise exc_value.with_traceback(exc_tb)
C:\Program Files\Python311\Lib\site-packages\sqlalchemy\orm\state.py:569: in _initialize_instance
    manager.original_init(*mixed[1:], **kwargs)
_ _ _ _ _ _ _ _ _ _ _ _ _ _ _ _ _ _ _ _ _ _ _ _ _ _ _ _ _ _ _ _ _ _ _ _ _ _ _ _

self = <app.models.user.User object at 0x000001EC10A0FA10>
kwargs = {'email': 'e2e_doctor@test.com', 'first_name': '╥хёЄ', 'hashed_password': '$argon2id$v=19$m=65536,t=3,p=4$0VqL8V5rba3VmpPSmlNqzQ$iz1tRnbcoZmRdQ6bGW0aNCJCVZpgvW8oD6Z+QH0TuOg', 'is_active': True, ...}
cls_ = <class 'app.models.user.User'>, k = 'first_name'

    def _declarative_constructor(self: Any, **kwargs: Any) -> None:
        """A simple constructor that allows initialization from kwargs.
    
        Sets attributes on the constructed instance using the names and
        values in ``kwargs``.
    
        Only keys that are present as
        attributes of the instance's class are allowed. These could be,
        for example, any mapped columns or relationships.
        """
        cls_ = type(self)
        for k in kwargs:
            if not hasattr(cls_, k):
>               raise TypeError(
                    "%r is an invalid keyword argument for %s" % (k, cls_.__name__)
                )
E               TypeError: 'first_name' is an invalid keyword argument for User

C:\Program Files\Python311\Lib\site-packages\sqlalchemy\orm\decl_base.py:2179: TypeError
_____ ERROR at setup of TestE2EMigrationFlow.test_complete_migration_flow _____

fixturedef = <FixtureDef argname='auth_headers' scope='function' baseid='tests'>
request = <SubRequest 'auth_headers' for <Function test_complete_migration_flow>>

    @pytest.hookimpl(wrapper=True)
    def pytest_fixture_setup(fixturedef: FixtureDef, request) -> object | None:
        asyncio_mode = _get_asyncio_mode(request.config)
        if not _is_asyncio_fixture_function(fixturedef.func):
            if asyncio_mode == Mode.STRICT:
                # Ignore async fixtures without explicit asyncio mark in strict mode
                # This applies to pytest_trio fixtures, for example
>               return (yield)
                        ^^^^^

C:\Program Files\Python311\Lib\site-packages\pytest_asyncio\plugin.py:681: 
_ _ _ _ _ _ _ _ _ _ _ _ _ _ _ _ _ _ _ _ _ _ _ _ _ _ _ _ _ _ _ _ _ _ _ _ _ _ _ _

client = <starlette.testclient.TestClient object at 0x000001EC12297210>
admin_user = <app.models.user.User object at 0x000001EC10B57F90>

    @pytest.fixture(scope="function")
    def auth_headers(client, admin_user):
        """╤ючфрхЄ чруюыютъш ртЄюЁшчрЎшш фы  рфьшэшёЄЁрЄюЁр"""
        response = client.post(
            "/api/v1/authentication/login",
            json={"username": admin_user.username, "password": "admin123"},
        )
>       assert response.status_code == 200
E       assert 401 == 200
E        +  where 401 = <Response [401 Unauthorized]>.status_code

tests\conftest.py:367: AssertionError
---------------------------- Captured stdout setup ----------------------------
DEBUG: Login endpoint called with username=test_admin
DEBUG: IP=testclient, UserAgent=testclient
DEBUG: Service obtained: <app.services.authentication_service.AuthenticationService object at 0x000001EC680B1C50>
DEBUG: login_user result: {'success': False, 'message': '─ы  Ёюыш Admin ЄЁхсєхЄё  эрёЄЁющър фтєїЇръЄюЁэющ рєЄхэЄшЇшърЎшш (2FA). ╧юцрыєщёЄр, эрёЄЁющЄх 2FA яхЁхф тїюфюь.', 'user': None, 'tokens': None, 'requires_2fa': False, 'requires_2fa_setup': True, 'two_factor_method': None}
DEBUG: Authentication failed, raising HTTPException
DEBUG: Result details: {'success': False, 'message': '─ы  Ёюыш Admin ЄЁхсєхЄё  эрёЄЁющър фтєїЇръЄюЁэющ рєЄхэЄшЇшърЎшш (2FA). ╧юцрыєщёЄр, эрёЄЁющЄх 2FA яхЁхф тїюфюь.', 'user': None, 'tokens': None, 'requires_2fa': False, 'requires_2fa_setup': True, 'two_factor_method': None}
_ ERROR at setup of TestE2EMigrationFlow.test_migration_with_old_data_cleanup _

fixturedef = <FixtureDef argname='auth_headers' scope='function' baseid='tests'>
request = <SubRequest 'auth_headers' for <Function test_migration_with_old_data_cleanup>>

    @pytest.hookimpl(wrapper=True)
    def pytest_fixture_setup(fixturedef: FixtureDef, request) -> object | None:
        asyncio_mode = _get_asyncio_mode(request.config)
        if not _is_asyncio_fixture_function(fixturedef.func):
            if asyncio_mode == Mode.STRICT:
                # Ignore async fixtures without explicit asyncio mark in strict mode
                # This applies to pytest_trio fixtures, for example
>               return (yield)
                        ^^^^^

C:\Program Files\Python311\Lib\site-packages\pytest_asyncio\plugin.py:681: 
_ _ _ _ _ _ _ _ _ _ _ _ _ _ _ _ _ _ _ _ _ _ _ _ _ _ _ _ _ _ _ _ _ _ _ _ _ _ _ _

client = <starlette.testclient.TestClient object at 0x000001EC12233790>
admin_user = <app.models.user.User object at 0x000001EC120506D0>

    @pytest.fixture(scope="function")
    def auth_headers(client, admin_user):
        """╤ючфрхЄ чруюыютъш ртЄюЁшчрЎшш фы  рфьшэшёЄЁрЄюЁр"""
        response = client.post(
            "/api/v1/authentication/login",
            json={"username": admin_user.username, "password": "admin123"},
        )
>       assert response.status_code == 200
E       assert 401 == 200
E        +  where 401 = <Response [401 Unauthorized]>.status_code

tests\conftest.py:367: AssertionError
---------------------------- Captured stdout setup ----------------------------
DEBUG: Login endpoint called with username=test_admin
DEBUG: IP=testclient, UserAgent=testclient
DEBUG: Service obtained: <app.services.authentication_service.AuthenticationService object at 0x000001EC680B1C50>
DEBUG: login_user result: {'success': False, 'message': '─ы  Ёюыш Admin ЄЁхсєхЄё  эрёЄЁющър фтєїЇръЄюЁэющ рєЄхэЄшЇшърЎшш (2FA). ╧юцрыєщёЄр, эрёЄЁющЄх 2FA яхЁхф тїюфюь.', 'user': None, 'tokens': None, 'requires_2fa': False, 'requires_2fa_setup': True, 'two_factor_method': None}
DEBUG: Authentication failed, raising HTTPException
DEBUG: Result details: {'success': False, 'message': '─ы  Ёюыш Admin ЄЁхсєхЄё  эрёЄЁющър фтєїЇръЄюЁэющ рєЄхэЄшЇшърЎшш (2FA). ╧юцрыєщёЄр, эрёЄЁющЄх 2FA яхЁхф тїюфюь.', 'user': None, 'tokens': None, 'requires_2fa': False, 'requires_2fa_setup': True, 'two_factor_method': None}
_ ERROR at setup of TestE2EMigrationFlow.test_error_recovery_in_migration_flow _

fixturedef = <FixtureDef argname='auth_headers' scope='function' baseid='tests'>
request = <SubRequest 'auth_headers' for <Function test_error_recovery_in_migration_flow>>

    @pytest.hookimpl(wrapper=True)
    def pytest_fixture_setup(fixturedef: FixtureDef, request) -> object | None:
        asyncio_mode = _get_asyncio_mode(request.config)
        if not _is_asyncio_fixture_function(fixturedef.func):
            if asyncio_mode == Mode.STRICT:
                # Ignore async fixtures without explicit asyncio mark in strict mode
                # This applies to pytest_trio fixtures, for example
>               return (yield)
                        ^^^^^

C:\Program Files\Python311\Lib\site-packages\pytest_asyncio\plugin.py:681: 
_ _ _ _ _ _ _ _ _ _ _ _ _ _ _ _ _ _ _ _ _ _ _ _ _ _ _ _ _ _ _ _ _ _ _ _ _ _ _ _

client = <starlette.testclient.TestClient object at 0x000001EC12207ED0>
admin_user = <app.models.user.User object at 0x000001EC1240EF50>

    @pytest.fixture(scope="function")
    def auth_headers(client, admin_user):
        """╤ючфрхЄ чруюыютъш ртЄюЁшчрЎшш фы  рфьшэшёЄЁрЄюЁр"""
        response = client.post(
            "/api/v1/authentication/login",
            json={"username": admin_user.username, "password": "admin123"},
        )
>       assert response.status_code == 200
E       assert 401 == 200
E        +  where 401 = <Response [401 Unauthorized]>.status_code

tests\conftest.py:367: AssertionError
---------------------------- Captured stdout setup ----------------------------
DEBUG: Login endpoint called with username=test_admin
DEBUG: IP=testclient, UserAgent=testclient
DEBUG: Service obtained: <app.services.authentication_service.AuthenticationService object at 0x000001EC680B1C50>
DEBUG: login_user result: {'success': False, 'message': '─ы  Ёюыш Admin ЄЁхсєхЄё  эрёЄЁющър фтєїЇръЄюЁэющ рєЄхэЄшЇшърЎшш (2FA). ╧юцрыєщёЄр, эрёЄЁющЄх 2FA яхЁхф тїюфюь.', 'user': None, 'tokens': None, 'requires_2fa': False, 'requires_2fa_setup': True, 'two_factor_method': None}
DEBUG: Authentication failed, raising HTTPException
DEBUG: Result details: {'success': False, 'message': '─ы  Ёюыш Admin ЄЁхсєхЄё  эрёЄЁющър фтєїЇръЄюЁэющ рєЄхэЄшЇшърЎшш (2FA). ╧юцрыєщёЄр, эрёЄЁющЄх 2FA яхЁхф тїюфюь.', 'user': None, 'tokens': None, 'requires_2fa': False, 'requires_2fa_setup': True, 'two_factor_method': None}
_ ERROR at setup of TestE2EMigrationFlow.test_concurrent_migration_operations _

fixturedef = <FixtureDef argname='auth_headers' scope='function' baseid='tests'>
request = <SubRequest 'auth_headers' for <Function test_concurrent_migration_operations>>

    @pytest.hookimpl(wrapper=True)
    def pytest_fixture_setup(fixturedef: FixtureDef, request) -> object | None:
        asyncio_mode = _get_asyncio_mode(request.config)
        if not _is_asyncio_fixture_function(fixturedef.func):
            if asyncio_mode == Mode.STRICT:
                # Ignore async fixtures without explicit asyncio mark in strict mode
                # This applies to pytest_trio fixtures, for example
>               return (yield)
                        ^^^^^

C:\Program Files\Python311\Lib\site-packages\pytest_asyncio\plugin.py:681: 
_ _ _ _ _ _ _ _ _ _ _ _ _ _ _ _ _ _ _ _ _ _ _ _ _ _ _ _ _ _ _ _ _ _ _ _ _ _ _ _

client = <starlette.testclient.TestClient object at 0x000001EC12522C10>
admin_user = <app.models.user.User object at 0x000001EC123484D0>

    @pytest.fixture(scope="function")
    def auth_headers(client, admin_user):
        """╤ючфрхЄ чруюыютъш ртЄюЁшчрЎшш фы  рфьшэшёЄЁрЄюЁр"""
        response = client.post(
            "/api/v1/authentication/login",
            json={"username": admin_user.username, "password": "admin123"},
        )
>       assert response.status_code == 200
E       assert 401 == 200
E        +  where 401 = <Response [401 Unauthorized]>.status_code

tests\conftest.py:367: AssertionError
---------------------------- Captured stdout setup ----------------------------
DEBUG: Login endpoint called with username=test_admin
DEBUG: IP=testclient, UserAgent=testclient
DEBUG: Service obtained: <app.services.authentication_service.AuthenticationService object at 0x000001EC680B1C50>
DEBUG: login_user result: {'success': False, 'message': '─ы  Ёюыш Admin ЄЁхсєхЄё  эрёЄЁющър фтєїЇръЄюЁэющ рєЄхэЄшЇшърЎшш (2FA). ╧юцрыєщёЄр, эрёЄЁющЄх 2FA яхЁхф тїюфюь.', 'user': None, 'tokens': None, 'requires_2fa': False, 'requires_2fa_setup': True, 'two_factor_method': None}
DEBUG: Authentication failed, raising HTTPException
DEBUG: Result details: {'success': False, 'message': '─ы  Ёюыш Admin ЄЁхсєхЄё  эрёЄЁющър фтєїЇръЄюЁэющ рєЄхэЄшЇшърЎшш (2FA). ╧юцрыєщёЄр, эрёЄЁющЄх 2FA яхЁхф тїюфюь.', 'user': None, 'tokens': None, 'requires_2fa': False, 'requires_2fa_setup': True, 'two_factor_method': None}
____ ERROR at setup of TestPatientFlow.test_patient_can_view_appointments _____

db_session = <sqlalchemy.orm.session.Session object at 0x000001EC126D5650>

    @pytest.fixture
    def patient_user_with_data(db_session):
        """╤ючфрхЄ ярЎшхэЄр ё чряшё ьш ш Ёхчєы№ЄрЄрьш"""
        # ╤ючфрхь яюы№чютрЄхы -ярЎшхэЄр (phone эх эєцхэ т User)
        user = db_session.query(User).filter(User.username == "e2e_patient").first()
        if not user:
            user = User(
                username="e2e_patient",
                email="e2e_patient@test.com",
                full_name="╥хёЄ ╧рЎшхэЄют",
                hashed_password=get_password_hash("patient123"),
                role="Patient",
                is_active=True,
            )
            db_session.add(user)
            db_session.commit()
            db_session.refresh(user)
    
        # ╤ючфрхь чряшё№ ярЎшхэЄр
        patient = db_session.query(Patient).filter(Patient.phone == "+998901112233").first()
        if not patient:
>           patient = Patient(
                first_name="╥хёЄ",
                last_name="╧рЎшхэЄют",
                middle_name="╥хёЄютшў",
                phone="+998901112233",
                email="e2e_patient@test.com",
                birth_date=date(1990, 5, 15),
            )

tests\integration\test_e2e_patient_flow.py:52: 
_ _ _ _ _ _ _ _ _ _ _ _ _ _ _ _ _ _ _ _ _ _ _ _ _ _ _ _ _ _ _ _ _ _ _ _ _ _ _ _
<string>:4: in __init__
    ???
C:\Program Files\Python311\Lib\site-packages\sqlalchemy\orm\state.py:571: in _initialize_instance
    with util.safe_reraise():
C:\Program Files\Python311\Lib\site-packages\sqlalchemy\util\langhelpers.py:224: in __exit__
    raise exc_value.with_traceback(exc_tb)
C:\Program Files\Python311\Lib\site-packages\sqlalchemy\orm\state.py:569: in _initialize_instance
    manager.original_init(*mixed[1:], **kwargs)
_ _ _ _ _ _ _ _ _ _ _ _ _ _ _ _ _ _ _ _ _ _ _ _ _ _ _ _ _ _ _ _ _ _ _ _ _ _ _ _

self = <app.models.patient.Patient object at 0x000001EC123D6AD0>
kwargs = {'birth_date': datetime.date(1990, 5, 15), 'email': 'e2e_patient@test.com', 'first_name': '╥хёЄ', 'last_name': '╧рЎшхэЄют', ...}
cls_ = <class 'app.models.patient.Patient'>, k = 'email'

    def _declarative_constructor(self: Any, **kwargs: Any) -> None:
        """A simple constructor that allows initialization from kwargs.
    
        Sets attributes on the constructed instance using the names and
        values in ``kwargs``.
    
        Only keys that are present as
        attributes of the instance's class are allowed. These could be,
        for example, any mapped columns or relationships.
        """
        cls_ = type(self)
        for k in kwargs:
            if not hasattr(cls_, k):
>               raise TypeError(
                    "%r is an invalid keyword argument for %s" % (k, cls_.__name__)
                )
E               TypeError: 'email' is an invalid keyword argument for Patient

C:\Program Files\Python311\Lib\site-packages\sqlalchemy\orm\decl_base.py:2179: TypeError
_ ERROR at setup of TestPatientFlow.test_patient_can_view_single_appointment __

db_session = <sqlalchemy.orm.session.Session object at 0x000001EC122E5690>

    @pytest.fixture
    def patient_user_with_data(db_session):
        """╤ючфрхЄ ярЎшхэЄр ё чряшё ьш ш Ёхчєы№ЄрЄрьш"""
        # ╤ючфрхь яюы№чютрЄхы -ярЎшхэЄр (phone эх эєцхэ т User)
        user = db_session.query(User).filter(User.username == "e2e_patient").first()
        if not user:
            user = User(
                username="e2e_patient",
                email="e2e_patient@test.com",
                full_name="╥хёЄ ╧рЎшхэЄют",
                hashed_password=get_password_hash("patient123"),
                role="Patient",
                is_active=True,
            )
            db_session.add(user)
            db_session.commit()
            db_session.refresh(user)
    
        # ╤ючфрхь чряшё№ ярЎшхэЄр
        patient = db_session.query(Patient).filter(Patient.phone == "+998901112233").first()
        if not patient:
>           patient = Patient(
                first_name="╥хёЄ",
                last_name="╧рЎшхэЄют",
                middle_name="╥хёЄютшў",
                phone="+998901112233",
                email="e2e_patient@test.com",
                birth_date=date(1990, 5, 15),
            )

tests\integration\test_e2e_patient_flow.py:52: 
_ _ _ _ _ _ _ _ _ _ _ _ _ _ _ _ _ _ _ _ _ _ _ _ _ _ _ _ _ _ _ _ _ _ _ _ _ _ _ _
<string>:4: in __init__
    ???
C:\Program Files\Python311\Lib\site-packages\sqlalchemy\orm\state.py:571: in _initialize_instance
    with util.safe_reraise():
C:\Program Files\Python311\Lib\site-packages\sqlalchemy\util\langhelpers.py:224: in __exit__
    raise exc_value.with_traceback(exc_tb)
C:\Program Files\Python311\Lib\site-packages\sqlalchemy\orm\state.py:569: in _initialize_instance
    manager.original_init(*mixed[1:], **kwargs)
_ _ _ _ _ _ _ _ _ _ _ _ _ _ _ _ _ _ _ _ _ _ _ _ _ _ _ _ _ _ _ _ _ _ _ _ _ _ _ _

self = <app.models.patient.Patient object at 0x000001EC12655AD0>
kwargs = {'birth_date': datetime.date(1990, 5, 15), 'email': 'e2e_patient@test.com', 'first_name': '╥хёЄ', 'last_name': '╧рЎшхэЄют', ...}
cls_ = <class 'app.models.patient.Patient'>, k = 'email'

    def _declarative_constructor(self: Any, **kwargs: Any) -> None:
        """A simple constructor that allows initialization from kwargs.
    
        Sets attributes on the constructed instance using the names and
        values in ``kwargs``.
    
        Only keys that are present as
        attributes of the instance's class are allowed. These could be,
        for example, any mapped columns or relationships.
        """
        cls_ = type(self)
        for k in kwargs:
            if not hasattr(cls_, k):
>               raise TypeError(
                    "%r is an invalid keyword argument for %s" % (k, cls_.__name__)
                )
E               TypeError: 'email' is an invalid keyword argument for Patient

C:\Program Files\Python311\Lib\site-packages\sqlalchemy\orm\decl_base.py:2179: TypeError
_ ERROR at setup of TestPatientFlow.test_patient_can_cancel_future_appointment _

db_session = <sqlalchemy.orm.session.Session object at 0x000001EC1201D750>

    @pytest.fixture
    def patient_user_with_data(db_session):
        """╤ючфрхЄ ярЎшхэЄр ё чряшё ьш ш Ёхчєы№ЄрЄрьш"""
        # ╤ючфрхь яюы№чютрЄхы -ярЎшхэЄр (phone эх эєцхэ т User)
        user = db_session.query(User).filter(User.username == "e2e_patient").first()
        if not user:
            user = User(
                username="e2e_patient",
                email="e2e_patient@test.com",
                full_name="╥хёЄ ╧рЎшхэЄют",
                hashed_password=get_password_hash("patient123"),
                role="Patient",
                is_active=True,
            )
            db_session.add(user)
            db_session.commit()
            db_session.refresh(user)
    
        # ╤ючфрхь чряшё№ ярЎшхэЄр
        patient = db_session.query(Patient).filter(Patient.phone == "+998901112233").first()
        if not patient:
>           patient = Patient(
                first_name="╥хёЄ",
                last_name="╧рЎшхэЄют",
                middle_name="╥хёЄютшў",
                phone="+998901112233",
                email="e2e_patient@test.com",
                birth_date=date(1990, 5, 15),
            )

tests\integration\test_e2e_patient_flow.py:52: 
_ _ _ _ _ _ _ _ _ _ _ _ _ _ _ _ _ _ _ _ _ _ _ _ _ _ _ _ _ _ _ _ _ _ _ _ _ _ _ _
<string>:4: in __init__
    ???
C:\Program Files\Python311\Lib\site-packages\sqlalchemy\orm\state.py:571: in _initialize_instance
    with util.safe_reraise():
C:\Program Files\Python311\Lib\site-packages\sqlalchemy\util\langhelpers.py:224: in __exit__
    raise exc_value.with_traceback(exc_tb)
C:\Program Files\Python311\Lib\site-packages\sqlalchemy\orm\state.py:569: in _initialize_instance
    manager.original_init(*mixed[1:], **kwargs)
_ _ _ _ _ _ _ _ _ _ _ _ _ _ _ _ _ _ _ _ _ _ _ _ _ _ _ _ _ _ _ _ _ _ _ _ _ _ _ _

self = <app.models.patient.Patient object at 0x000001EC1240F1D0>
kwargs = {'birth_date': datetime.date(1990, 5, 15), 'email': 'e2e_patient@test.com', 'first_name': '╥хёЄ', 'last_name': '╧рЎшхэЄют', ...}
cls_ = <class 'app.models.patient.Patient'>, k = 'email'

    def _declarative_constructor(self: Any, **kwargs: Any) -> None:
        """A simple constructor that allows initialization from kwargs.
    
        Sets attributes on the constructed instance using the names and
        values in ``kwargs``.
    
        Only keys that are present as
        attributes of the instance's class are allowed. These could be,
        for example, any mapped columns or relationships.
        """
        cls_ = type(self)
        for k in kwargs:
            if not hasattr(cls_, k):
>               raise TypeError(
                    "%r is an invalid keyword argument for %s" % (k, cls_.__name__)
                )
E               TypeError: 'email' is an invalid keyword argument for Patient

C:\Program Files\Python311\Lib\site-packages\sqlalchemy\orm\decl_base.py:2179: TypeError
_ ERROR at setup of TestPatientFlow.test_patient_cannot_cancel_soon_appointment _

db_session = <sqlalchemy.orm.session.Session object at 0x000001EC12520610>

    @pytest.fixture
    def patient_user_with_data(db_session):
        """╤ючфрхЄ ярЎшхэЄр ё чряшё ьш ш Ёхчєы№ЄрЄрьш"""
        # ╤ючфрхь яюы№чютрЄхы -ярЎшхэЄр (phone эх эєцхэ т User)
        user = db_session.query(User).filter(User.username == "e2e_patient").first()
        if not user:
            user = User(
                username="e2e_patient",
                email="e2e_patient@test.com",
                full_name="╥хёЄ ╧рЎшхэЄют",
                hashed_password=get_password_hash("patient123"),
                role="Patient",
                is_active=True,
            )
            db_session.add(user)
            db_session.commit()
            db_session.refresh(user)
    
        # ╤ючфрхь чряшё№ ярЎшхэЄр
        patient = db_session.query(Patient).filter(Patient.phone == "+998901112233").first()
        if not patient:
>           patient = Patient(
                first_name="╥хёЄ",
                last_name="╧рЎшхэЄют",
                middle_name="╥хёЄютшў",
                phone="+998901112233",
                email="e2e_patient@test.com",
                birth_date=date(1990, 5, 15),
            )

tests\integration\test_e2e_patient_flow.py:52: 
_ _ _ _ _ _ _ _ _ _ _ _ _ _ _ _ _ _ _ _ _ _ _ _ _ _ _ _ _ _ _ _ _ _ _ _ _ _ _ _
<string>:4: in __init__
    ???
C:\Program Files\Python311\Lib\site-packages\sqlalchemy\orm\state.py:571: in _initialize_instance
    with util.safe_reraise():
C:\Program Files\Python311\Lib\site-packages\sqlalchemy\util\langhelpers.py:224: in __exit__
    raise exc_value.with_traceback(exc_tb)
C:\Program Files\Python311\Lib\site-packages\sqlalchemy\orm\state.py:569: in _initialize_instance
    manager.original_init(*mixed[1:], **kwargs)
_ _ _ _ _ _ _ _ _ _ _ _ _ _ _ _ _ _ _ _ _ _ _ _ _ _ _ _ _ _ _ _ _ _ _ _ _ _ _ _

self = <app.models.patient.Patient object at 0x000001EC1081E350>
kwargs = {'birth_date': datetime.date(1990, 5, 15), 'email': 'e2e_patient@test.com', 'first_name': '╥хёЄ', 'last_name': '╧рЎшхэЄют', ...}
cls_ = <class 'app.models.patient.Patient'>, k = 'email'

    def _declarative_constructor(self: Any, **kwargs: Any) -> None:
        """A simple constructor that allows initialization from kwargs.
    
        Sets attributes on the constructed instance using the names and
        values in ``kwargs``.
    
        Only keys that are present as
        attributes of the instance's class are allowed. These could be,
        for example, any mapped columns or relationships.
        """
        cls_ = type(self)
        for k in kwargs:
            if not hasattr(cls_, k):
>               raise TypeError(
                    "%r is an invalid keyword argument for %s" % (k, cls_.__name__)
                )
E               TypeError: 'email' is an invalid keyword argument for Patient

C:\Program Files\Python311\Lib\site-packages\sqlalchemy\orm\decl_base.py:2179: TypeError
__ ERROR at setup of TestPatientFlow.test_patient_can_reschedule_appointment __

db_session = <sqlalchemy.orm.session.Session object at 0x000001EC12523550>

    @pytest.fixture
    def patient_user_with_data(db_session):
        """╤ючфрхЄ ярЎшхэЄр ё чряшё ьш ш Ёхчєы№ЄрЄрьш"""
        # ╤ючфрхь яюы№чютрЄхы -ярЎшхэЄр (phone эх эєцхэ т User)
        user = db_session.query(User).filter(User.username == "e2e_patient").first()
        if not user:
            user = User(
                username="e2e_patient",
                email="e2e_patient@test.com",
                full_name="╥хёЄ ╧рЎшхэЄют",
                hashed_password=get_password_hash("patient123"),
                role="Patient",
                is_active=True,
            )
            db_session.add(user)
            db_session.commit()
            db_session.refresh(user)
    
        # ╤ючфрхь чряшё№ ярЎшхэЄр
        patient = db_session.query(Patient).filter(Patient.phone == "+998901112233").first()
        if not patient:
>           patient = Patient(
                first_name="╥хёЄ",
                last_name="╧рЎшхэЄют",
                middle_name="╥хёЄютшў",
                phone="+998901112233",
                email="e2e_patient@test.com",
                birth_date=date(1990, 5, 15),
            )

tests\integration\test_e2e_patient_flow.py:52: 
_ _ _ _ _ _ _ _ _ _ _ _ _ _ _ _ _ _ _ _ _ _ _ _ _ _ _ _ _ _ _ _ _ _ _ _ _ _ _ _
<string>:4: in __init__
    ???
C:\Program Files\Python311\Lib\site-packages\sqlalchemy\orm\state.py:571: in _initialize_instance
    with util.safe_reraise():
C:\Program Files\Python311\Lib\site-packages\sqlalchemy\util\langhelpers.py:224: in __exit__
    raise exc_value.with_traceback(exc_tb)
C:\Program Files\Python311\Lib\site-packages\sqlalchemy\orm\state.py:569: in _initialize_instance
    manager.original_init(*mixed[1:], **kwargs)
_ _ _ _ _ _ _ _ _ _ _ _ _ _ _ _ _ _ _ _ _ _ _ _ _ _ _ _ _ _ _ _ _ _ _ _ _ _ _ _

self = <app.models.patient.Patient object at 0x000001EC12657ED0>
kwargs = {'birth_date': datetime.date(1990, 5, 15), 'email': 'e2e_patient@test.com', 'first_name': '╥хёЄ', 'last_name': '╧рЎшхэЄют', ...}
cls_ = <class 'app.models.patient.Patient'>, k = 'email'

    def _declarative_constructor(self: Any, **kwargs: Any) -> None:
        """A simple constructor that allows initialization from kwargs.
    
        Sets attributes on the constructed instance using the names and
        values in ``kwargs``.
    
        Only keys that are present as
        attributes of the instance's class are allowed. These could be,
        for example, any mapped columns or relationships.
        """
        cls_ = type(self)
        for k in kwargs:
            if not hasattr(cls_, k):
>               raise TypeError(
                    "%r is an invalid keyword argument for %s" % (k, cls_.__name__)
                )
E               TypeError: 'email' is an invalid keyword argument for Patient

C:\Program Files\Python311\Lib\site-packages\sqlalchemy\orm\decl_base.py:2179: TypeError
___ ERROR at setup of TestPatientFlow.test_patient_can_get_available_slots ____

db_session = <sqlalchemy.orm.session.Session object at 0x000001EC1240CA10>

    @pytest.fixture
    def patient_user_with_data(db_session):
        """╤ючфрхЄ ярЎшхэЄр ё чряшё ьш ш Ёхчєы№ЄрЄрьш"""
        # ╤ючфрхь яюы№чютрЄхы -ярЎшхэЄр (phone эх эєцхэ т User)
        user = db_session.query(User).filter(User.username == "e2e_patient").first()
        if not user:
            user = User(
                username="e2e_patient",
                email="e2e_patient@test.com",
                full_name="╥хёЄ ╧рЎшхэЄют",
                hashed_password=get_password_hash("patient123"),
                role="Patient",
                is_active=True,
            )
            db_session.add(user)
            db_session.commit()
            db_session.refresh(user)
    
        # ╤ючфрхь чряшё№ ярЎшхэЄр
        patient = db_session.query(Patient).filter(Patient.phone == "+998901112233").first()
        if not patient:
>           patient = Patient(
                first_name="╥хёЄ",
                last_name="╧рЎшхэЄют",
                middle_name="╥хёЄютшў",
                phone="+998901112233",
                email="e2e_patient@test.com",
                birth_date=date(1990, 5, 15),
            )

tests\integration\test_e2e_patient_flow.py:52: 
_ _ _ _ _ _ _ _ _ _ _ _ _ _ _ _ _ _ _ _ _ _ _ _ _ _ _ _ _ _ _ _ _ _ _ _ _ _ _ _
<string>:4: in __init__
    ???
C:\Program Files\Python311\Lib\site-packages\sqlalchemy\orm\state.py:571: in _initialize_instance
    with util.safe_reraise():
C:\Program Files\Python311\Lib\site-packages\sqlalchemy\util\langhelpers.py:224: in __exit__
    raise exc_value.with_traceback(exc_tb)
C:\Program Files\Python311\Lib\site-packages\sqlalchemy\orm\state.py:569: in _initialize_instance
    manager.original_init(*mixed[1:], **kwargs)
_ _ _ _ _ _ _ _ _ _ _ _ _ _ _ _ _ _ _ _ _ _ _ _ _ _ _ _ _ _ _ _ _ _ _ _ _ _ _ _

self = <app.models.patient.Patient object at 0x000001EC126D7D10>
kwargs = {'birth_date': datetime.date(1990, 5, 15), 'email': 'e2e_patient@test.com', 'first_name': '╥хёЄ', 'last_name': '╧рЎшхэЄют', ...}
cls_ = <class 'app.models.patient.Patient'>, k = 'email'

    def _declarative_constructor(self: Any, **kwargs: Any) -> None:
        """A simple constructor that allows initialization from kwargs.
    
        Sets attributes on the constructed instance using the names and
        values in ``kwargs``.
    
        Only keys that are present as
        attributes of the instance's class are allowed. These could be,
        for example, any mapped columns or relationships.
        """
        cls_ = type(self)
        for k in kwargs:
            if not hasattr(cls_, k):
>               raise TypeError(
                    "%r is an invalid keyword argument for %s" % (k, cls_.__name__)
                )
E               TypeError: 'email' is an invalid keyword argument for Patient

C:\Program Files\Python311\Lib\site-packages\sqlalchemy\orm\decl_base.py:2179: TypeError
_______ ERROR at setup of TestPatientFlow.test_patient_can_view_results _______

db_session = <sqlalchemy.orm.session.Session object at 0x000001EC1226E690>

    @pytest.fixture
    def patient_user_with_data(db_session):
        """╤ючфрхЄ ярЎшхэЄр ё чряшё ьш ш Ёхчєы№ЄрЄрьш"""
        # ╤ючфрхь яюы№чютрЄхы -ярЎшхэЄр (phone эх эєцхэ т User)
        user = db_session.query(User).filter(User.username == "e2e_patient").first()
        if not user:
            user = User(
                username="e2e_patient",
                email="e2e_patient@test.com",
                full_name="╥хёЄ ╧рЎшхэЄют",
                hashed_password=get_password_hash("patient123"),
                role="Patient",
                is_active=True,
            )
            db_session.add(user)
            db_session.commit()
            db_session.refresh(user)
    
        # ╤ючфрхь чряшё№ ярЎшхэЄр
        patient = db_session.query(Patient).filter(Patient.phone == "+998901112233").first()
        if not patient:
>           patient = Patient(
                first_name="╥хёЄ",
                last_name="╧рЎшхэЄют",
                middle_name="╥хёЄютшў",
                phone="+998901112233",
                email="e2e_patient@test.com",
                birth_date=date(1990, 5, 15),
            )

tests\integration\test_e2e_patient_flow.py:52: 
_ _ _ _ _ _ _ _ _ _ _ _ _ _ _ _ _ _ _ _ _ _ _ _ _ _ _ _ _ _ _ _ _ _ _ _ _ _ _ _
<string>:4: in __init__
    ???
C:\Program Files\Python311\Lib\site-packages\sqlalchemy\orm\state.py:571: in _initialize_instance
    with util.safe_reraise():
C:\Program Files\Python311\Lib\site-packages\sqlalchemy\util\langhelpers.py:224: in __exit__
    raise exc_value.with_traceback(exc_tb)
C:\Program Files\Python311\Lib\site-packages\sqlalchemy\orm\state.py:569: in _initialize_instance
    manager.original_init(*mixed[1:], **kwargs)
_ _ _ _ _ _ _ _ _ _ _ _ _ _ _ _ _ _ _ _ _ _ _ _ _ _ _ _ _ _ _ _ _ _ _ _ _ _ _ _

self = <app.models.patient.Patient object at 0x000001EC1240CCD0>
kwargs = {'birth_date': datetime.date(1990, 5, 15), 'email': 'e2e_patient@test.com', 'first_name': '╥хёЄ', 'last_name': '╧рЎшхэЄют', ...}
cls_ = <class 'app.models.patient.Patient'>, k = 'email'

    def _declarative_constructor(self: Any, **kwargs: Any) -> None:
        """A simple constructor that allows initialization from kwargs.
    
        Sets attributes on the constructed instance using the names and
        values in ``kwargs``.
    
        Only keys that are present as
        attributes of the instance's class are allowed. These could be,
        for example, any mapped columns or relationships.
        """
        cls_ = type(self)
        for k in kwargs:
            if not hasattr(cls_, k):
>               raise TypeError(
                    "%r is an invalid keyword argument for %s" % (k, cls_.__name__)
                )
E               TypeError: 'email' is an invalid keyword argument for Patient

C:\Program Files\Python311\Lib\site-packages\sqlalchemy\orm\decl_base.py:2179: TypeError
_ ERROR at setup of TestPatientFlow.test_patient_cannot_view_others_appointments _

db_session = <sqlalchemy.orm.session.Session object at 0x000001EC12657690>

    @pytest.fixture
    def patient_user_with_data(db_session):
        """╤ючфрхЄ ярЎшхэЄр ё чряшё ьш ш Ёхчєы№ЄрЄрьш"""
        # ╤ючфрхь яюы№чютрЄхы -ярЎшхэЄр (phone эх эєцхэ т User)
        user = db_session.query(User).filter(User.username == "e2e_patient").first()
        if not user:
            user = User(
                username="e2e_patient",
                email="e2e_patient@test.com",
                full_name="╥хёЄ ╧рЎшхэЄют",
                hashed_password=get_password_hash("patient123"),
                role="Patient",
                is_active=True,
            )
            db_session.add(user)
            db_session.commit()
            db_session.refresh(user)
    
        # ╤ючфрхь чряшё№ ярЎшхэЄр
        patient = db_session.query(Patient).filter(Patient.phone == "+998901112233").first()
        if not patient:
>           patient = Patient(
                first_name="╥хёЄ",
                last_name="╧рЎшхэЄют",
                middle_name="╥хёЄютшў",
                phone="+998901112233",
                email="e2e_patient@test.com",
                birth_date=date(1990, 5, 15),
            )

tests\integration\test_e2e_patient_flow.py:52: 
_ _ _ _ _ _ _ _ _ _ _ _ _ _ _ _ _ _ _ _ _ _ _ _ _ _ _ _ _ _ _ _ _ _ _ _ _ _ _ _
<string>:4: in __init__
    ???
C:\Program Files\Python311\Lib\site-packages\sqlalchemy\orm\state.py:571: in _initialize_instance
    with util.safe_reraise():
C:\Program Files\Python311\Lib\site-packages\sqlalchemy\util\langhelpers.py:224: in __exit__
    raise exc_value.with_traceback(exc_tb)
C:\Program Files\Python311\Lib\site-packages\sqlalchemy\orm\state.py:569: in _initialize_instance
    manager.original_init(*mixed[1:], **kwargs)
_ _ _ _ _ _ _ _ _ _ _ _ _ _ _ _ _ _ _ _ _ _ _ _ _ _ _ _ _ _ _ _ _ _ _ _ _ _ _ _

self = <app.models.patient.Patient object at 0x000001EC12654750>
kwargs = {'birth_date': datetime.date(1990, 5, 15), 'email': 'e2e_patient@test.com', 'first_name': '╥хёЄ', 'last_name': '╧рЎшхэЄют', ...}
cls_ = <class 'app.models.patient.Patient'>, k = 'email'

    def _declarative_constructor(self: Any, **kwargs: Any) -> None:
        """A simple constructor that allows initialization from kwargs.
    
        Sets attributes on the constructed instance using the names and
        values in ``kwargs``.
    
        Only keys that are present as
        attributes of the instance's class are allowed. These could be,
        for example, any mapped columns or relationships.
        """
        cls_ = type(self)
        for k in kwargs:
            if not hasattr(cls_, k):
>               raise TypeError(
                    "%r is an invalid keyword argument for %s" % (k, cls_.__name__)
                )
E               TypeError: 'email' is an invalid keyword argument for Patient

C:\Program Files\Python311\Lib\site-packages\sqlalchemy\orm\decl_base.py:2179: TypeError
_______ ERROR at setup of TestPaymentFlow.test_create_payment_for_visit _______

fixturedef = <FixtureDef argname='auth_headers' scope='function' baseid='tests'>
request = <SubRequest 'auth_headers' for <Function test_create_payment_for_visit>>

    @pytest.hookimpl(wrapper=True)
    def pytest_fixture_setup(fixturedef: FixtureDef, request) -> object | None:
        asyncio_mode = _get_asyncio_mode(request.config)
        if not _is_asyncio_fixture_function(fixturedef.func):
            if asyncio_mode == Mode.STRICT:
                # Ignore async fixtures without explicit asyncio mark in strict mode
                # This applies to pytest_trio fixtures, for example
>               return (yield)
                        ^^^^^

C:\Program Files\Python311\Lib\site-packages\pytest_asyncio\plugin.py:681: 
_ _ _ _ _ _ _ _ _ _ _ _ _ _ _ _ _ _ _ _ _ _ _ _ _ _ _ _ _ _ _ _ _ _ _ _ _ _ _ _

client = <starlette.testclient.TestClient object at 0x000001EC1231F510>
admin_user = <app.models.user.User object at 0x000001EC12667010>

    @pytest.fixture(scope="function")
    def auth_headers(client, admin_user):
        """╤ючфрхЄ чруюыютъш ртЄюЁшчрЎшш фы  рфьшэшёЄЁрЄюЁр"""
        response = client.post(
            "/api/v1/authentication/login",
            json={"username": admin_user.username, "password": "admin123"},
        )
>       assert response.status_code == 200
E       assert 401 == 200
E        +  where 401 = <Response [401 Unauthorized]>.status_code

tests\conftest.py:367: AssertionError
---------------------------- Captured stdout setup ----------------------------
DEBUG: Login endpoint called with username=test_admin
DEBUG: IP=testclient, UserAgent=testclient
DEBUG: Service obtained: <app.services.authentication_service.AuthenticationService object at 0x000001EC680B1C50>
DEBUG: login_user result: {'success': False, 'message': '─ы  Ёюыш Admin ЄЁхсєхЄё  эрёЄЁющър фтєїЇръЄюЁэющ рєЄхэЄшЇшърЎшш (2FA). ╧юцрыєщёЄр, эрёЄЁющЄх 2FA яхЁхф тїюфюь.', 'user': None, 'tokens': None, 'requires_2fa': False, 'requires_2fa_setup': True, 'two_factor_method': None}
DEBUG: Authentication failed, raising HTTPException
DEBUG: Result details: {'success': False, 'message': '─ы  Ёюыш Admin ЄЁхсєхЄё  эрёЄЁющър фтєїЇръЄюЁэющ рєЄхэЄшЇшърЎшш (2FA). ╧юцрыєщёЄр, эрёЄЁющЄх 2FA яхЁхф тїюфюь.', 'user': None, 'tokens': None, 'requires_2fa': False, 'requires_2fa_setup': True, 'two_factor_method': None}
______ ERROR at setup of TestPaymentFlow.test_get_pending_payments_list _______

fixturedef = <FixtureDef argname='auth_headers' scope='function' baseid='tests'>
request = <SubRequest 'auth_headers' for <Function test_get_pending_payments_list>>

    @pytest.hookimpl(wrapper=True)
    def pytest_fixture_setup(fixturedef: FixtureDef, request) -> object | None:
        asyncio_mode = _get_asyncio_mode(request.config)
        if not _is_asyncio_fixture_function(fixturedef.func):
            if asyncio_mode == Mode.STRICT:
                # Ignore async fixtures without explicit asyncio mark in strict mode
                # This applies to pytest_trio fixtures, for example
>               return (yield)
                        ^^^^^

C:\Program Files\Python311\Lib\site-packages\pytest_asyncio\plugin.py:681: 
_ _ _ _ _ _ _ _ _ _ _ _ _ _ _ _ _ _ _ _ _ _ _ _ _ _ _ _ _ _ _ _ _ _ _ _ _ _ _ _

client = <starlette.testclient.TestClient object at 0x000001EC12413210>
admin_user = <app.models.user.User object at 0x000001EC123288D0>

    @pytest.fixture(scope="function")
    def auth_headers(client, admin_user):
        """╤ючфрхЄ чруюыютъш ртЄюЁшчрЎшш фы  рфьшэшёЄЁрЄюЁр"""
        response = client.post(
            "/api/v1/authentication/login",
            json={"username": admin_user.username, "password": "admin123"},
        )
>       assert response.status_code == 200
E       assert 401 == 200
E        +  where 401 = <Response [401 Unauthorized]>.status_code

tests\conftest.py:367: AssertionError
---------------------------- Captured stdout setup ----------------------------
DEBUG: Login endpoint called with username=test_admin
DEBUG: IP=testclient, UserAgent=testclient
DEBUG: Service obtained: <app.services.authentication_service.AuthenticationService object at 0x000001EC680B1C50>
DEBUG: login_user result: {'success': False, 'message': '─ы  Ёюыш Admin ЄЁхсєхЄё  эрёЄЁющър фтєїЇръЄюЁэющ рєЄхэЄшЇшърЎшш (2FA). ╧юцрыєщёЄр, эрёЄЁющЄх 2FA яхЁхф тїюфюь.', 'user': None, 'tokens': None, 'requires_2fa': False, 'requires_2fa_setup': True, 'two_factor_method': None}
DEBUG: Authentication failed, raising HTTPException
DEBUG: Result details: {'success': False, 'message': '─ы  Ёюыш Admin ЄЁхсєхЄё  эрёЄЁющър фтєїЇръЄюЁэющ рєЄхэЄшЇшърЎшш (2FA). ╧юцрыєщёЄр, эрёЄЁющЄх 2FA яхЁхф тїюфюь.', 'user': None, 'tokens': None, 'requires_2fa': False, 'requires_2fa_setup': True, 'two_factor_method': None}
__________ ERROR at setup of TestPaymentFlow.test_get_payment_status __________

fixturedef = <FixtureDef argname='auth_headers' scope='function' baseid='tests'>
request = <SubRequest 'auth_headers' for <Function test_get_payment_status>>

    @pytest.hookimpl(wrapper=True)
    def pytest_fixture_setup(fixturedef: FixtureDef, request) -> object | None:
        asyncio_mode = _get_asyncio_mode(request.config)
        if not _is_asyncio_fixture_function(fixturedef.func):
            if asyncio_mode == Mode.STRICT:
                # Ignore async fixtures without explicit asyncio mark in strict mode
                # This applies to pytest_trio fixtures, for example
>               return (yield)
                        ^^^^^

C:\Program Files\Python311\Lib\site-packages\pytest_asyncio\plugin.py:681: 
_ _ _ _ _ _ _ _ _ _ _ _ _ _ _ _ _ _ _ _ _ _ _ _ _ _ _ _ _ _ _ _ _ _ _ _ _ _ _ _

client = <starlette.testclient.TestClient object at 0x000001EC1232B290>
admin_user = <app.models.user.User object at 0x000001EC1270FFD0>

    @pytest.fixture(scope="function")
    def auth_headers(client, admin_user):
        """╤ючфрхЄ чруюыютъш ртЄюЁшчрЎшш фы  рфьшэшёЄЁрЄюЁр"""
        response = client.post(
            "/api/v1/authentication/login",
            json={"username": admin_user.username, "password": "admin123"},
        )
>       assert response.status_code == 200
E       assert 401 == 200
E        +  where 401 = <Response [401 Unauthorized]>.status_code

tests\conftest.py:367: AssertionError
---------------------------- Captured stdout setup ----------------------------
DEBUG: Login endpoint called with username=test_admin
DEBUG: IP=testclient, UserAgent=testclient
DEBUG: Service obtained: <app.services.authentication_service.AuthenticationService object at 0x000001EC680B1C50>
DEBUG: login_user result: {'success': False, 'message': '─ы  Ёюыш Admin ЄЁхсєхЄё  эрёЄЁющър фтєїЇръЄюЁэющ рєЄхэЄшЇшърЎшш (2FA). ╧юцрыєщёЄр, эрёЄЁющЄх 2FA яхЁхф тїюфюь.', 'user': None, 'tokens': None, 'requires_2fa': False, 'requires_2fa_setup': True, 'two_factor_method': None}
DEBUG: Authentication failed, raising HTTPException
DEBUG: Result details: {'success': False, 'message': '─ы  Ёюыш Admin ЄЁхсєхЄё  эрёЄЁющър фтєїЇръЄюЁэющ рєЄхэЄшЇшърЎшш (2FA). ╧юцрыєщёЄр, эрёЄЁющЄх 2FA яхЁхф тїюфюь.', 'user': None, 'tokens': None, 'requires_2fa': False, 'requires_2fa_setup': True, 'two_factor_method': None}
______ ERROR at setup of TestPaymentFlow.test_payment_receipt_generation ______

fixturedef = <FixtureDef argname='auth_headers' scope='function' baseid='tests'>
request = <SubRequest 'auth_headers' for <Function test_payment_receipt_generation>>

    @pytest.hookimpl(wrapper=True)
    def pytest_fixture_setup(fixturedef: FixtureDef, request) -> object | None:
        asyncio_mode = _get_asyncio_mode(request.config)
        if not _is_asyncio_fixture_function(fixturedef.func):
            if asyncio_mode == Mode.STRICT:
                # Ignore async fixtures without explicit asyncio mark in strict mode
                # This applies to pytest_trio fixtures, for example
>               return (yield)
                        ^^^^^

C:\Program Files\Python311\Lib\site-packages\pytest_asyncio\plugin.py:681: 
_ _ _ _ _ _ _ _ _ _ _ _ _ _ _ _ _ _ _ _ _ _ _ _ _ _ _ _ _ _ _ _ _ _ _ _ _ _ _ _

client = <starlette.testclient.TestClient object at 0x000001EC121F87D0>
admin_user = <app.models.user.User object at 0x000001EC126D9710>

    @pytest.fixture(scope="function")
    def auth_headers(client, admin_user):
        """╤ючфрхЄ чруюыютъш ртЄюЁшчрЎшш фы  рфьшэшёЄЁрЄюЁр"""
        response = client.post(
            "/api/v1/authentication/login",
            json={"username": admin_user.username, "password": "admin123"},
        )
>       assert response.status_code == 200
E       assert 401 == 200
E        +  where 401 = <Response [401 Unauthorized]>.status_code

tests\conftest.py:367: AssertionError
---------------------------- Captured stdout setup ----------------------------
DEBUG: Login endpoint called with username=test_admin
DEBUG: IP=testclient, UserAgent=testclient
DEBUG: Service obtained: <app.services.authentication_service.AuthenticationService object at 0x000001EC680B1C50>
DEBUG: login_user result: {'success': False, 'message': '─ы  Ёюыш Admin ЄЁхсєхЄё  эрёЄЁющър фтєїЇръЄюЁэющ рєЄхэЄшЇшърЎшш (2FA). ╧юцрыєщёЄр, эрёЄЁющЄх 2FA яхЁхф тїюфюь.', 'user': None, 'tokens': None, 'requires_2fa': False, 'requires_2fa_setup': True, 'two_factor_method': None}
DEBUG: Authentication failed, raising HTTPException
DEBUG: Result details: {'success': False, 'message': '─ы  Ёюыш Admin ЄЁхсєхЄё  эрёЄЁющър фтєїЇръЄюЁэющ рєЄхэЄшЇшърЎшш (2FA). ╧юцрыєщёЄр, эрёЄЁющЄх 2FA яхЁхф тїюфюь.', 'user': None, 'tokens': None, 'requires_2fa': False, 'requires_2fa_setup': True, 'two_factor_method': None}
_______ ERROR at setup of TestPaymentProviders.test_click_payment_init ________

fixturedef = <FixtureDef argname='auth_headers' scope='function' baseid='tests'>
request = <SubRequest 'auth_headers' for <Function test_click_payment_init>>

    @pytest.hookimpl(wrapper=True)
    def pytest_fixture_setup(fixturedef: FixtureDef, request) -> object | None:
        asyncio_mode = _get_asyncio_mode(request.config)
        if not _is_asyncio_fixture_function(fixturedef.func):
            if asyncio_mode == Mode.STRICT:
                # Ignore async fixtures without explicit asyncio mark in strict mode
                # This applies to pytest_trio fixtures, for example
>               return (yield)
                        ^^^^^

C:\Program Files\Python311\Lib\site-packages\pytest_asyncio\plugin.py:681: 
_ _ _ _ _ _ _ _ _ _ _ _ _ _ _ _ _ _ _ _ _ _ _ _ _ _ _ _ _ _ _ _ _ _ _ _ _ _ _ _

client = <starlette.testclient.TestClient object at 0x000001EC1083C050>
admin_user = <app.models.user.User object at 0x000001EC1232DF10>

    @pytest.fixture(scope="function")
    def auth_headers(client, admin_user):
        """╤ючфрхЄ чруюыютъш ртЄюЁшчрЎшш фы  рфьшэшёЄЁрЄюЁр"""
        response = client.post(
            "/api/v1/authentication/login",
            json={"username": admin_user.username, "password": "admin123"},
        )
>       assert response.status_code == 200
E       assert 401 == 200
E        +  where 401 = <Response [401 Unauthorized]>.status_code

tests\conftest.py:367: AssertionError
---------------------------- Captured stdout setup ----------------------------
DEBUG: Login endpoint called with username=test_admin
DEBUG: IP=testclient, UserAgent=testclient
DEBUG: Service obtained: <app.services.authentication_service.AuthenticationService object at 0x000001EC680B1C50>
[...]
    warn(

..\..\Program Files\Python311\Lib\site-packages\pydantic\_internal\_config.py:323: 51 warnings
  C:\Program Files\Python311\Lib\site-packages\pydantic\_internal\_config.py:323: PydanticDeprecatedSince20: Support for class-based `config` is deprecated, use ConfigDict instead. Deprecated in Pydantic V2.0 to be removed in V3.0. See Pydantic V2 Migration Guide at https://errors.pydantic.dev/2.11/migration/
    warnings.warn(DEPRECATION_MESSAGE, DeprecationWarning)

..\..\Program Files\Python311\Lib\site-packages\pydantic\fields.py:1068
..\..\Program Files\Python311\Lib\site-packages\pydantic\fields.py:1068
..\..\Program Files\Python311\Lib\site-packages\pydantic\fields.py:1068
  C:\Program Files\Python311\Lib\site-packages\pydantic\fields.py:1068: PydanticDeprecatedSince20: `max_items` is deprecated and will be removed, use `max_length` instead. Deprecated in Pydantic V2.0 to be removed in V3.0. See Pydantic V2 Migration Guide at https://errors.pydantic.dev/2.11/migration/
    warn('`max_items` is deprecated and will be removed, use `max_length` instead', DeprecationWarning)

..\..\Program Files\Python311\Lib\site-packages\pydantic\fields.py:1062
..\..\Program Files\Python311\Lib\site-packages\pydantic\fields.py:1062
..\..\Program Files\Python311\Lib\site-packages\pydantic\fields.py:1062
..\..\Program Files\Python311\Lib\site-packages\pydantic\fields.py:1062
..\..\Program Files\Python311\Lib\site-packages\pydantic\fields.py:1062
..\..\Program Files\Python311\Lib\site-packages\pydantic\fields.py:1062
  C:\Program Files\Python311\Lib\site-packages\pydantic\fields.py:1062: PydanticDeprecatedSince20: `min_items` is deprecated and will be removed, use `min_length` instead. Deprecated in Pydantic V2.0 to be removed in V3.0. See Pydantic V2 Migration Guide at https://errors.pydantic.dev/2.11/migration/
    warn('`min_items` is deprecated and will be removed, use `min_length` instead', DeprecationWarning)

tests\integration\test_e2e_doctor_visit.py:155
  C:\final\backend\tests\integration\test_e2e_doctor_visit.py:155: PytestUnknownMarkWarning: Unknown pytest.mark.e2e - is this a typo?  You can register custom marks to avoid this warning - for details, see https://docs.pytest.org/en/stable/how-to/mark.html
    @pytest.mark.e2e

tests\integration\test_e2e_doctor_visit.py:315
  C:\final\backend\tests\integration\test_e2e_doctor_visit.py:315: PytestUnknownMarkWarning: Unknown pytest.mark.e2e - is this a typo?  You can register custom marks to avoid this warning - for details, see https://docs.pytest.org/en/stable/how-to/mark.html
    @pytest.mark.e2e

tests\integration\test_e2e_doctor_visit.py:353
  C:\final\backend\tests\integration\test_e2e_doctor_visit.py:353: PytestUnknownMarkWarning: Unknown pytest.mark.e2e - is this a typo?  You can register custom marks to avoid this warning - for details, see https://docs.pytest.org/en/stable/how-to/mark.html
    @pytest.mark.e2e

tests\integration\test_e2e_patient_flow.py:140
  C:\final\backend\tests\integration\test_e2e_patient_flow.py:140: PytestUnknownMarkWarning: Unknown pytest.mark.e2e - is this a typo?  You can register custom marks to avoid this warning - for details, see https://docs.pytest.org/en/stable/how-to/mark.html
    @pytest.mark.e2e

tests\integration\test_e2e_patient_flow.py:305
  C:\final\backend\tests\integration\test_e2e_patient_flow.py:305: PytestUnknownMarkWarning: Unknown pytest.mark.e2e - is this a typo?  You can register custom marks to avoid this warning - for details, see https://docs.pytest.org/en/stable/how-to/mark.html
    @pytest.mark.e2e

tests\integration\test_e2e_payment_flow.py:92
  C:\final\backend\tests\integration\test_e2e_payment_flow.py:92: PytestUnknownMarkWarning: Unknown pytest.mark.e2e - is this a typo?  You can register custom marks to avoid this warning - for details, see https://docs.pytest.org/en/stable/how-to/mark.html
    @pytest.mark.e2e

tests\integration\test_e2e_payment_flow.py:212
  C:\final\backend\tests\integration\test_e2e_payment_flow.py:212: PytestUnknownMarkWarning: Unknown pytest.mark.e2e - is this a typo?  You can register custom marks to avoid this warning - for details, see https://docs.pytest.org/en/stable/how-to/mark.html
    @pytest.mark.e2e

tests\integration\test_e2e_payment_flow.py:247
  C:\final\backend\tests\integration\test_e2e_payment_flow.py:247: PytestUnknownMarkWarning: Unknown pytest.mark.e2e - is this a typo?  You can register custom marks to avoid this warning - for details, see https://docs.pytest.org/en/stable/how-to/mark.html
    @pytest.mark.e2e

tests/integration/test_e2e_clinic.py::test_e2e_clinic_flow
tests/integration/test_e2e_clinic.py::test_e2e_clinic_flow
tests/integration/test_e2e_clinic.py::test_e2e_clinic_flow
tests/integration/test_rbac_matrix.py::TestPositiveRBAC::test_admin_can_create_patient
tests/integration/test_rbac_matrix.py::TestPositiveRBAC::test_registrar_can_create_patient
  C:\final\backend\app\crud\base.py:30: PydanticDeprecatedSince20: The `dict` method is deprecated; use `model_dump` instead. Deprecated in Pydantic V2.0 to be removed in V3.0. See Pydantic V2 Migration Guide at https://errors.pydantic.dev/2.11/migration/
    data: Dict[str, Any] = obj_in.dict(exclude_unset=True)

tests/integration/test_e2e_clinic.py::test_e2e_clinic_flow
tests/integration/test_e2e_clinic.py::test_e2e_clinic_flow
tests/integration/test_e2e_clinic.py::test_e2e_clinic_flow
tests/integration/test_rbac_matrix.py::TestPositiveRBAC::test_doctor_can_read_patient
  C:\final\backend\app\crud\base.py:21: LegacyAPIWarning: The Query.get() method is considered legacy as of the 1.x series of SQLAlchemy and becomes a legacy construct in 2.0. The method is now available as Session.get() (deprecated since: 2.0) (Background on SQLAlchemy 2.0 at: https://sqlalche.me/e/b8d9)
    return db.query(self.model).get(id)

tests/integration/test_e2e_clinic.py::test_e2e_clinic_flow
  C:\final\backend\app\api\v1\endpoints\appointment_flow.py:389: PydanticDeprecatedSince20: The `from_orm` method is deprecated; set `model_config['from_attributes']=True` and use `model_validate` instead. Deprecated in Pydantic V2.0 to be removed in V3.0. See Pydantic V2 Migration Guide at https://errors.pydantic.dev/2.11/migration/
    emr_dict = EMRSchema.from_orm(new_emr).dict()

tests/integration/test_e2e_clinic.py::test_e2e_clinic_flow
  C:\final\backend\app\api\v1\endpoints\appointment_flow.py:389: PydanticDeprecatedSince20: The `dict` method is deprecated; use `model_dump` instead. Deprecated in Pydantic V2.0 to be removed in V3.0. See Pydantic V2 Migration Guide at https://errors.pydantic.dev/2.11/migration/
    emr_dict = EMRSchema.from_orm(new_emr).dict()

-- Docs: https://docs.pytest.org/en/stable/how-to/capture-warnings.html
=========================== short test summary info ===========================
FAILED tests/integration/test_api_integration.py::TestAPIIntegration::test_health_endpoint
FAILED tests/integration/test_api_integration.py::TestAPIIntegration::test_status_endpoint
FAILED tests/integration/test_api_integration.py::TestAPIIntegration::test_api_responsiveness
FAILED tests/integration/test_e2e_patient_flow.py::TestPatientAuthFlow::test_unauthorized_access_rejected
FAILED tests/integration/test_e2e_patient_flow.py::TestPatientAuthFlow::test_invalid_token_rejected
FAILED tests/integration/test_queue_batch_api.py::TestQueueBatchAPI::test_empty_services_list_error
FAILED tests/integration/test_server_integration.py::test_health_endpoint - r...
FAILED tests/integration/test_server_integration.py::test_status_endpoint - r...
FAILED tests/integration/test_server_integration.py::test_openapi_docs - requ...
FAILED tests/integration/test_visit_confirmation_api.py::TestVisitConfirmationAPI::test_confirm_visit_telegram_invalid_token
FAILED tests/test_audit_logs.py::test_audit_log_create_patient - KeyError: 'a...
FAILED tests/test_audit_logs.py::test_audit_log_update_patient - KeyError: 'a...
FAILED tests/test_audit_logs.py::test_audit_log_delete_patient - KeyError: 'a...
FAILED tests/test_audit_logs.py::test_audit_log_create_payment_init - KeyErro...
FAILED tests/test_audit_logs.py::test_audit_log_request_id - KeyError: 'acces...
FAILED tests/test_file_security.py::TestFileSecurity::test_file_hash_is_computed_on_upload
FAILED tests/test_file_security.py::TestFileSecurity::test_file_versioning_on_content_replace
FAILED tests/test_file_security.py::TestFileSecurity::test_file_hash_consistency
FAILED tests/test_file_security.py::TestFileSecurity::test_file_version_hash_required
FAILED tests/test_security_middleware.py::TestRateLimiting::test_rate_limit_login_endpoint
FAILED tests/test_security_middleware.py::TestRateLimiting::test_rate_limit_2fa_verify
FAILED tests/test_security_middleware.py::TestRateLimiting::test_rate_limit_password_reset
FAILED tests/test_security_middleware.py::TestRateLimiting::test_rate_limit_headers
FAILED tests/test_security_middleware.py::TestBruteForceProtection::test_brute_force_login_blocked
FAILED tests/test_security_middleware.py::TestBruteForceProtection::test_brute_force_2fa_blocked
FAILED tests/test_security_middleware.py::TestSecurityMiddlewareIntegration::test_rate_limit_reset_after_window
FAILED tests/unit/test_migration_service.py::TestMigrationService::test_backup_queue_data_empty
FAILED tests/unit/test_migration_service.py::TestMigrationService::test_cleanup_old_data_empty
ERROR tests/integration/test_e2e_doctor_visit.py::TestDoctorVisitFlow::test_doctor_can_view_queue
ERROR tests/integration/test_e2e_doctor_visit.py::TestDoctorVisitFlow::test_doctor_can_call_next_patient
ERROR tests/integration/test_e2e_doctor_visit.py::TestDoctorVisitFlow::test_doctor_can_start_visit
ERROR tests/integration/test_e2e_doctor_visit.py::TestDoctorVisitFlow::test_doctor_can_fill_emr
ERROR tests/integration/test_e2e_doctor_visit.py::TestDoctorVisitFlow::test_doctor_can_use_emr_template
ERROR tests/integration/test_e2e_doctor_visit.py::TestDoctorVisitFlow::test_doctor_can_add_diagnosis_with_ai_suggestion
ERROR tests/integration/test_e2e_doctor_visit.py::TestDoctorVisitFlow::test_doctor_can_generate_prescription_pdf
ERROR tests/integration/test_e2e_doctor_visit.py::TestDoctorVisitFlow::test_doctor_can_complete_visit
ERROR tests/integration/test_e2e_doctor_visit.py::TestDoctorQueueManagement::test_doctor_can_skip_patient
ERROR tests/integration/test_e2e_doctor_visit.py::TestDoctorQueueManagement::test_doctor_can_get_patient_history
ERROR tests/integration/test_e2e_doctor_visit.py::TestDoctorSecurity::test_doctor_cannot_access_admin_routes
ERROR tests/integration/test_e2e_doctor_visit.py::TestDoctorSecurity::test_doctor_cannot_view_other_doctor_queue
ERROR tests/integration/test_e2e_migration_flow.py::TestE2EMigrationFlow::test_complete_migration_flow
ERROR tests/integration/test_e2e_migration_flow.py::TestE2EMigrationFlow::test_migration_with_old_data_cleanup
ERROR tests/integration/test_e2e_migration_flow.py::TestE2EMigrationFlow::test_error_recovery_in_migration_flow
ERROR tests/integration/test_e2e_migration_flow.py::TestE2EMigrationFlow::test_concurrent_migration_operations
ERROR tests/integration/test_e2e_patient_flow.py::TestPatientFlow::test_patient_can_view_appointments
ERROR tests/integration/test_e2e_patient_flow.py::TestPatientFlow::test_patient_can_view_single_appointment
ERROR tests/integration/test_e2e_patient_flow.py::TestPatientFlow::test_patient_can_cancel_future_appointment
ERROR tests/integration/test_e2e_patient_flow.py::TestPatientFlow::test_patient_cannot_cancel_soon_appointment
ERROR tests/integration/test_e2e_patient_flow.py::TestPatientFlow::test_patient_can_reschedule_appointment
ERROR tests/integration/test_e2e_patient_flow.py::TestPatientFlow::test_patient_can_get_available_slots
ERROR tests/integration/test_e2e_patient_flow.py::TestPatientFlow::test_patient_can_view_results
ERROR tests/integration/test_e2e_patient_flow.py::TestPatientFlow::test_patient_cannot_view_others_appointments
ERROR tests/integration/test_e2e_payment_flow.py::TestPaymentFlow::test_create_payment_for_visit
ERROR tests/integration/test_e2e_payment_flow.py::TestPaymentFlow::test_get_pending_payments_list
ERROR tests/integration/test_e2e_payment_flow.py::TestPaymentFlow::test_get_payment_status
ERROR tests/integration/test_e2e_payment_flow.py::TestPaymentFlow::test_payment_receipt_generation
ERROR tests/integration/test_e2e_payment_flow.py::TestPaymentProviders::test_click_payment_init
ERROR tests/integration/test_e2e_payment_flow.py::TestPaymentProviders::test_payme_payment_init
ERROR tests/integration/test_e2e_payment_flow.py::TestPaymentSecurity::test_invalid_amount_rejected
ERROR tests/integration/test_e2e_visit_flow.py::TestE2EVisitFlow::test_complete_visit_flow_today
ERROR tests/integration/test_e2e_visit_flow.py::TestE2EVisitFlow::test_complete_visit_flow_future_date
ERROR tests/integration/test_e2e_visit_flow.py::TestE2EVisitFlow::test_morning_assignment_flow
ERROR tests/integration/test_e2e_visit_flow.py::TestE2EVisitFlow::test_registrar_confirmation_flow
ERROR tests/integration/test_e2e_visit_flow.py::TestE2EVisitFlow::test_multiple_services_queue_assignment
ERROR tests/integration/test_e2e_visit_flow.py::TestE2EVisitFlow::test_error_handling_in_flow
ERROR tests/integration/test_e2e_visit_flow.py::TestE2EVisitFlow::test_notification_integration
ERROR tests/integration/test_migration_management_api.py::TestMigrationManagementAPI::test_check_migration_health_success
ERROR tests/integration/test_migration_management_api.py::TestMigrationManagementAPI::test_check_data_integrity_success
ERROR tests/integration/test_migration_management_api.py::TestMigrationManagementAPI::test_check_data_integrity_with_data
ERROR tests/integration/test_migration_management_api.py::TestMigrationManagementAPI::test_get_migration_stats_success
ERROR tests/integration/test_migration_management_api.py::TestMigrationManagementAPI::test_get_migration_stats_with_data
ERROR tests/integration/test_migration_management_api.py::TestMigrationManagementAPI::test_migrate_legacy_data_success
ERROR tests/integration/test_migration_management_api.py::TestMigrationManagementAPI::test_backup_queue_data_success
ERROR tests/integration/test_migration_management_api.py::TestMigrationManagementAPI::test_backup_queue_data_specific_date
ERROR tests/integration/test_migration_management_api.py::TestMigrationManagementAPI::test_backup_queue_data_invalid_date
ERROR tests/integration/test_migration_management_api.py::TestMigrationManagementAPI::test_restore_queue_data_success
ERROR tests/integration/test_migration_management_api.py::TestMigrationManagementAPI::test_restore_queue_data_file_not_found
ERROR tests/integration/test_migration_management_api.py::TestMigrationManagementAPI::test_cleanup_old_data_success
ERROR tests/integration/test_migration_management_api.py::TestMigrationManagementAPI::test_cleanup_old_data_with_old_data
ERROR tests/integration/test_migration_management_api.py::TestMigrationManagementAPI::test_cleanup_old_data_invalid_days
ERROR tests/integration/test_migration_management_api.py::TestMigrationManagementAPI::test_cleanup_old_data_max_days
ERROR tests/integration/test_migration_management_api.py::TestMigrationManagementAPI::test_api_error_handling
ERROR tests/integration/test_queue_batch_api.py::TestQueueBatchAPI::test_create_single_queue_entry_success
ERROR tests/integration/test_queue_batch_api.py::TestQueueBatchAPI::test_create_multiple_queue_entries_different_specialists
ERROR tests/integration/test_queue_batch_api.py::TestQueueBatchAPI::test_source_preservation
ERROR tests/integration/test_queue_batch_api.py::TestQueueBatchAPI::test_duplicate_detection
ERROR tests/integration/test_queue_batch_api.py::TestQueueBatchAPI::test_service_grouping_by_specialist
ERROR tests/integration/test_queue_batch_api.py::TestQueueBatchAPI::test_auto_create_daily_queue
ERROR tests/integration/test_queue_batch_api.py::TestQueueBatchAPI::test_patient_not_found_error
ERROR tests/integration/test_queue_batch_api.py::TestQueueBatchAPI::test_service_not_found_error
ERROR tests/integration/test_queue_batch_api.py::TestQueueBatchAPI::test_specialist_not_found_error
ERROR tests/integration/test_queue_batch_api.py::TestQueueBatchAPI::test_invalid_source_error
ERROR tests/integration/test_queue_batch_api.py::TestQueueBatchAPI::test_admin_access_allowed
ERROR tests/integration/test_queue_batch_api.py::TestQueueBatchAPI::test_registrar_access_allowed
ERROR tests/integration/test_queue_batch_api.py::TestQueueBatchAPI::test_doctor_access_denied
ERROR tests/integration/test_queue_batch_api.py::TestQueueBatchAPI::test_unauthenticated_access_denied
ERROR tests/integration/test_queue_batch_api.py::TestQueueBatchAPI::test_fair_queue_numbering
ERROR tests/integration/test_visit_confirmation_api.py::TestVisitConfirmationAPI::test_get_visit_info_success
ERROR tests/integration/test_visit_confirmation_api.py::TestVisitConfirmationAPI::test_get_visit_info_expired_token
ERROR tests/integration/test_visit_confirmation_api.py::TestVisitConfirmationAPI::test_confirm_visit_telegram_success
ERROR tests/integration/test_visit_confirmation_api.py::TestVisitConfirmationAPI::test_confirm_visit_telegram_wrong_channel
ERROR tests/integration/test_visit_confirmation_api.py::TestVisitConfirmationAPI::test_confirm_visit_pwa_success
ERROR tests/integration/test_visit_confirmation_api.py::TestVisitConfirmationAPI::test_confirm_visit_pwa_phone_mismatch
ERROR tests/integration/test_visit_confirmation_api.py::TestVisitConfirmationAPI::test_confirm_visit_registrar_success
ERROR tests/integration/test_visit_confirmation_api.py::TestVisitConfirmationAPI::test_confirm_visit_registrar_unauthorized
ERROR tests/integration/test_visit_confirmation_api.py::TestVisitConfirmationAPI::test_confirm_visit_registrar_wrong_role
ERROR tests/integration/test_visit_confirmation_api.py::TestVisitConfirmationAPI::test_confirm_visit_creates_queue_entry_today
ERROR tests/integration/test_visit_confirmation_api.py::TestVisitConfirmationAPI::test_confirm_visit_no_queue_entry_future_date
ERROR tests/integration/test_visit_confirmation_api.py::TestVisitConfirmationAPI::test_confirm_visit_updates_status
ERROR tests/integration/test_visit_confirmation_api.py::TestVisitConfirmationAPI::test_confirm_visit_rate_limiting
ERROR tests/integration/test_visit_confirmation_api.py::TestVisitConfirmationAPI::test_confirm_visit_security_validation
ERROR tests/unit/test_confirmation_security.py::TestConfirmationSecurityService::test_validate_confirmation_request_valid_token
ERROR tests/unit/test_confirmation_security.py::TestConfirmationSecurityService::test_validate_confirmation_request_expired_token
ERROR tests/unit/test_confirmation_security.py::TestConfirmationSecurityService::test_validate_confirmation_request_wrong_status
ERROR tests/unit/test_confirmation_security.py::TestConfirmationSecurityService::test_validate_confirmation_request_suspicious_user_agent
ERROR tests/unit/test_confirmation_security.py::TestConfirmationSecurityService::test_record_confirmation_attempt_success
ERROR tests/unit/test_confirmation_security.py::TestConfirmationSecurityService::test_record_confirmation_attempt_failure
ERROR tests/unit/test_confirmation_security.py::TestConfirmationSecurityService::test_logging_security_events
ERROR tests/unit/test_migration_service.py::TestMigrationService::test_check_data_integrity_with_data
ERROR tests/unit/test_migration_service.py::TestMigrationService::test_backup_queue_data_with_data
=========== 28 failed, 141 passed, 80 warnings, 92 errors in 40.66s ===========
